Running on host compute173.bc4.acrc.priv
Time is Sun Aug 22 14:56:37 BST 2021
Directory is /mnt/storage/scratch/um20242/RAPIQUE-main
Slurm job ID is 4698343
This jobs runs on the following machines:
compute[173,183,194,246,255,259]
Evaluating algorithm RAPIQUE with SVR on dataset YOUTUBE_UGC ...
Fitting 5 folds for each of 100 candidates, totalling 500 fits
[Parallel(n_jobs=4)]: Using backend LokyBackend with 4 concurrent workers.
[CV] C=2.0, gamma=0.00390625 .........................................
[CV] .......................... C=2.0, gamma=0.00390625, total=   6.9s
[CV] C=2.0, gamma=0.0078125 ..........................................
[CV] ........................... C=2.0, gamma=0.0078125, total=   6.7s
[CV] C=2.0, gamma=0.0078125 ..........................................
[CV] ........................... C=2.0, gamma=0.0078125, total=   7.1s
[CV] C=2.0, gamma=0.015625 ...........................................
[CV] ............................ C=2.0, gamma=0.015625, total=   7.0s
[CV] C=2.0, gamma=0.03125 ............................................
[CV] ............................. C=2.0, gamma=0.03125, total=   6.9s
[CV] C=2.0, gamma=0.0625 .............................................
[CV] .............................. C=2.0, gamma=0.0625, total=   7.0s
[CV] C=2.0, gamma=0.125 ..............................................
[CV] ............................... C=2.0, gamma=0.125, total=   7.1s
[CV] C=2.0, gamma=0.25 ...............................................
[CV] ................................ C=2.0, gamma=0.25, total=   7.0s
[CV] C=2.0, gamma=0.25 ...............................................
[CV] ................................ C=2.0, gamma=0.25, total=   7.0s
[CV] C=2.0, gamma=0.5 ................................................
[CV] ................................. C=2.0, gamma=0.5, total=   7.1s
[Parallel(n_jobs=4)]: Done  33 tasks      | elapsed:  1.1min
[CV] C=2.0, gamma=0.00390625 .........................................
[CV] .......................... C=2.0, gamma=0.00390625, total=   6.9s
[CV] C=2.0, gamma=0.0078125 ..........................................
[CV] ........................... C=2.0, gamma=0.0078125, total=   6.4s
[CV] C=2.0, gamma=0.0078125 ..........................................
[CV] ........................... C=2.0, gamma=0.0078125, total=   6.0s
[CV] C=2.0, gamma=0.015625 ...........................................
[CV] ............................ C=2.0, gamma=0.015625, total=   7.1s
[CV] C=2.0, gamma=0.03125 ............................................
[CV] ............................. C=2.0, gamma=0.03125, total=   6.6s
[CV] C=2.0, gamma=0.0625 .............................................
[CV] .............................. C=2.0, gamma=0.0625, total=   7.0s
[CV] C=2.0, gamma=0.0625 .............................................
[CV] .............................. C=2.0, gamma=0.0625, total=   6.9s
[CV] C=2.0, gamma=0.125 ..............................................
[CV] ............................... C=2.0, gamma=0.125, total=   7.0s
[CV] C=2.0, gamma=0.25 ...............................................
[CV] ................................ C=2.0, gamma=0.25, total=   7.1s
[CV] C=2.0, gamma=0.5 ................................................
[CV] ................................. C=2.0, gamma=0.5, total=   7.2s
[CV] C=2.0, gamma=1.0 ................................................
[CV] ................................. C=2.0, gamma=1.0, total=   7.1s
[CV] C=2.0, gamma=1.0 ................................................
[CV] ................................. C=2.0, gamma=1.0, total=   7.2s
[CV] C=2.0, gamma=2.0 ................................................
[CV] ................................. C=2.0, gamma=2.0, total=   7.1s
[CV] C=2.0, gamma=0.00390625 .........................................
[CV] .......................... C=2.0, gamma=0.00390625, total=   6.9s
[CV] C=2.0, gamma=0.0078125 ..........................................
[CV] ........................... C=2.0, gamma=0.0078125, total=   6.9s
[CV] C=2.0, gamma=0.015625 ...........................................
[CV] ............................ C=2.0, gamma=0.015625, total=   7.0s
[CV] C=2.0, gamma=0.03125 ............................................
[CV] ............................. C=2.0, gamma=0.03125, total=   7.1s
[CV] C=2.0, gamma=0.03125 ............................................
[CV] ............................. C=2.0, gamma=0.03125, total=   7.1s
[CV] C=2.0, gamma=0.0625 .............................................
[CV] .............................. C=2.0, gamma=0.0625, total=   7.2s
[CV] C=2.0, gamma=0.125 ..............................................
[CV] ............................... C=2.0, gamma=0.125, total=   7.5s
[CV] C=2.0, gamma=0.25 ...............................................
[CV] ................................ C=2.0, gamma=0.25, total=   7.5s
[CV] C=2.0, gamma=0.5 ................................................
[CV] ................................. C=2.0, gamma=0.5, total=   7.5s
[CV] C=2.0, gamma=0.5 ................................................
[CV] ................................. C=2.0, gamma=0.5, total=   7.4s
[CV] C=2.0, gamma=1.0 ................................................
[CV] ................................. C=2.0, gamma=1.0, total=   7.2s
[CV] C=2.0, gamma=2.0 ................................................
[CV] ................................. C=2.0, gamma=2.0, total=   7.7s
[CV] C=4.0, gamma=0.00390625 .........................................
[CV] .......................... C=4.0, gamma=0.00390625, total=   6.9s
[CV] C=4.0, gamma=0.0078125 ..........................................
[CV] ........................... C=4.0, gamma=0.0078125, total=   6.9s
[CV] C=4.0, gamma=0.0078125 ..........................................
[CV] ........................... C=4.0, gamma=0.0078125, total=   6.9s
[CV] C=4.0, gamma=0.015625 ...........................................
[CV] ............................ C=4.0, gamma=0.015625, total=   6.9s
[CV] C=4.0, gamma=0.03125 ............................................
[CV] ............................. C=4.0, gamma=0.03125, total=   7.1s
[CV] C=4.0, gamma=0.0625 .............................................
[CV] .............................. C=4.0, gamma=0.0625, total=   7.4s
[CV] C=4.0, gamma=0.125 ..............................................
[CV] ............................... C=4.0, gamma=0.125, total=   7.5s
[CV] C=4.0, gamma=0.125 ..............................................
[CV] ............................... C=4.0, gamma=0.125, total=   7.7s
[CV] C=4.0, gamma=0.00390625 .........................................
[CV] .......................... C=4.0, gamma=0.00390625, total=   7.0s
[CV] C=4.0, gamma=0.0078125 ..........................................
[CV] ........................... C=4.0, gamma=0.0078125, total=   6.9s
[CV] C=4.0, gamma=0.015625 ...........................................
[CV] ............................ C=4.0, gamma=0.015625, total=   6.9s
[CV] C=4.0, gamma=0.03125 ............................................
[CV] ............................. C=4.0, gamma=0.03125, total=   7.1s
[CV] C=4.0, gamma=0.0625 .............................................
[CV] .............................. C=4.0, gamma=0.0625, total=   7.4s
[CV] C=4.0, gamma=0.0625 .............................................
[CV] .............................. C=4.0, gamma=0.0625, total=   7.4s
[CV] C=4.0, gamma=0.125 ..............................................
[CV] ............................... C=4.0, gamma=0.125, total=   7.5s
[CV] C=4.0, gamma=0.25 ...............................................
[CV] ................................ C=4.0, gamma=0.25, total=   7.5s
[CV] C=4.0, gamma=0.5 ................................................
[CV] ................................. C=4.0, gamma=0.5, total=   7.6s
[CV] C=4.0, gamma=1.0 ................................................
[CV] ................................. C=4.0, gamma=1.0, total=   7.6s
[CV] C=4.0, gamma=1.0 ................................................
[CV] ................................. C=4.0, gamma=1.0, total=   7.7s
[CV] C=4.0, gamma=2.0 ................................................
[CV] ................................. C=4.0, gamma=2.0, total=   7.6s
[CV] C=8.0, gamma=0.00390625 .........................................
[CV] .......................... C=8.0, gamma=0.00390625, total=   6.7s
[CV] C=8.0, gamma=0.0078125 ..........................................
[CV] ........................... C=8.0, gamma=0.0078125, total=   6.6s
[CV] C=8.0, gamma=0.015625 ...........................................
[CV] ............................ C=8.0, gamma=0.015625, total=   6.9s
[CV] C=8.0, gamma=0.015625 ...........................................
[CV] ............................ C=8.0, gamma=0.015625, total=   7.0s
[CV] C=8.0, gamma=0.03125 ............................................
[CV] ............................. C=8.0, gamma=0.03125, total=   7.1s
[CV] C=8.0, gamma=0.0625 .............................................
[CV] .............................. C=8.0, gamma=0.0625, total=   7.4s
[CV] C=8.0, gamma=0.125 ..............................................
[CV] ............................... C=8.0, gamma=0.125, total=   7.5s
[CV] C=4.0, gamma=0.25 ...............................................
[CV] ................................ C=4.0, gamma=0.25, total=   7.3s
[CV] C=4.0, gamma=0.5 ................................................
[CV] ................................. C=4.0, gamma=0.5, total=   7.4s
[CV] C=4.0, gamma=1.0 ................................................
[CV] ................................. C=4.0, gamma=1.0, total=   7.7s
[CV] C=4.0, gamma=2.0 ................................................
[CV] ................................. C=4.0, gamma=2.0, total=   7.7s
[CV] C=8.0, gamma=0.00390625 .........................................
[CV] .......................... C=8.0, gamma=0.00390625, total=   6.9s
[CV] C=8.0, gamma=0.0078125 ..........................................
[CV] ........................... C=8.0, gamma=0.0078125, total=   7.0s
[CV] C=8.0, gamma=0.0078125 ..........................................
[CV] ........................... C=8.0, gamma=0.0078125, total=   7.0s
[CV] C=8.0, gamma=0.015625 ...........................................
[CV] ............................ C=8.0, gamma=0.015625, total=   6.8s
[CV] C=8.0, gamma=0.03125 ............................................
[CV] ............................. C=8.0, gamma=0.03125, total=   7.1s
[CV] C=8.0, gamma=0.0625 .............................................
[CV] .............................. C=8.0, gamma=0.0625, total=   7.4s
[CV] C=8.0, gamma=0.125 ..............................................
[CV] ............................... C=8.0, gamma=0.125, total=   7.5s
[CV] C=8.0, gamma=0.125 ..............................................
[CV] ............................... C=8.0, gamma=0.125, total=   7.6s
[CV] C=8.0, gamma=0.25 ...............................................
[CV] ................................ C=8.0, gamma=0.25, total=   7.6s
[CV] C=8.0, gamma=0.5 ................................................
[CV] ................................. C=8.0, gamma=0.5, total=   7.8s
[CV] C=8.0, gamma=0.25 ...............................................
[CV] ................................ C=8.0, gamma=0.25, total=   7.7s
[CV] C=8.0, gamma=0.5 ................................................
[CV] ................................. C=8.0, gamma=0.5, total=   7.8s
[CV] C=8.0, gamma=1.0 ................................................
[CV] ................................. C=8.0, gamma=1.0, total=   7.7s
[CV] C=8.0, gamma=1.0 ................................................
[CV] ................................. C=8.0, gamma=1.0, total=   7.7s
[CV] C=8.0, gamma=2.0 ................................................
[CV] ................................. C=8.0, gamma=2.0, total=   7.7s
[CV] C=16.0, gamma=0.00390625 ........................................
[CV] ......................... C=16.0, gamma=0.00390625, total=   7.0s
[CV] C=16.0, gamma=0.0078125 .........................................
[CV] .......................... C=16.0, gamma=0.0078125, total=   6.9s
[CV] C=16.0, gamma=0.015625 ..........................................
[CV] ........................... C=16.0, gamma=0.015625, total=   7.0s
[CV] C=16.0, gamma=0.015625 ..........................................
[CV] ........................... C=16.0, gamma=0.015625, total=   7.0s
[CV] C=16.0, gamma=0.03125 ...........................................
[CV] ............................ C=16.0, gamma=0.03125, total=   7.2s
[CV] C=16.0, gamma=0.0625 ............................................
[CV] ............................. C=16.0, gamma=0.0625, total=   7.4s
[CV] C=16.0, gamma=0.125 .............................................
[CV] .............................. C=16.0, gamma=0.125, total=   7.6s
[CV] C=16.0, gamma=0.25 ..............................................
[CV] ............................... C=16.0, gamma=0.25, total=   7.7s
[CV] C=16.0, gamma=0.5 ...............................................
[CV] ................................ C=16.0, gamma=0.5, total=   7.6s
[CV] C=16.0, gamma=1.0 ...............................................
[CV] ................................ C=16.0, gamma=1.0, total=   7.4s
[CV] C=16.0, gamma=1.0 ...............................................
[CV] ................................ C=16.0, gamma=1.0, total=   7.2s
[CV] C=16.0, gamma=2.0 ...............................................
[CV] ................................ C=16.0, gamma=2.0, total=   7.1s
[CV] C=32.0, gamma=0.00390625 ........................................
[CV] ......................... C=32.0, gamma=0.00390625, total=   6.6s
[CV] C=32.0, gamma=0.0078125 .........................................
[CV] .......................... C=32.0, gamma=0.0078125, total=   6.4s
[CV] C=32.0, gamma=0.015625 ..........................................
[CV] ........................... C=32.0, gamma=0.015625, total=   6.5s
[CV] C=32.0, gamma=0.015625 ..........................................
[CV] ........................... C=32.0, gamma=0.015625, total=   7.0s
[CV] C=32.0, gamma=0.03125 ...........................................
[CV] ............................ C=32.0, gamma=0.03125, total=   7.1s
[CV] C=32.0, gamma=0.0625 ............................................
[CV] ............................. C=32.0, gamma=0.0625, total=   6.9s
[CV] C=32.0, gamma=0.125 .............................................
[CV] .............................. C=32.0, gamma=0.125, total=   7.1s
[CV] C=32.0, gamma=0.25 ..............................................
[CV] ............................... C=32.0, gamma=0.25, total=   7.0s
[CV] C=32.0, gamma=0.25 ..............................................
[CV] ............................... C=32.0, gamma=0.25, total=   7.0s
[CV] C=32.0, gamma=0.5 ...............................................
[CV] ................................ C=32.0, gamma=0.5, total=   7.1s
[CV] C=32.0, gamma=1.0 ...............................................
[CV] ................................ C=32.0, gamma=1.0, total=   7.3s
[Parallel(n_jobs=4)]: Done 154 tasks      | elapsed:  4.7min
[CV] C=32.0, gamma=2.0 ...............................................
[CV] ................................ C=32.0, gamma=2.0, total=   7.7s
[CV] C=64.0, gamma=0.00390625 ........................................
[CV] ......................... C=64.0, gamma=0.00390625, total=   7.1s
[CV] C=64.0, gamma=0.00390625 ........................................
[CV] ......................... C=64.0, gamma=0.00390625, total=   6.7s
[CV] C=64.0, gamma=0.0078125 .........................................
[CV] .......................... C=64.0, gamma=0.0078125, total=   6.5s
[CV] C=64.0, gamma=0.015625 ..........................................
[CV] ........................... C=64.0, gamma=0.015625, total=   6.5s
[CV] C=64.0, gamma=0.03125 ...........................................
[CV] ............................ C=64.0, gamma=0.03125, total=   6.6s
[CV] C=64.0, gamma=0.03125 ...........................................
[CV] ............................ C=64.0, gamma=0.03125, total=   6.5s
[CV] C=64.0, gamma=0.0625 ............................................
[CV] ............................. C=64.0, gamma=0.0625, total=   6.8s
[CV] C=64.0, gamma=0.125 .............................................
[CV] .............................. C=64.0, gamma=0.125, total=   7.1s
[CV] C=64.0, gamma=0.25 ..............................................
[CV] ............................... C=64.0, gamma=0.25, total=   7.3s
[CV] C=64.0, gamma=0.5 ...............................................
[CV] ................................ C=64.0, gamma=0.5, total=   7.1s
[CV] C=64.0, gamma=0.5 ...............................................
[CV] ................................ C=64.0, gamma=0.5, total=   7.1s
[CV] C=64.0, gamma=1.0 ...............................................
[CV] ................................ C=64.0, gamma=1.0, total=   7.2s
[CV] C=64.0, gamma=2.0 ...............................................
[CV] ................................ C=64.0, gamma=2.0, total=   7.2s
[CV] C=128.0, gamma=0.00390625 .......................................
[CV] ........................ C=128.0, gamma=0.00390625, total=   6.4s
[CV] C=128.0, gamma=0.0078125 ........................................
[CV] ......................... C=128.0, gamma=0.0078125, total=   6.6s
[CV] C=128.0, gamma=0.0078125 ........................................
[CV] ......................... C=128.0, gamma=0.0078125, total=   6.5s
[CV] C=128.0, gamma=0.015625 .........................................
[CV] .......................... C=128.0, gamma=0.015625, total=   6.3s
[CV] C=128.0, gamma=0.03125 ..........................................
[CV] ........................... C=128.0, gamma=0.03125, total=   6.6s
[CV] C=128.0, gamma=0.0625 ...........................................
[CV] ............................ C=128.0, gamma=0.0625, total=   6.9s
[CV] C=128.0, gamma=0.125 ............................................
[CV] ............................. C=128.0, gamma=0.125, total=   7.0s
[CV] C=128.0, gamma=0.125 ............................................
[CV] ............................. C=128.0, gamma=0.125, total=   7.1s
[CV] C=128.0, gamma=0.25 .............................................
[CV] .............................. C=128.0, gamma=0.25, total=   7.1s
[CV] C=128.0, gamma=0.5 ..............................................
[CV] ............................... C=128.0, gamma=0.5, total=   7.2s
[Parallel(n_jobs=4)]: Done 357 tasks      | elapsed: 10.7min
[Parallel(n_jobs=4)]: Done 500 out of 500 | elapsed: 14.8min finished
======================================================
        MOS    y_pred  Predicted Score
0     3.649  3.549013         3.542641
1     3.901  3.800621         3.830480
2     3.940  3.840411         3.875024
3     4.245  4.144748         4.203441
4     4.158  4.057993         4.112275
...     ...       ...              ...
1375  3.783  3.677186         3.690448
1376  4.335  4.349463         4.409537
1377  3.180  3.280103         3.228175
1378  3.776  3.526467         3.516448
1379  3.700  3.600029         3.601715

[1380 rows x 3 columns]
======================================================
Best results in CV grid search
SRCC:  0.952996959067352
KRCC:  0.8266515538180992
PLCC:  0.9491003886632383
RMSE:  0.20262717408194084
======================================================
model: SVR(C=4.0, cache_size=200, coef0=0.0, degree=3, epsilon=0.1, gamma=0.00390625,
    kernel='rbf', max_iter=-1, shrinking=True, tol=0.001, verbose=False)
scaler: MinMaxScaler(copy=True, feature_range=(0, 1))
popt: [6.05916685 0.44331487 3.29976176 1.19656428]
[CV] C=8.0, gamma=1.0 ................................................
[CV] ................................. C=8.0, gamma=1.0, total=   7.8s
[CV] C=8.0, gamma=2.0 ................................................
[CV] ................................. C=8.0, gamma=2.0, total=   7.7s
[CV] C=16.0, gamma=0.00390625 ........................................
[CV] ......................... C=16.0, gamma=0.00390625, total=   6.8s
[CV] C=16.0, gamma=0.0078125 .........................................
[CV] .......................... C=16.0, gamma=0.0078125, total=   7.1s
[CV] C=16.0, gamma=0.0078125 .........................................
[CV] .......................... C=16.0, gamma=0.0078125, total=   6.9s
[CV] C=16.0, gamma=0.015625 ..........................................
[CV] ........................... C=16.0, gamma=0.015625, total=   6.8s
[CV] C=16.0, gamma=0.03125 ...........................................
[CV] ............................ C=16.0, gamma=0.03125, total=   7.1s
[CV] C=16.0, gamma=0.0625 ............................................
[CV] ............................. C=16.0, gamma=0.0625, total=   7.4s
[CV] C=16.0, gamma=0.125 .............................................
[CV] .............................. C=16.0, gamma=0.125, total=   7.5s
[CV] C=16.0, gamma=0.125 .............................................
[CV] .............................. C=16.0, gamma=0.125, total=   7.7s
[CV] C=16.0, gamma=0.25 ..............................................
[CV] ............................... C=16.0, gamma=0.25, total=   7.6s
[CV] C=16.0, gamma=0.5 ...............................................
[CV] ................................ C=16.0, gamma=0.5, total=   7.5s
[CV] C=16.0, gamma=1.0 ...............................................
[CV] ................................ C=16.0, gamma=1.0, total=   7.5s
[CV] C=16.0, gamma=2.0 ...............................................
[CV] ................................ C=16.0, gamma=2.0, total=   7.5s
[CV] C=32.0, gamma=0.00390625 ........................................
[CV] ......................... C=32.0, gamma=0.00390625, total=   7.0s
[CV] C=32.0, gamma=0.00390625 ........................................
[CV] ......................... C=32.0, gamma=0.00390625, total=   7.0s
[CV] C=32.0, gamma=0.0078125 .........................................
[CV] .......................... C=32.0, gamma=0.0078125, total=   6.8s
[CV] C=32.0, gamma=0.015625 ..........................................
[CV] ........................... C=32.0, gamma=0.015625, total=   6.7s
[CV] C=32.0, gamma=0.03125 ...........................................
[CV] ............................ C=32.0, gamma=0.03125, total=   6.9s
[CV] C=32.0, gamma=0.0625 ............................................
[CV] ............................. C=32.0, gamma=0.0625, total=   7.2s
[CV] C=32.0, gamma=0.125 .............................................
[CV] .............................. C=32.0, gamma=0.125, total=   7.4s
[CV] C=32.0, gamma=0.125 .............................................
[CV] .............................. C=32.0, gamma=0.125, total=   7.5s
[CV] C=32.0, gamma=0.25 ..............................................
[CV] ............................... C=32.0, gamma=0.25, total=   7.5s
[CV] C=32.0, gamma=0.5 ...............................................
[CV] ................................ C=32.0, gamma=0.5, total=   7.6s
[CV] C=32.0, gamma=1.0 ...............................................
[CV] ................................ C=32.0, gamma=1.0, total=   7.7s
[CV] C=32.0, gamma=2.0 ...............................................
[CV] ................................ C=32.0, gamma=2.0, total=   7.4s
[CV] C=32.0, gamma=2.0 ...............................................
[CV] ................................ C=32.0, gamma=2.0, total=   7.6s
[CV] C=64.0, gamma=0.00390625 ........................................
[CV] ......................... C=64.0, gamma=0.00390625, total=   7.0s
[CV] C=64.0, gamma=0.0078125 .........................................
[CV] .......................... C=64.0, gamma=0.0078125, total=   6.6s
[CV] C=64.0, gamma=0.015625 ..........................................
[CV] ........................... C=64.0, gamma=0.015625, total=   6.7s
[CV] C=64.0, gamma=0.03125 ...........................................
[CV] ............................ C=64.0, gamma=0.03125, total=   6.9s
[CV] C=64.0, gamma=0.0625 ............................................
[CV] ............................. C=64.0, gamma=0.0625, total=   7.3s
[CV] C=64.0, gamma=0.125 .............................................
[CV] .............................. C=64.0, gamma=0.125, total=   7.4s
[CV] C=64.0, gamma=0.125 .............................................
[CV] .............................. C=64.0, gamma=0.125, total=   7.4s
[CV] C=64.0, gamma=0.25 ..............................................
[CV] ............................... C=64.0, gamma=0.25, total=   7.4s
[CV] C=64.0, gamma=0.5 ...............................................
[CV] ................................ C=64.0, gamma=0.5, total=   7.6s
[CV] C=64.0, gamma=1.0 ...............................................
[CV] ................................ C=64.0, gamma=1.0, total=   7.7s
[CV] C=64.0, gamma=2.0 ...............................................
[CV] ................................ C=64.0, gamma=2.0, total=   7.6s
[CV] C=128.0, gamma=0.00390625 .......................................
[CV] ........................ C=128.0, gamma=0.00390625, total=   7.0s
[CV] C=128.0, gamma=0.00390625 .......................................
[CV] ........................ C=128.0, gamma=0.00390625, total=   7.0s
[CV] C=128.0, gamma=0.0078125 ........................................
[CV] ......................... C=128.0, gamma=0.0078125, total=   7.0s
[CV] C=128.0, gamma=0.015625 .........................................
[CV] .......................... C=128.0, gamma=0.015625, total=   6.9s
[CV] C=128.0, gamma=0.03125 ..........................................
[CV] ........................... C=128.0, gamma=0.03125, total=   7.0s
[CV] C=128.0, gamma=0.0625 ...........................................
[CV] ............................ C=128.0, gamma=0.0625, total=   7.4s
[CV] C=128.0, gamma=0.0625 ...........................................
[CV] ............................ C=128.0, gamma=0.0625, total=   7.2s
[CV] C=128.0, gamma=0.125 ............................................
[CV] ............................. C=128.0, gamma=0.125, total=   7.5s
[CV] C=128.0, gamma=0.25 .............................................
[CV] .............................. C=128.0, gamma=0.25, total=   7.6s
[CV] C=128.0, gamma=0.5 ..............................................
[CV] ............................... C=128.0, gamma=0.5, total=   7.6s
[CV] C=128.0, gamma=1.0 ..............................................
[CV] ............................... C=128.0, gamma=1.0, total=   7.4s
[CV] C=128.0, gamma=2.0 ..............................................
[CV] ............................... C=128.0, gamma=2.0, total=   7.1s
[CV] C=128.0, gamma=2.0 ..............................................
[CV] ............................... C=128.0, gamma=2.0, total=   7.1s
[CV] C=256.0, gamma=0.00390625 .......................................
[CV] ........................ C=256.0, gamma=0.00390625, total=   7.0s
[CV] C=256.0, gamma=0.0078125 ........................................
[CV] ......................... C=256.0, gamma=0.0078125, total=   7.0s
[CV] C=256.0, gamma=0.015625 .........................................
[CV] .......................... C=256.0, gamma=0.015625, total=   7.0s
[CV] C=256.0, gamma=0.03125 ..........................................
[CV] ........................... C=256.0, gamma=0.03125, total=   7.1s
[CV] C=256.0, gamma=0.0625 ...........................................
[CV] ............................ C=256.0, gamma=0.0625, total=   7.4s
[CV] C=256.0, gamma=0.0625 ...........................................
[CV] ............................ C=256.0, gamma=0.0625, total=   7.4s
[CV] C=256.0, gamma=0.125 ............................................
[CV] ............................. C=256.0, gamma=0.125, total=   7.5s
[CV] C=256.0, gamma=0.25 .............................................
[CV] .............................. C=256.0, gamma=0.25, total=   7.6s
[CV] C=256.0, gamma=0.5 ..............................................
[CV] ............................... C=256.0, gamma=0.5, total=   7.6s
[CV] C=256.0, gamma=1.0 ..............................................
[CV] ............................... C=256.0, gamma=1.0, total=   7.6s
[CV] C=256.0, gamma=1.0 ..............................................
[CV] ............................... C=256.0, gamma=1.0, total=   7.6s
[CV] C=256.0, gamma=2.0 ..............................................
[CV] ............................... C=256.0, gamma=2.0, total=   7.5s
[CV] C=512.0, gamma=0.00390625 .......................................
[CV] ........................ C=512.0, gamma=0.00390625, total=   6.9s
[CV] C=512.0, gamma=0.0078125 ........................................
[CV] ......................... C=512.0, gamma=0.0078125, total=   6.9s
[CV] C=512.0, gamma=0.015625 .........................................
[CV] .......................... C=512.0, gamma=0.015625, total=   6.9s
[CV] C=512.0, gamma=0.03125 ..........................................
[CV] ........................... C=512.0, gamma=0.03125, total=   7.0s
[CV] C=512.0, gamma=0.0625 ...........................................
[CV] ............................ C=512.0, gamma=0.0625, total=   7.3s
[CV] C=512.0, gamma=0.125 ............................................
[CV] ............................. C=512.0, gamma=0.125, total=   7.4s
[CV] C=512.0, gamma=0.125 ............................................
[CV] ............................. C=512.0, gamma=0.125, total=   7.4s
[CV] C=512.0, gamma=0.25 .............................................
[CV] .............................. C=512.0, gamma=0.25, total=   7.5s
[CV] C=512.0, gamma=0.5 ..............................................
[CV] ............................... C=512.0, gamma=0.5, total=   7.6s
[CV] C=512.0, gamma=1.0 ..............................................
[CV] ............................... C=512.0, gamma=1.0, total=   7.7s
[CV] C=512.0, gamma=2.0 ..............................................
[CV] ............................... C=512.0, gamma=2.0, total=   7.5s
[CV] C=512.0, gamma=2.0 ..............................................
[CV] ............................... C=512.0, gamma=2.0, total=   7.5s
[CV] C=1024.0, gamma=0.00390625 ......................................
[CV] ....................... C=1024.0, gamma=0.00390625, total=   6.9s
[CV] C=1024.0, gamma=0.0078125 .......................................
[CV] ........................ C=1024.0, gamma=0.0078125, total=   6.9s
[CV] C=1024.0, gamma=0.015625 ........................................
[CV] ......................... C=1024.0, gamma=0.015625, total=   6.9s
[CV] C=1024.0, gamma=0.03125 .........................................
[CV] .......................... C=1024.0, gamma=0.03125, total=   7.0s
[CV] C=1024.0, gamma=0.0625 ..........................................
[CV] ........................... C=1024.0, gamma=0.0625, total=   7.3s
[CV] C=1024.0, gamma=0.125 ...........................................
[CV] ............................ C=1024.0, gamma=0.125, total=   7.4s
[CV] C=1024.0, gamma=0.25 ............................................
[CV] ............................. C=1024.0, gamma=0.25, total=   7.4s
[CV] C=1024.0, gamma=0.25 ............................................
[CV] ............................. C=1024.0, gamma=0.25, total=   7.5s
[CV] C=1024.0, gamma=0.5 .............................................
[CV] .............................. C=1024.0, gamma=0.5, total=   7.5s
[CV] C=1024.0, gamma=1.0 .............................................
[CV] .............................. C=1024.0, gamma=1.0, total=   7.7s
[CV] C=1024.0, gamma=2.0 .............................................
[CV] .............................. C=1024.0, gamma=2.0, total=   7.6s
[CV] C=2.0, gamma=0.00390625 .........................................
[CV] .......................... C=2.0, gamma=0.00390625, total=   6.9s
[CV] C=2.0, gamma=0.00390625 .........................................
[CV] .......................... C=2.0, gamma=0.00390625, total=   6.8s
[CV] C=2.0, gamma=0.015625 ...........................................
[CV] ............................ C=2.0, gamma=0.015625, total=   7.0s
[CV] C=2.0, gamma=0.015625 ...........................................
[CV] ............................ C=2.0, gamma=0.015625, total=   6.8s
[CV] C=2.0, gamma=0.03125 ............................................
[CV] ............................. C=2.0, gamma=0.03125, total=   7.1s
[CV] C=2.0, gamma=0.0625 .............................................
[CV] .............................. C=2.0, gamma=0.0625, total=   7.0s
[CV] C=2.0, gamma=0.125 ..............................................
[CV] ............................... C=2.0, gamma=0.125, total=   7.0s
[CV] C=2.0, gamma=0.125 ..............................................
[CV] ............................... C=2.0, gamma=0.125, total=   7.1s
[CV] C=2.0, gamma=0.25 ...............................................
[CV] ................................ C=2.0, gamma=0.25, total=   7.1s
[CV] C=2.0, gamma=0.5 ................................................
[CV] ................................. C=2.0, gamma=0.5, total=   7.2s
[CV] C=2.0, gamma=1.0 ................................................
[CV] ................................. C=2.0, gamma=1.0, total=   7.2s
[CV] C=2.0, gamma=2.0 ................................................
[CV] ................................. C=2.0, gamma=2.0, total=   7.4s
[CV] C=2.0, gamma=2.0 ................................................
[CV] ................................. C=2.0, gamma=2.0, total=   7.5s
[CV] C=4.0, gamma=0.00390625 .........................................
[CV] .......................... C=4.0, gamma=0.00390625, total=   6.4s
[CV] C=4.0, gamma=0.0078125 ..........................................
[CV] ........................... C=4.0, gamma=0.0078125, total=   6.4s
[CV] C=4.0, gamma=0.015625 ...........................................
[CV] ............................ C=4.0, gamma=0.015625, total=   6.6s
[CV] C=4.0, gamma=0.03125 ............................................
[CV] ............................. C=4.0, gamma=0.03125, total=   6.6s
[CV] C=4.0, gamma=0.03125 ............................................
[CV] ............................. C=4.0, gamma=0.03125, total=   6.6s
[CV] C=4.0, gamma=0.0625 .............................................
[CV] .............................. C=4.0, gamma=0.0625, total=   6.8s
[CV] C=4.0, gamma=0.125 ..............................................
[CV] ............................... C=4.0, gamma=0.125, total=   7.0s
[CV] C=4.0, gamma=0.25 ...............................................
[CV] ................................ C=4.0, gamma=0.25, total=   7.1s
[CV] C=4.0, gamma=0.5 ................................................
[CV] ................................. C=4.0, gamma=0.5, total=   7.1s
[CV] C=4.0, gamma=0.5 ................................................
[CV] ................................. C=4.0, gamma=0.5, total=   7.1s
[CV] C=4.0, gamma=1.0 ................................................
[CV] ................................. C=4.0, gamma=1.0, total=   7.1s
[CV] C=4.0, gamma=2.0 ................................................
[CV] ................................. C=4.0, gamma=2.0, total=   7.1s
[CV] C=8.0, gamma=0.00390625 .........................................
[CV] .......................... C=8.0, gamma=0.00390625, total=   6.4s
[CV] C=8.0, gamma=0.00390625 .........................................
[CV] .......................... C=8.0, gamma=0.00390625, total=   6.5s
[CV] C=8.0, gamma=0.0078125 ..........................................
[CV] ........................... C=8.0, gamma=0.0078125, total=   6.5s
[CV] C=8.0, gamma=0.015625 ...........................................
[CV] ............................ C=8.0, gamma=0.015625, total=   6.5s
[CV] C=8.0, gamma=0.03125 ............................................
[CV] ............................. C=8.0, gamma=0.03125, total=   6.5s
[CV] C=8.0, gamma=0.03125 ............................................
[CV] ............................. C=8.0, gamma=0.03125, total=   6.6s
[CV] C=8.0, gamma=0.0625 .............................................
[CV] .............................. C=8.0, gamma=0.0625, total=   6.9s
[CV] C=8.0, gamma=0.125 ..............................................
[CV] ............................... C=8.0, gamma=0.125, total=   7.0s
[CV] C=8.0, gamma=0.25 ...............................................
[CV] ................................ C=8.0, gamma=0.25, total=   7.0s
[CV] C=8.0, gamma=0.25 ...............................................
[CV] ................................ C=8.0, gamma=0.25, total=   6.9s
[CV] C=8.0, gamma=0.5 ................................................
[CV] ................................. C=8.0, gamma=0.5, total=   7.1s
[CV] C=8.0, gamma=1.0 ................................................
[CV] ................................. C=8.0, gamma=1.0, total=   7.2s
[CV] C=8.0, gamma=2.0 ................................................
[CV] ................................. C=8.0, gamma=2.0, total=   7.0s
[CV] C=8.0, gamma=2.0 ................................................
[CV] ................................. C=8.0, gamma=2.0, total=   7.0s
[CV] C=16.0, gamma=0.00390625 ........................................
[CV] ......................... C=16.0, gamma=0.00390625, total=   6.6s
[CV] C=16.0, gamma=0.0078125 .........................................
[CV] .......................... C=16.0, gamma=0.0078125, total=   6.5s
[CV] C=16.0, gamma=0.015625 ..........................................
[CV] ........................... C=16.0, gamma=0.015625, total=   6.5s
[CV] C=16.0, gamma=0.03125 ...........................................
[CV] ............................ C=16.0, gamma=0.03125, total=   6.6s
[CV] C=16.0, gamma=0.03125 ...........................................
[CV] ............................ C=16.0, gamma=0.03125, total=   6.7s
[CV] C=16.0, gamma=0.0625 ............................................
[CV] ............................. C=16.0, gamma=0.0625, total=   6.9s
[CV] C=16.0, gamma=0.125 .............................................
[CV] .............................. C=16.0, gamma=0.125, total=   7.1s
[CV] C=16.0, gamma=0.25 ..............................................
[CV] ............................... C=16.0, gamma=0.25, total=   7.0s
[CV] C=16.0, gamma=0.25 ..............................................
[CV] ............................... C=16.0, gamma=0.25, total=   7.0s
[CV] C=16.0, gamma=0.5 ...............................................
[CV] ................................ C=16.0, gamma=0.5, total=   7.1s
[CV] C=16.0, gamma=1.0 ...............................................
[CV] ................................ C=16.0, gamma=1.0, total=   7.3s
[CV] C=16.0, gamma=2.0 ...............................................
[CV] ................................ C=16.0, gamma=2.0, total=   7.2s
[CV] C=16.0, gamma=2.0 ...............................................
[CV] ................................ C=16.0, gamma=2.0, total=   7.0s
[CV] C=32.0, gamma=0.00390625 ........................................
[CV] ......................... C=32.0, gamma=0.00390625, total=   6.6s
[CV] C=32.0, gamma=0.0078125 .........................................
[CV] .......................... C=32.0, gamma=0.0078125, total=   6.5s
[CV] C=32.0, gamma=0.015625 ..........................................
[CV] ........................... C=32.0, gamma=0.015625, total=   6.4s
[CV] C=32.0, gamma=0.03125 ...........................................
[CV] ............................ C=32.0, gamma=0.03125, total=   6.6s
[CV] C=32.0, gamma=0.03125 ...........................................
[CV] ............................ C=32.0, gamma=0.03125, total=   6.6s
[CV] C=32.0, gamma=0.0625 ............................................
[CV] ............................. C=32.0, gamma=0.0625, total=   6.8s
[CV] C=32.0, gamma=0.125 .............................................
[CV] .............................. C=32.0, gamma=0.125, total=   7.1s
[CV] C=32.0, gamma=0.25 ..............................................
[CV] ............................... C=32.0, gamma=0.25, total=   7.1s
[CV] C=32.0, gamma=0.5 ...............................................
[CV] ................................ C=32.0, gamma=0.5, total=   7.1s
[CV] C=32.0, gamma=0.5 ...............................................
[CV] ................................ C=32.0, gamma=0.5, total=   7.1s
[CV] C=32.0, gamma=1.0 ...............................................
[CV] ................................ C=32.0, gamma=1.0, total=   7.2s
[CV] C=32.0, gamma=2.0 ...............................................
[CV] ................................ C=32.0, gamma=2.0, total=   7.2s
[CV] C=64.0, gamma=0.00390625 ........................................
[CV] ......................... C=64.0, gamma=0.00390625, total=   6.4s
[CV] C=64.0, gamma=0.0078125 .........................................
[CV] .......................... C=64.0, gamma=0.0078125, total=   6.6s
[CV] C=64.0, gamma=0.0078125 .........................................
[CV] .......................... C=64.0, gamma=0.0078125, total=   6.5s
[CV] C=64.0, gamma=0.015625 ..........................................
[CV] ........................... C=64.0, gamma=0.015625, total=   6.3s
[CV] C=64.0, gamma=0.03125 ...........................................
[CV] ............................ C=64.0, gamma=0.03125, total=   6.6s
[CV] C=64.0, gamma=0.0625 ............................................
[CV] ............................. C=64.0, gamma=0.0625, total=   6.7s
[CV] C=64.0, gamma=0.0625 ............................................
[CV] ............................. C=64.0, gamma=0.0625, total=   6.9s
[CV] C=64.0, gamma=0.125 .............................................
[CV] .............................. C=64.0, gamma=0.125, total=   7.0s
[CV] C=64.0, gamma=0.25 ..............................................
[CV] ............................... C=64.0, gamma=0.25, total=   7.1s
[CV] C=64.0, gamma=0.5 ...............................................
[CV] ................................ C=64.0, gamma=0.5, total=   7.2s
[CV] C=64.0, gamma=1.0 ...............................................
[CV] ................................ C=64.0, gamma=1.0, total=   7.2s
[CV] C=64.0, gamma=1.0 ...............................................
[CV] ................................ C=64.0, gamma=1.0, total=   7.2s
[CV] C=64.0, gamma=2.0 ...............................................
[CV] ................................ C=64.0, gamma=2.0, total=   7.1s
[CV] C=128.0, gamma=0.00390625 .......................................
[CV] ........................ C=128.0, gamma=0.00390625, total=   6.5s
[CV] C=128.0, gamma=0.0078125 ........................................
[CV] ......................... C=128.0, gamma=0.0078125, total=   6.4s
[CV] C=128.0, gamma=0.015625 .........................................
[CV] .......................... C=128.0, gamma=0.015625, total=   6.4s
[CV] C=128.0, gamma=0.015625 .........................................
[CV] .......................... C=128.0, gamma=0.015625, total=   6.5s
[CV] C=128.0, gamma=0.03125 ..........................................
[CV] ........................... C=128.0, gamma=0.03125, total=   6.6s
[CV] C=128.0, gamma=0.0625 ...........................................
[CV] ............................ C=128.0, gamma=0.0625, total=   6.9s
[CV] C=128.0, gamma=0.125 ............................................
[CV] ............................. C=128.0, gamma=0.125, total=   7.1s
[CV] C=128.0, gamma=0.25 .............................................
[CV] .............................. C=128.0, gamma=0.25, total=   7.0s
[CV] C=128.0, gamma=0.25 .............................................
[CV] .............................. C=128.0, gamma=0.25, total=   7.0s
[CV] C=128.0, gamma=0.5 ..............................................
[CV] ............................... C=128.0, gamma=0.5, total=   7.2s
[CV] C=128.0, gamma=1.0 ..............................................
[CV] ............................... C=128.0, gamma=1.0, total=   7.2s
[CV] C=128.0, gamma=1.0 ..............................................
[CV] ............................... C=128.0, gamma=1.0, total=   7.2s
[CV] C=128.0, gamma=2.0 ..............................................
[CV] ............................... C=128.0, gamma=2.0, total=   7.1s
[CV] C=256.0, gamma=0.00390625 .......................................
[CV] ........................ C=256.0, gamma=0.00390625, total=   6.6s
[CV] C=256.0, gamma=0.0078125 ........................................
[CV] ......................... C=256.0, gamma=0.0078125, total=   6.4s
[CV] C=256.0, gamma=0.015625 .........................................
[CV] .......................... C=256.0, gamma=0.015625, total=   6.4s
[CV] C=256.0, gamma=0.015625 .........................................
[CV] .......................... C=256.0, gamma=0.015625, total=   6.5s
[CV] C=256.0, gamma=0.03125 ..........................................
[CV] ........................... C=256.0, gamma=0.03125, total=   6.6s
[CV] C=256.0, gamma=0.0625 ...........................................
[CV] ............................ C=256.0, gamma=0.0625, total=   6.9s
[CV] C=256.0, gamma=0.125 ............................................
[CV] ............................. C=256.0, gamma=0.125, total=   7.0s
[CV] C=256.0, gamma=0.25 .............................................
[CV] .............................. C=256.0, gamma=0.25, total=   7.0s
[CV] C=256.0, gamma=0.25 .............................................
[CV] .............................. C=256.0, gamma=0.25, total=   7.0s
[CV] C=256.0, gamma=0.5 ..............................................
[CV] ............................... C=256.0, gamma=0.5, total=   7.1s
[CV] C=256.0, gamma=1.0 ..............................................
[CV] ............................... C=256.0, gamma=1.0, total=   7.3s
[CV] C=256.0, gamma=2.0 ..............................................
[CV] ............................... C=256.0, gamma=2.0, total=   7.2s
[CV] C=512.0, gamma=0.00390625 .......................................
[CV] ........................ C=512.0, gamma=0.00390625, total=   6.5s
[CV] C=512.0, gamma=0.00390625 .......................................
[CV] ........................ C=512.0, gamma=0.00390625, total=   6.6s
[CV] C=512.0, gamma=0.0078125 ........................................
[CV] ......................... C=512.0, gamma=0.0078125, total=   6.5s
[CV] C=512.0, gamma=0.015625 .........................................
[CV] .......................... C=512.0, gamma=0.015625, total=   6.5s
[CV] C=512.0, gamma=0.03125 ..........................................
[CV] ........................... C=512.0, gamma=0.03125, total=   6.6s
[CV] C=512.0, gamma=0.03125 ..........................................
[CV] ........................... C=512.0, gamma=0.03125, total=   6.6s
[CV] C=512.0, gamma=0.0625 ...........................................
[CV] ............................ C=512.0, gamma=0.0625, total=   6.8s
[CV] C=512.0, gamma=0.125 ............................................
[CV] ............................. C=512.0, gamma=0.125, total=   7.0s
[CV] C=512.0, gamma=0.25 .............................................
[CV] .............................. C=512.0, gamma=0.25, total=   7.1s
[CV] C=512.0, gamma=0.5 ..............................................
[CV] ............................... C=512.0, gamma=0.5, total=   7.1s
[CV] C=512.0, gamma=0.5 ..............................................
[CV] ............................... C=512.0, gamma=0.5, total=   7.0s
[CV] C=512.0, gamma=1.0 ..............................................
[CV] ............................... C=512.0, gamma=1.0, total=   7.2s
[CV] C=512.0, gamma=2.0 ..............................................
[CV] ............................... C=512.0, gamma=2.0, total=   7.2s
[CV] C=1024.0, gamma=0.00390625 ......................................
[CV] ....................... C=1024.0, gamma=0.00390625, total=   6.4s
[CV] C=1024.0, gamma=0.0078125 .......................................
[CV] ........................ C=1024.0, gamma=0.0078125, total=   6.6s
[CV] C=1024.0, gamma=0.0078125 .......................................
[CV] ........................ C=1024.0, gamma=0.0078125, total=   6.5s
[CV] C=1024.0, gamma=0.015625 ........................................
[CV] ......................... C=1024.0, gamma=0.015625, total=   6.4s
[CV] C=1024.0, gamma=0.03125 .........................................
[CV] .......................... C=1024.0, gamma=0.03125, total=   6.6s
[CV] C=1024.0, gamma=0.03125 .........................................
[CV] .......................... C=1024.0, gamma=0.03125, total=   6.6s
[CV] C=1024.0, gamma=0.0625 ..........................................
[CV] ........................... C=1024.0, gamma=0.0625, total=   6.7s
[CV] C=1024.0, gamma=0.125 ...........................................
[CV] ............................ C=1024.0, gamma=0.125, total=   7.1s
[CV] C=1024.0, gamma=0.25 ............................................
[CV] ............................. C=1024.0, gamma=0.25, total=   7.1s
[CV] C=1024.0, gamma=0.5 .............................................
[CV] .............................. C=1024.0, gamma=0.5, total=   7.1s
[CV] C=1024.0, gamma=0.5 .............................................
[CV] .............................. C=1024.0, gamma=0.5, total=   7.1s
[CV] C=1024.0, gamma=1.0 .............................................
[CV] .............................. C=1024.0, gamma=1.0, total=   7.2s
[CV] C=1024.0, gamma=2.0 .............................................
[CV] .............................. C=1024.0, gamma=2.0, total=   7.0s
[CV] C=128.0, gamma=1.0 ..............................................
[CV] ............................... C=128.0, gamma=1.0, total=   7.7s
[CV] C=128.0, gamma=2.0 ..............................................
[CV] ............................... C=128.0, gamma=2.0, total=   7.6s
[CV] C=256.0, gamma=0.00390625 .......................................
[CV] ........................ C=256.0, gamma=0.00390625, total=   7.0s
[CV] C=256.0, gamma=0.0078125 ........................................
[CV] ......................... C=256.0, gamma=0.0078125, total=   7.1s
[CV] C=256.0, gamma=0.0078125 ........................................
[CV] ......................... C=256.0, gamma=0.0078125, total=   7.0s
[CV] C=256.0, gamma=0.015625 .........................................
[CV] .......................... C=256.0, gamma=0.015625, total=   6.8s
[CV] C=256.0, gamma=0.03125 ..........................................
[CV] ........................... C=256.0, gamma=0.03125, total=   7.1s
[CV] C=256.0, gamma=0.0625 ...........................................
[CV] ............................ C=256.0, gamma=0.0625, total=   7.4s
[CV] C=256.0, gamma=0.125 ............................................
[CV] ............................. C=256.0, gamma=0.125, total=   7.5s
[CV] C=256.0, gamma=0.125 ............................................
[CV] ............................. C=256.0, gamma=0.125, total=   7.7s
[CV] C=256.0, gamma=0.25 .............................................
[CV] .............................. C=256.0, gamma=0.25, total=   7.3s
[CV] C=256.0, gamma=0.5 ..............................................
[CV] ............................... C=256.0, gamma=0.5, total=   7.3s
[CV] C=256.0, gamma=1.0 ..............................................
[CV] ............................... C=256.0, gamma=1.0, total=   7.3s
[CV] C=256.0, gamma=2.0 ..............................................
[CV] ............................... C=256.0, gamma=2.0, total=   7.1s
[CV] C=256.0, gamma=2.0 ..............................................
[CV] ............................... C=256.0, gamma=2.0, total=   7.0s
[CV] C=512.0, gamma=0.00390625 .......................................
[CV] ........................ C=512.0, gamma=0.00390625, total=   6.6s
[CV] C=512.0, gamma=0.0078125 ........................................
[CV] ......................... C=512.0, gamma=0.0078125, total=   6.4s
[CV] C=512.0, gamma=0.015625 .........................................
[CV] .......................... C=512.0, gamma=0.015625, total=   6.5s
[CV] C=512.0, gamma=0.015625 .........................................
[CV] .......................... C=512.0, gamma=0.015625, total=   6.5s
[CV] C=512.0, gamma=0.03125 ..........................................
[CV] ........................... C=512.0, gamma=0.03125, total=   6.7s
[CV] C=512.0, gamma=0.0625 ...........................................
[CV] ............................ C=512.0, gamma=0.0625, total=   7.0s
[CV] C=512.0, gamma=0.125 ............................................
[CV] ............................. C=512.0, gamma=0.125, total=   7.1s
[CV] C=512.0, gamma=0.25 .............................................
[CV] .............................. C=512.0, gamma=0.25, total=   6.9s
[CV] C=512.0, gamma=0.25 .............................................
[CV] .............................. C=512.0, gamma=0.25, total=   7.1s
[CV] C=512.0, gamma=0.5 ..............................................
[CV] ............................... C=512.0, gamma=0.5, total=   7.0s
[CV] C=512.0, gamma=1.0 ..............................................
[CV] ............................... C=512.0, gamma=1.0, total=   7.3s
[CV] C=512.0, gamma=2.0 ..............................................
[CV] ............................... C=512.0, gamma=2.0, total=   7.2s
[CV] C=1024.0, gamma=0.00390625 ......................................
[CV] ....................... C=1024.0, gamma=0.00390625, total=   6.6s
[CV] C=1024.0, gamma=0.00390625 ......................................
[CV] ....................... C=1024.0, gamma=0.00390625, total=   6.6s
[CV] C=1024.0, gamma=0.0078125 .......................................
[CV] ........................ C=1024.0, gamma=0.0078125, total=   6.6s
[CV] C=1024.0, gamma=0.015625 ........................................
[CV] ......................... C=1024.0, gamma=0.015625, total=   6.5s
[CV] C=1024.0, gamma=0.03125 .........................................
[CV] .......................... C=1024.0, gamma=0.03125, total=   6.6s
[CV] C=1024.0, gamma=0.0625 ..........................................
[CV] ........................... C=1024.0, gamma=0.0625, total=   7.0s
[CV] C=1024.0, gamma=0.0625 ..........................................
[CV] ........................... C=1024.0, gamma=0.0625, total=   6.8s
[CV] C=1024.0, gamma=0.125 ...........................................
[CV] ............................ C=1024.0, gamma=0.125, total=   7.0s
[CV] C=1024.0, gamma=0.25 ............................................
[CV] ............................. C=1024.0, gamma=0.25, total=   7.1s
[CV] C=1024.0, gamma=0.5 .............................................
[CV] .............................. C=1024.0, gamma=0.5, total=   7.2s
[CV] C=1024.0, gamma=1.0 .............................................
[CV] .............................. C=1024.0, gamma=1.0, total=   7.2s
[CV] C=1024.0, gamma=1.0 .............................................
[CV] .............................. C=1024.0, gamma=1.0, total=   7.2s
[CV] C=1024.0, gamma=2.0 .............................................
[CV] .............................. C=1024.0, gamma=2.0, total=   7.0s
[CV] C=2.0, gamma=1.0 ................................................
[CV] ................................. C=2.0, gamma=1.0, total=   7.3s
[CV] C=2.0, gamma=2.0 ................................................
[CV] ................................. C=2.0, gamma=2.0, total=   7.2s
[CV] C=4.0, gamma=0.00390625 .........................................
[CV] .......................... C=4.0, gamma=0.00390625, total=   6.3s
[CV] C=4.0, gamma=0.00390625 .........................................
[CV] .......................... C=4.0, gamma=0.00390625, total=   6.5s
[CV] C=4.0, gamma=0.0078125 ..........................................
[CV] ........................... C=4.0, gamma=0.0078125, total=   6.6s
[CV] C=4.0, gamma=0.015625 ...........................................
[CV] ............................ C=4.0, gamma=0.015625, total=   6.4s
[CV] C=4.0, gamma=0.015625 ...........................................
[CV] ............................ C=4.0, gamma=0.015625, total=   6.5s
[CV] C=4.0, gamma=0.03125 ............................................
[CV] ............................. C=4.0, gamma=0.03125, total=   6.6s
[CV] C=4.0, gamma=0.0625 .............................................
[CV] .............................. C=4.0, gamma=0.0625, total=   6.9s
[CV] C=4.0, gamma=0.125 ..............................................
[CV] ............................... C=4.0, gamma=0.125, total=   7.1s
[CV] C=4.0, gamma=0.25 ...............................................
[CV] ................................ C=4.0, gamma=0.25, total=   7.0s
[CV] C=4.0, gamma=0.25 ...............................................
[CV] ................................ C=4.0, gamma=0.25, total=   7.0s
[CV] C=4.0, gamma=0.5 ................................................
[CV] ................................. C=4.0, gamma=0.5, total=   7.2s
[CV] C=4.0, gamma=1.0 ................................................
[CV] ................................. C=4.0, gamma=1.0, total=   7.1s
[CV] C=4.0, gamma=2.0 ................................................
[CV] ................................. C=4.0, gamma=2.0, total=   7.0s
[CV] C=4.0, gamma=2.0 ................................................
[CV] ................................. C=4.0, gamma=2.0, total=   7.0s
[CV] C=8.0, gamma=0.00390625 .........................................
[CV] .......................... C=8.0, gamma=0.00390625, total=   6.5s
[CV] C=8.0, gamma=0.0078125 ..........................................
[CV] ........................... C=8.0, gamma=0.0078125, total=   6.5s
[CV] C=8.0, gamma=0.015625 ...........................................
[CV] ............................ C=8.0, gamma=0.015625, total=   6.5s
[CV] C=8.0, gamma=0.03125 ............................................
[CV] ............................. C=8.0, gamma=0.03125, total=   6.5s
[CV] C=8.0, gamma=0.0625 .............................................
[CV] .............................. C=8.0, gamma=0.0625, total=   6.9s
[CV] C=8.0, gamma=0.0625 .............................................
[CV] .............................. C=8.0, gamma=0.0625, total=   6.8s
[CV] C=8.0, gamma=0.125 ..............................................
[CV] ............................... C=8.0, gamma=0.125, total=   7.0s
[CV] C=8.0, gamma=0.25 ...............................................
[CV] ................................ C=8.0, gamma=0.25, total=   7.0s
[CV] C=8.0, gamma=0.5 ................................................
[CV] ................................. C=8.0, gamma=0.5, total=   7.1s
[CV] C=8.0, gamma=0.5 ................................................
[CV] ................................. C=8.0, gamma=0.5, total=   7.1s
[CV] C=8.0, gamma=1.0 ................................................
[CV] ................................. C=8.0, gamma=1.0, total=   7.2s
[CV] C=8.0, gamma=2.0 ................................................
[CV] ................................. C=8.0, gamma=2.0, total=   7.1s
[CV] C=16.0, gamma=0.00390625 ........................................
[CV] ......................... C=16.0, gamma=0.00390625, total=   6.6s
[CV] C=16.0, gamma=0.00390625 ........................................
[CV] ......................... C=16.0, gamma=0.00390625, total=   6.5s
[CV] C=16.0, gamma=0.0078125 .........................................
[CV] .......................... C=16.0, gamma=0.0078125, total=   6.6s
[CV] C=16.0, gamma=0.015625 ..........................................
[CV] ........................... C=16.0, gamma=0.015625, total=   6.5s
[CV] C=16.0, gamma=0.03125 ...........................................
[CV] ............................ C=16.0, gamma=0.03125, total=   6.6s
[CV] C=16.0, gamma=0.0625 ............................................
[CV] ............................. C=16.0, gamma=0.0625, total=   6.9s
[CV] C=16.0, gamma=0.0625 ............................................
[CV] ............................. C=16.0, gamma=0.0625, total=   6.9s
[CV] C=16.0, gamma=0.125 .............................................
[CV] .............................. C=16.0, gamma=0.125, total=   7.1s
[CV] C=16.0, gamma=0.25 ..............................................
[CV] ............................... C=16.0, gamma=0.25, total=   7.1s
[CV] C=16.0, gamma=0.5 ...............................................
[CV] ................................ C=16.0, gamma=0.5, total=   7.1s
[CV] C=16.0, gamma=0.5 ...............................................
[CV] ................................ C=16.0, gamma=0.5, total=   7.1s
[CV] C=16.0, gamma=1.0 ...............................................
[CV] ................................ C=16.0, gamma=1.0, total=   7.2s
[CV] C=16.0, gamma=2.0 ...............................................
[CV] ................................ C=16.0, gamma=2.0, total=   7.2s
[CV] C=32.0, gamma=0.00390625 ........................................
[CV] ......................... C=32.0, gamma=0.00390625, total=   6.4s
[CV] C=32.0, gamma=0.0078125 .........................................
[CV] .......................... C=32.0, gamma=0.0078125, total=   6.6s
[CV] C=32.0, gamma=0.0078125 .........................................
[CV] .......................... C=32.0, gamma=0.0078125, total=   6.6s
[CV] C=32.0, gamma=0.015625 ..........................................
[CV] ........................... C=32.0, gamma=0.015625, total=   6.5s
[CV] C=32.0, gamma=0.03125 ...........................................
[CV] ............................ C=32.0, gamma=0.03125, total=   6.6s
[CV] C=32.0, gamma=0.0625 ............................................
[CV] ............................. C=32.0, gamma=0.0625, total=   7.0s
[CV] C=32.0, gamma=0.0625 ............................................
[CV] ............................. C=32.0, gamma=0.0625, total=   6.9s
[CV] C=32.0, gamma=0.125 .............................................
[CV] .............................. C=32.0, gamma=0.125, total=   7.0s
[CV] C=32.0, gamma=0.25 ..............................................
[CV] ............................... C=32.0, gamma=0.25, total=   7.1s
[CV] C=32.0, gamma=0.5 ...............................................
[CV] ................................ C=32.0, gamma=0.5, total=   7.2s
[CV] C=32.0, gamma=1.0 ...............................................
[CV] ................................ C=32.0, gamma=1.0, total=   7.2s
[CV] C=32.0, gamma=1.0 ...............................................
[CV] ................................ C=32.0, gamma=1.0, total=   7.2s
[CV] C=32.0, gamma=2.0 ...............................................
[CV] ................................ C=32.0, gamma=2.0, total=   7.1s
[CV] C=64.0, gamma=0.00390625 ........................................
[CV] ......................... C=64.0, gamma=0.00390625, total=   6.6s
[CV] C=64.0, gamma=0.0078125 .........................................
[CV] .......................... C=64.0, gamma=0.0078125, total=   6.4s
[CV] C=64.0, gamma=0.015625 ..........................................
[CV] ........................... C=64.0, gamma=0.015625, total=   6.5s
[CV] C=64.0, gamma=0.015625 ..........................................
[CV] ........................... C=64.0, gamma=0.015625, total=   6.6s
[CV] C=64.0, gamma=0.03125 ...........................................
[CV] ............................ C=64.0, gamma=0.03125, total=   6.5s
[CV] C=64.0, gamma=0.0625 ............................................
[CV] ............................. C=64.0, gamma=0.0625, total=   6.9s
[CV] C=64.0, gamma=0.125 .............................................
[CV] .............................. C=64.0, gamma=0.125, total=   7.1s
[CV] C=64.0, gamma=0.25 ..............................................
[CV] ............................... C=64.0, gamma=0.25, total=   7.0s
[CV] C=64.0, gamma=0.25 ..............................................
[CV] ............................... C=64.0, gamma=0.25, total=   7.1s
[CV] C=64.0, gamma=0.5 ...............................................
[CV] ................................ C=64.0, gamma=0.5, total=   7.2s
[CV] C=64.0, gamma=1.0 ...............................................
[CV] ................................ C=64.0, gamma=1.0, total=   7.3s
[CV] C=64.0, gamma=2.0 ...............................................
[CV] ................................ C=64.0, gamma=2.0, total=   7.1s
[CV] C=64.0, gamma=2.0 ...............................................
[CV] ................................ C=64.0, gamma=2.0, total=   7.1s
[CV] C=128.0, gamma=0.00390625 .......................................
[CV] ........................ C=128.0, gamma=0.00390625, total=   6.5s
[CV] C=128.0, gamma=0.0078125 ........................................
[CV] ......................... C=128.0, gamma=0.0078125, total=   6.5s
[CV] C=128.0, gamma=0.015625 .........................................
[CV] .......................... C=128.0, gamma=0.015625, total=   6.5s
[CV] C=128.0, gamma=0.03125 ..........................................
[CV] ........................... C=128.0, gamma=0.03125, total=   6.6s
[CV] C=128.0, gamma=0.03125 ..........................................
[CV] ........................... C=128.0, gamma=0.03125, total=   6.6s
[CV] C=128.0, gamma=0.0625 ...........................................
[CV] ............................ C=128.0, gamma=0.0625, total=   6.8s
[CV] C=128.0, gamma=0.125 ............................................
[CV] ............................. C=128.0, gamma=0.125, total=   7.1s
[CV] C=128.0, gamma=0.25 .............................................
[CV] .............................. C=128.0, gamma=0.25, total=   7.1s
[CV] C=128.0, gamma=0.5 ..............................................
[CV] ............................... C=128.0, gamma=0.5, total=   7.1s
[CV] C=128.0, gamma=0.5 ..............................................
[CV] ............................... C=128.0, gamma=0.5, total=   7.1s
[CV] C=128.0, gamma=1.0 ..............................................
[CV] ............................... C=128.0, gamma=1.0, total=   7.2s
[CV] C=128.0, gamma=2.0 ..............................................
[CV] ............................... C=128.0, gamma=2.0, total=   7.2s
[CV] C=256.0, gamma=0.00390625 .......................................
[CV] ........................ C=256.0, gamma=0.00390625, total=   6.5s
[CV] C=256.0, gamma=0.00390625 .......................................
[CV] ........................ C=256.0, gamma=0.00390625, total=   6.6s
[CV] C=256.0, gamma=0.0078125 ........................................
[CV] ......................... C=256.0, gamma=0.0078125, total=   6.6s
[CV] C=256.0, gamma=0.015625 .........................................
[CV] .......................... C=256.0, gamma=0.015625, total=   6.4s
[CV] C=256.0, gamma=0.03125 ..........................................
[CV] ........................... C=256.0, gamma=0.03125, total=   6.6s
[CV] C=256.0, gamma=0.03125 ..........................................
[CV] ........................... C=256.0, gamma=0.03125, total=   6.6s
[CV] C=256.0, gamma=0.0625 ...........................................
[CV] ............................ C=256.0, gamma=0.0625, total=   6.8s
[CV] C=256.0, gamma=0.125 ............................................
[CV] ............................. C=256.0, gamma=0.125, total=   7.0s
[CV] C=256.0, gamma=0.25 .............................................
[CV] .............................. C=256.0, gamma=0.25, total=   7.1s
[CV] C=256.0, gamma=0.5 ..............................................
[CV] ............................... C=256.0, gamma=0.5, total=   7.1s
[CV] C=256.0, gamma=0.5 ..............................................
[CV] ............................... C=256.0, gamma=0.5, total=   7.1s
[CV] C=256.0, gamma=1.0 ..............................................
[CV] ............................... C=256.0, gamma=1.0, total=   7.2s
[CV] C=256.0, gamma=2.0 ..............................................
[CV] ............................... C=256.0, gamma=2.0, total=   7.2s
[CV] C=512.0, gamma=0.00390625 .......................................
[CV] ........................ C=512.0, gamma=0.00390625, total=   6.3s
[CV] C=512.0, gamma=0.0078125 ........................................
[CV] ......................... C=512.0, gamma=0.0078125, total=   6.6s
[CV] C=512.0, gamma=0.0078125 ........................................
[CV] ......................... C=512.0, gamma=0.0078125, total=   6.4s
[CV] C=512.0, gamma=0.015625 .........................................
[CV] .......................... C=512.0, gamma=0.015625, total=   6.3s
[CV] C=512.0, gamma=0.03125 ..........................................
[CV] ........................... C=512.0, gamma=0.03125, total=   6.6s
[CV] C=512.0, gamma=0.0625 ...........................................
[CV] ............................ C=512.0, gamma=0.0625, total=   6.9s
[CV] C=512.0, gamma=0.0625 ...........................................
[CV] ............................ C=512.0, gamma=0.0625, total=   6.9s
[CV] C=512.0, gamma=0.125 ............................................
[CV] ............................. C=512.0, gamma=0.125, total=   6.9s
[CV] C=512.0, gamma=0.25 .............................................
[CV] .............................. C=512.0, gamma=0.25, total=   7.1s
[CV] C=512.0, gamma=0.5 ..............................................
[CV] ............................... C=512.0, gamma=0.5, total=   7.2s
[CV] C=512.0, gamma=1.0 ..............................................
[CV] ............................... C=512.0, gamma=1.0, total=   7.0s
[CV] C=512.0, gamma=1.0 ..............................................
[CV] ............................... C=512.0, gamma=1.0, total=   7.1s
[CV] C=512.0, gamma=2.0 ..............................................
[CV] ............................... C=512.0, gamma=2.0, total=   7.1s
[CV] C=1024.0, gamma=0.00390625 ......................................
[CV] ....................... C=1024.0, gamma=0.00390625, total=   6.6s
[CV] C=1024.0, gamma=0.0078125 .......................................
[CV] ........................ C=1024.0, gamma=0.0078125, total=   6.4s
[CV] C=1024.0, gamma=0.015625 ........................................
[CV] ......................... C=1024.0, gamma=0.015625, total=   6.5s
[CV] C=1024.0, gamma=0.015625 ........................................
[CV] ......................... C=1024.0, gamma=0.015625, total=   6.5s
[CV] C=1024.0, gamma=0.03125 .........................................
[CV] .......................... C=1024.0, gamma=0.03125, total=   6.7s
[CV] C=1024.0, gamma=0.0625 ..........................................
[CV] ........................... C=1024.0, gamma=0.0625, total=   7.0s
[CV] C=1024.0, gamma=0.125 ...........................................
[CV] ............................ C=1024.0, gamma=0.125, total=   7.0s
[CV] C=1024.0, gamma=0.125 ...........................................
[CV] ............................ C=1024.0, gamma=0.125, total=   7.1s
[CV] C=1024.0, gamma=0.25 ............................................
[CV] ............................. C=1024.0, gamma=0.25, total=   7.0s
[CV] C=1024.0, gamma=0.5 .............................................
[CV] .............................. C=1024.0, gamma=0.5, total=   7.2s
[CV] C=1024.0, gamma=1.0 .............................................
[CV] .............................. C=1024.0, gamma=1.0, total=   7.3s
[CV] C=1024.0, gamma=2.0 .............................................
[CV] .............................. C=1024.0, gamma=2.0, total=   7.1s
[CV] C=1024.0, gamma=2.0 .............................................
[CV] .............................. C=1024.0, gamma=2.0, total=   6.8s
