Running on host compute183.bc4.acrc.priv
Time is Sun Aug 15 16:49:11 BST 2021
Directory is /mnt/storage/scratch/um20242/RAPIQUE-main
Slurm job ID is 4648576
This jobs runs on the following machines:
compute[183,185,193-194,198-199]
Evaluating algorithm BRISQUE with SVR on dataset YOUTUBE_UGC ...
Fitting 5 folds for each of 100 candidates, totalling 500 fits
[Parallel(n_jobs=4)]: Using backend LokyBackend with 4 concurrent workers.
[Parallel(n_jobs=4)]: Done  33 tasks      | elapsed:    4.1s
[Parallel(n_jobs=4)]: Done 154 tasks      | elapsed:   15.0s
[Parallel(n_jobs=4)]: Done 357 tasks      | elapsed:   40.0s
[Parallel(n_jobs=4)]: Done 500 out of 500 | elapsed:  1.7min finished
======================================================
        MOS    y_pred  Predicted Score
0     3.649  3.665091         3.642991
1     3.901  3.305737         3.251445
2     3.940  3.840108         3.825759
3     4.245  3.775222         3.758781
4     4.158  3.938595         3.925453
...     ...       ...              ...
1375  3.783  3.683226         3.662228
1376  4.335  4.024955         4.010757
1377  3.180  3.404652         3.360775
1378  3.776  3.393922         3.348956
1379  3.700  3.376020         3.329214

[1380 rows x 3 columns]
======================================================
Best results in CV grid search
SRCC:  0.5487453531455968
KRCC:  0.39000923608633475
PLCC:  0.5615694441160851
RMSE:  0.5322974783451523
======================================================
model: SVR(C=2.0, cache_size=200, coef0=0.0, degree=3, epsilon=0.1, gamma=2.0,
  kernel='rbf', max_iter=-1, shrinking=True, tol=0.001, verbose=False)
scaler: MinMaxScaler(copy=True, feature_range=(0, 1))
popt: [5.75075152 0.37083302 3.13441946 1.20655627]
[CV] C=2.0, gamma=0.00390625 .........................................
[CV] .......................... C=2.0, gamma=0.00390625, total=   0.2s
[CV] C=2.0, gamma=0.0078125 ..........................................
[CV] ........................... C=2.0, gamma=0.0078125, total=   0.2s
[CV] C=2.0, gamma=0.015625 ...........................................
[CV] ............................ C=2.0, gamma=0.015625, total=   0.2s
[CV] C=2.0, gamma=0.03125 ............................................
[CV] ............................. C=2.0, gamma=0.03125, total=   0.2s
[CV] C=2.0, gamma=0.03125 ............................................
[CV] ............................. C=2.0, gamma=0.03125, total=   0.2s
[CV] C=2.0, gamma=0.0625 .............................................
[CV] .............................. C=2.0, gamma=0.0625, total=   0.2s
[CV] C=2.0, gamma=0.125 ..............................................
[CV] ............................... C=2.0, gamma=0.125, total=   0.2s
[CV] C=2.0, gamma=0.25 ...............................................
[CV] ................................ C=2.0, gamma=0.25, total=   0.2s
[CV] C=2.0, gamma=0.5 ................................................
[CV] ................................. C=2.0, gamma=0.5, total=   0.2s
[CV] C=2.0, gamma=0.5 ................................................
[CV] ................................. C=2.0, gamma=0.5, total=   0.2s
[CV] C=2.0, gamma=1.0 ................................................
[CV] ................................. C=2.0, gamma=1.0, total=   0.2s
[CV] C=2.0, gamma=2.0 ................................................
[CV] ................................. C=2.0, gamma=2.0, total=   0.2s
[CV] C=4.0, gamma=0.00390625 .........................................
[CV] .......................... C=4.0, gamma=0.00390625, total=   0.2s
[CV] C=4.0, gamma=0.0078125 ..........................................
[CV] ........................... C=4.0, gamma=0.0078125, total=   0.2s
[CV] C=4.0, gamma=0.0078125 ..........................................
[CV] ........................... C=4.0, gamma=0.0078125, total=   0.2s
[CV] C=4.0, gamma=0.015625 ...........................................
[CV] ............................ C=4.0, gamma=0.015625, total=   0.2s
[CV] C=4.0, gamma=0.03125 ............................................
[CV] ............................. C=4.0, gamma=0.03125, total=   0.2s
[CV] C=4.0, gamma=0.0625 .............................................
[CV] .............................. C=4.0, gamma=0.0625, total=   0.2s
[CV] C=4.0, gamma=0.125 ..............................................
[CV] ............................... C=4.0, gamma=0.125, total=   0.2s
[CV] C=4.0, gamma=0.125 ..............................................
[CV] ............................... C=4.0, gamma=0.125, total=   0.2s
[CV] C=4.0, gamma=0.25 ...............................................
[CV] ................................ C=4.0, gamma=0.25, total=   0.2s
[CV] C=4.0, gamma=0.5 ................................................
[CV] ................................. C=4.0, gamma=0.5, total=   0.2s
[CV] C=4.0, gamma=1.0 ................................................
[CV] ................................. C=4.0, gamma=1.0, total=   0.2s
[CV] C=4.0, gamma=2.0 ................................................
[CV] ................................. C=4.0, gamma=2.0, total=   0.2s
[CV] C=4.0, gamma=2.0 ................................................
[CV] ................................. C=4.0, gamma=2.0, total=   0.3s
[CV] C=8.0, gamma=0.00390625 .........................................
[CV] .......................... C=8.0, gamma=0.00390625, total=   0.2s
[CV] C=8.0, gamma=0.0078125 ..........................................
[CV] ........................... C=8.0, gamma=0.0078125, total=   0.2s
[CV] C=8.0, gamma=0.015625 ...........................................
[CV] ............................ C=8.0, gamma=0.015625, total=   0.3s
[CV] C=8.0, gamma=0.03125 ............................................
[CV] ............................. C=8.0, gamma=0.03125, total=   0.3s
[CV] C=8.0, gamma=0.03125 ............................................
[CV] ............................. C=8.0, gamma=0.03125, total=   0.3s
[CV] C=8.0, gamma=0.0625 .............................................
[CV] .............................. C=8.0, gamma=0.0625, total=   0.3s
[CV] C=8.0, gamma=0.125 ..............................................
[CV] ............................... C=8.0, gamma=0.125, total=   0.3s
[CV] C=8.0, gamma=0.25 ...............................................
[CV] ................................ C=8.0, gamma=0.25, total=   0.3s
[CV] C=8.0, gamma=0.5 ................................................
[CV] ................................. C=8.0, gamma=0.5, total=   0.3s
[CV] C=8.0, gamma=0.5 ................................................
[CV] ................................. C=8.0, gamma=0.5, total=   0.3s
[CV] C=8.0, gamma=1.0 ................................................
[CV] ................................. C=8.0, gamma=1.0, total=   0.3s
[CV] C=8.0, gamma=2.0 ................................................
[CV] ................................. C=8.0, gamma=2.0, total=   0.3s
[CV] C=16.0, gamma=0.00390625 ........................................
[CV] ......................... C=16.0, gamma=0.00390625, total=   0.2s
[CV] C=16.0, gamma=0.0078125 .........................................
[CV] .......................... C=16.0, gamma=0.0078125, total=   0.2s
[CV] C=16.0, gamma=0.0078125 .........................................
[CV] .......................... C=16.0, gamma=0.0078125, total=   0.2s
[CV] C=16.0, gamma=0.015625 ..........................................
[CV] ........................... C=16.0, gamma=0.015625, total=   0.2s
[CV] C=16.0, gamma=0.03125 ...........................................
[CV] ............................ C=16.0, gamma=0.03125, total=   0.3s
[CV] C=16.0, gamma=0.0625 ............................................
[CV] ............................. C=16.0, gamma=0.0625, total=   0.3s
[CV] C=16.0, gamma=0.0625 ............................................
[CV] ............................. C=16.0, gamma=0.0625, total=   0.3s
[CV] C=16.0, gamma=0.125 .............................................
[CV] .............................. C=16.0, gamma=0.125, total=   0.3s
[CV] C=16.0, gamma=0.25 ..............................................
[CV] ............................... C=16.0, gamma=0.25, total=   0.3s
[CV] C=16.0, gamma=0.5 ...............................................
[CV] ................................ C=16.0, gamma=0.5, total=   0.3s
[CV] C=16.0, gamma=1.0 ...............................................
[CV] ................................ C=16.0, gamma=1.0, total=   0.3s
[CV] C=16.0, gamma=1.0 ...............................................
[CV] ................................ C=16.0, gamma=1.0, total=   0.3s
[CV] C=16.0, gamma=2.0 ...............................................
[CV] ................................ C=16.0, gamma=2.0, total=   0.4s
[CV] C=32.0, gamma=0.00390625 ........................................
[CV] ......................... C=32.0, gamma=0.00390625, total=   0.2s
[CV] C=32.0, gamma=0.0078125 .........................................
[CV] .......................... C=32.0, gamma=0.0078125, total=   0.2s
[CV] C=32.0, gamma=0.015625 ..........................................
[CV] ........................... C=32.0, gamma=0.015625, total=   0.2s
[CV] C=32.0, gamma=0.015625 ..........................................
[CV] ........................... C=32.0, gamma=0.015625, total=   0.2s
[CV] C=32.0, gamma=0.03125 ...........................................
[CV] ............................ C=32.0, gamma=0.03125, total=   0.2s
[CV] C=32.0, gamma=0.0625 ............................................
[CV] ............................. C=32.0, gamma=0.0625, total=   0.2s
[CV] C=32.0, gamma=0.125 .............................................
[CV] .............................. C=32.0, gamma=0.125, total=   0.3s
[CV] C=32.0, gamma=0.25 ..............................................
[CV] ............................... C=32.0, gamma=0.25, total=   0.3s
[CV] C=32.0, gamma=0.5 ...............................................
[CV] ................................ C=32.0, gamma=0.5, total=   0.4s
[CV] C=32.0, gamma=0.5 ...............................................
[CV] ................................ C=32.0, gamma=0.5, total=   0.3s
[CV] C=32.0, gamma=1.0 ...............................................
[CV] ................................ C=32.0, gamma=1.0, total=   0.4s
[CV] C=32.0, gamma=2.0 ...............................................
[CV] ................................ C=32.0, gamma=2.0, total=   0.5s
[CV] C=64.0, gamma=0.00390625 ........................................
[CV] ......................... C=64.0, gamma=0.00390625, total=   0.2s
[CV] C=64.0, gamma=0.00390625 ........................................
[CV] ......................... C=64.0, gamma=0.00390625, total=   0.3s
[CV] C=64.0, gamma=0.0078125 .........................................
[CV] .......................... C=64.0, gamma=0.0078125, total=   0.3s
[CV] C=64.0, gamma=0.015625 ..........................................
[CV] ........................... C=64.0, gamma=0.015625, total=   0.3s
[CV] C=64.0, gamma=0.03125 ...........................................
[CV] ............................ C=64.0, gamma=0.03125, total=   0.3s
[CV] C=64.0, gamma=0.03125 ...........................................
[CV] ............................ C=64.0, gamma=0.03125, total=   0.3s
[CV] C=64.0, gamma=0.0625 ............................................
[CV] ............................. C=64.0, gamma=0.0625, total=   0.3s
[CV] C=64.0, gamma=0.125 .............................................
[CV] .............................. C=64.0, gamma=0.125, total=   0.3s
[CV] C=64.0, gamma=0.25 ..............................................
[CV] ............................... C=64.0, gamma=0.25, total=   0.3s
[CV] C=64.0, gamma=0.5 ...............................................
[CV] ................................ C=64.0, gamma=0.5, total=   0.5s
[CV] C=64.0, gamma=0.5 ...............................................
[CV] ................................ C=64.0, gamma=0.5, total=   0.4s
[CV] C=64.0, gamma=1.0 ...............................................
[CV] ................................ C=64.0, gamma=1.0, total=   0.5s
[CV] C=64.0, gamma=2.0 ...............................................
[CV] ................................ C=64.0, gamma=2.0, total=   0.7s
[CV] C=128.0, gamma=0.00390625 .......................................
[CV] ........................ C=128.0, gamma=0.00390625, total=   0.2s
[CV] C=128.0, gamma=0.00390625 .......................................
[CV] ........................ C=128.0, gamma=0.00390625, total=   0.2s
[CV] C=128.0, gamma=0.0078125 ........................................
[CV] ......................... C=128.0, gamma=0.0078125, total=   0.2s
[CV] C=128.0, gamma=0.015625 .........................................
[CV] .......................... C=128.0, gamma=0.015625, total=   0.3s
[CV] C=128.0, gamma=0.03125 ..........................................
[CV] ........................... C=128.0, gamma=0.03125, total=   0.3s
[CV] C=128.0, gamma=0.0625 ...........................................
[CV] ............................ C=128.0, gamma=0.0625, total=   0.3s
[CV] C=128.0, gamma=0.0625 ...........................................
[CV] ............................ C=128.0, gamma=0.0625, total=   0.4s
[CV] C=128.0, gamma=0.125 ............................................
[CV] ............................. C=128.0, gamma=0.125, total=   0.4s
[CV] C=128.0, gamma=0.25 .............................................
[CV] .............................. C=128.0, gamma=0.25, total=   0.6s
[CV] C=128.0, gamma=0.5 ..............................................
[CV] ............................... C=128.0, gamma=0.5, total=   0.8s
[CV] C=128.0, gamma=1.0 ..............................................
[CV] ............................... C=128.0, gamma=1.0, total=   1.0s
[CV] C=128.0, gamma=1.0 ..............................................
[CV] ............................... C=128.0, gamma=1.0, total=   1.0s
[CV] C=128.0, gamma=2.0 ..............................................
[CV] ............................... C=128.0, gamma=2.0, total=   1.2s
[CV] C=256.0, gamma=0.0078125 ........................................
[CV] ......................... C=256.0, gamma=0.0078125, total=   0.3s
[CV] C=256.0, gamma=0.0078125 ........................................
[CV] ......................... C=256.0, gamma=0.0078125, total=   0.3s
[CV] C=256.0, gamma=0.015625 .........................................
[CV] .......................... C=256.0, gamma=0.015625, total=   0.3s
[CV] C=256.0, gamma=0.03125 ..........................................
[CV] ........................... C=256.0, gamma=0.03125, total=   0.4s
[CV] C=256.0, gamma=0.03125 ..........................................
[CV] ........................... C=256.0, gamma=0.03125, total=   0.4s
[CV] C=256.0, gamma=0.0625 ...........................................
[CV] ............................ C=256.0, gamma=0.0625, total=   0.5s
[CV] C=256.0, gamma=0.125 ............................................
[CV] ............................. C=256.0, gamma=0.125, total=   0.6s
[CV] C=256.0, gamma=0.25 .............................................
[CV] .............................. C=256.0, gamma=0.25, total=   0.7s
[CV] C=256.0, gamma=0.5 ..............................................
[CV] ............................... C=256.0, gamma=0.5, total=   1.0s
[CV] C=256.0, gamma=0.5 ..............................................
[CV] ............................... C=256.0, gamma=0.5, total=   1.0s
[CV] C=256.0, gamma=1.0 ..............................................
[CV] ............................... C=256.0, gamma=1.0, total=   1.4s
[CV] C=256.0, gamma=2.0 ..............................................
[CV] ............................... C=256.0, gamma=2.0, total=   2.1s
[CV] C=512.0, gamma=0.00390625 .......................................
[CV] ........................ C=512.0, gamma=0.00390625, total=   0.2s
[CV] C=512.0, gamma=0.00390625 .......................................
[CV] ........................ C=512.0, gamma=0.00390625, total=   0.3s
[CV] C=512.0, gamma=0.0078125 ........................................
[CV] ......................... C=512.0, gamma=0.0078125, total=   0.3s
[CV] C=512.0, gamma=0.015625 .........................................
[CV] .......................... C=512.0, gamma=0.015625, total=   0.4s
[CV] C=512.0, gamma=0.015625 .........................................
[CV] .......................... C=512.0, gamma=0.015625, total=   0.4s
[CV] C=512.0, gamma=0.03125 ..........................................
[CV] ........................... C=512.0, gamma=0.03125, total=   0.5s
[CV] C=512.0, gamma=0.0625 ...........................................
[CV] ............................ C=512.0, gamma=0.0625, total=   0.6s
[CV] C=512.0, gamma=0.125 ............................................
[CV] ............................. C=512.0, gamma=0.125, total=   0.9s
[CV] C=512.0, gamma=0.25 .............................................
[CV] .............................. C=512.0, gamma=0.25, total=   1.4s
[CV] C=512.0, gamma=0.5 ..............................................
[CV] ............................... C=512.0, gamma=0.5, total=   1.9s
[CV] C=512.0, gamma=0.5 ..............................................
[CV] ............................... C=512.0, gamma=0.5, total=   1.8s
[CV] C=512.0, gamma=1.0 ..............................................
[CV] ............................... C=512.0, gamma=1.0, total=   3.0s
[CV] C=512.0, gamma=2.0 ..............................................
[CV] ............................... C=512.0, gamma=2.0, total=   4.2s
[CV] C=1024.0, gamma=0.00390625 ......................................
[CV] ....................... C=1024.0, gamma=0.00390625, total=   0.3s
[CV] C=1024.0, gamma=0.0078125 .......................................
[CV] ........................ C=1024.0, gamma=0.0078125, total=   0.3s
[CV] C=1024.0, gamma=0.015625 ........................................
[CV] ......................... C=1024.0, gamma=0.015625, total=   0.4s
[CV] C=1024.0, gamma=0.015625 ........................................
[CV] ......................... C=1024.0, gamma=0.015625, total=   0.4s
[CV] C=1024.0, gamma=0.03125 .........................................
[CV] .......................... C=1024.0, gamma=0.03125, total=   0.6s
[CV] C=1024.0, gamma=0.0625 ..........................................
[CV] ........................... C=1024.0, gamma=0.0625, total=   1.0s
[CV] C=1024.0, gamma=0.125 ...........................................
[CV] ............................ C=1024.0, gamma=0.125, total=   1.4s
[CV] C=1024.0, gamma=0.125 ...........................................
[CV] ............................ C=1024.0, gamma=0.125, total=   1.6s
[CV] C=1024.0, gamma=0.25 ............................................
[CV] ............................. C=1024.0, gamma=0.25, total=   2.3s
[CV] C=1024.0, gamma=0.5 .............................................
[CV] .............................. C=1024.0, gamma=0.5, total=   3.4s
[CV] C=1024.0, gamma=1.0 .............................................
[CV] .............................. C=1024.0, gamma=1.0, total=   4.9s
[CV] C=1024.0, gamma=2.0 .............................................
[CV] .............................. C=1024.0, gamma=2.0, total=   9.6s
[CV] C=2.0, gamma=0.00390625 .........................................
[CV] .......................... C=2.0, gamma=0.00390625, total=   0.2s
[CV] C=2.0, gamma=0.00390625 .........................................
[CV] .......................... C=2.0, gamma=0.00390625, total=   0.2s
[CV] C=2.0, gamma=0.0078125 ..........................................
[CV] ........................... C=2.0, gamma=0.0078125, total=   0.2s
[CV] C=2.0, gamma=0.015625 ...........................................
[CV] ............................ C=2.0, gamma=0.015625, total=   0.2s
[CV] C=2.0, gamma=0.03125 ............................................
[CV] ............................. C=2.0, gamma=0.03125, total=   0.2s
[CV] C=2.0, gamma=0.0625 .............................................
[CV] .............................. C=2.0, gamma=0.0625, total=   0.2s
[CV] C=2.0, gamma=0.0625 .............................................
[CV] .............................. C=2.0, gamma=0.0625, total=   0.2s
[CV] C=2.0, gamma=0.125 ..............................................
[CV] ............................... C=2.0, gamma=0.125, total=   0.2s
[CV] C=2.0, gamma=0.25 ...............................................
[CV] ................................ C=2.0, gamma=0.25, total=   0.2s
[CV] C=2.0, gamma=0.5 ................................................
[CV] ................................. C=2.0, gamma=0.5, total=   0.2s
[CV] C=2.0, gamma=1.0 ................................................
[CV] ................................. C=2.0, gamma=1.0, total=   0.2s
[CV] C=2.0, gamma=1.0 ................................................
[CV] ................................. C=2.0, gamma=1.0, total=   0.2s
[CV] C=2.0, gamma=2.0 ................................................
[CV] ................................. C=2.0, gamma=2.0, total=   0.2s
[CV] C=4.0, gamma=0.00390625 .........................................
[CV] .......................... C=4.0, gamma=0.00390625, total=   0.2s
[CV] C=4.0, gamma=0.0078125 ..........................................
[CV] ........................... C=4.0, gamma=0.0078125, total=   0.2s
[CV] C=4.0, gamma=0.015625 ...........................................
[CV] ............................ C=4.0, gamma=0.015625, total=   0.2s
[CV] C=4.0, gamma=0.015625 ...........................................
[CV] ............................ C=4.0, gamma=0.015625, total=   0.2s
[CV] C=4.0, gamma=0.03125 ............................................
[CV] ............................. C=4.0, gamma=0.03125, total=   0.2s
[CV] C=4.0, gamma=0.0625 .............................................
[CV] .............................. C=4.0, gamma=0.0625, total=   0.2s
[CV] C=4.0, gamma=0.125 ..............................................
[CV] ............................... C=4.0, gamma=0.125, total=   0.2s
[CV] C=4.0, gamma=0.25 ...............................................
[CV] ................................ C=4.0, gamma=0.25, total=   0.2s
[CV] C=4.0, gamma=0.25 ...............................................
[CV] ................................ C=4.0, gamma=0.25, total=   0.2s
[CV] C=4.0, gamma=0.5 ................................................
[CV] ................................. C=4.0, gamma=0.5, total=   0.2s
[CV] C=4.0, gamma=1.0 ................................................
[CV] ................................. C=4.0, gamma=1.0, total=   0.2s
[CV] C=4.0, gamma=2.0 ................................................
[CV] ................................. C=4.0, gamma=2.0, total=   0.3s
[CV] C=8.0, gamma=0.00390625 .........................................
[CV] .......................... C=8.0, gamma=0.00390625, total=   0.2s
[CV] C=8.0, gamma=0.00390625 .........................................
[CV] .......................... C=8.0, gamma=0.00390625, total=   0.2s
[CV] C=8.0, gamma=0.0078125 ..........................................
[CV] ........................... C=8.0, gamma=0.0078125, total=   0.2s
[CV] C=8.0, gamma=0.015625 ...........................................
[CV] ............................ C=8.0, gamma=0.015625, total=   0.3s
[CV] C=8.0, gamma=0.03125 ............................................
[CV] ............................. C=8.0, gamma=0.03125, total=   0.2s
[CV] C=8.0, gamma=0.0625 .............................................
[CV] .............................. C=8.0, gamma=0.0625, total=   0.3s
[CV] C=8.0, gamma=0.0625 .............................................
[CV] .............................. C=8.0, gamma=0.0625, total=   0.3s
[CV] C=8.0, gamma=0.125 ..............................................
[CV] ............................... C=8.0, gamma=0.125, total=   0.3s
[CV] C=8.0, gamma=0.25 ...............................................
[CV] ................................ C=8.0, gamma=0.25, total=   0.2s
[CV] C=8.0, gamma=0.5 ................................................
[CV] ................................. C=8.0, gamma=0.5, total=   0.3s
[CV] C=8.0, gamma=1.0 ................................................
[CV] ................................. C=8.0, gamma=1.0, total=   0.3s
[CV] C=8.0, gamma=1.0 ................................................
[CV] ................................. C=8.0, gamma=1.0, total=   0.3s
[CV] C=8.0, gamma=2.0 ................................................
[CV] ................................. C=8.0, gamma=2.0, total=   0.3s
[CV] C=16.0, gamma=0.00390625 ........................................
[CV] ......................... C=16.0, gamma=0.00390625, total=   0.2s
[CV] C=16.0, gamma=0.0078125 .........................................
[CV] .......................... C=16.0, gamma=0.0078125, total=   0.2s
[CV] C=16.0, gamma=0.015625 ..........................................
[CV] ........................... C=16.0, gamma=0.015625, total=   0.2s
[CV] C=16.0, gamma=0.015625 ..........................................
[CV] ........................... C=16.0, gamma=0.015625, total=   0.2s
[CV] C=16.0, gamma=0.03125 ...........................................
[CV] ............................ C=16.0, gamma=0.03125, total=   0.3s
[CV] C=16.0, gamma=0.0625 ............................................
[CV] ............................. C=16.0, gamma=0.0625, total=   0.3s
[CV] C=16.0, gamma=0.125 .............................................
[CV] .............................. C=16.0, gamma=0.125, total=   0.3s
[CV] C=16.0, gamma=0.25 ..............................................
[CV] ............................... C=16.0, gamma=0.25, total=   0.3s
[CV] C=16.0, gamma=0.25 ..............................................
[CV] ............................... C=16.0, gamma=0.25, total=   0.3s
[CV] C=16.0, gamma=0.5 ...............................................
[CV] ................................ C=16.0, gamma=0.5, total=   0.3s
[CV] C=16.0, gamma=1.0 ...............................................
[CV] ................................ C=16.0, gamma=1.0, total=   0.3s
[CV] C=16.0, gamma=2.0 ...............................................
[CV] ................................ C=16.0, gamma=2.0, total=   0.3s
[CV] C=32.0, gamma=0.00390625 ........................................
[CV] ......................... C=32.0, gamma=0.00390625, total=   0.2s
[CV] C=32.0, gamma=0.00390625 ........................................
[CV] ......................... C=32.0, gamma=0.00390625, total=   0.2s
[CV] C=32.0, gamma=0.0078125 .........................................
[CV] .......................... C=32.0, gamma=0.0078125, total=   0.2s
[CV] C=32.0, gamma=0.015625 ..........................................
[CV] ........................... C=32.0, gamma=0.015625, total=   0.2s
[CV] C=32.0, gamma=0.03125 ...........................................
[CV] ............................ C=32.0, gamma=0.03125, total=   0.2s
[CV] C=32.0, gamma=0.0625 ............................................
[CV] ............................. C=32.0, gamma=0.0625, total=   0.2s
[CV] C=32.0, gamma=0.0625 ............................................
[CV] ............................. C=32.0, gamma=0.0625, total=   0.2s
[CV] C=32.0, gamma=0.125 .............................................
[CV] .............................. C=32.0, gamma=0.125, total=   0.3s
[CV] C=32.0, gamma=0.25 ..............................................
[CV] ............................... C=32.0, gamma=0.25, total=   0.3s
[CV] C=32.0, gamma=0.5 ...............................................
[CV] ................................ C=32.0, gamma=0.5, total=   0.4s
[CV] C=32.0, gamma=1.0 ...............................................
[CV] ................................ C=32.0, gamma=1.0, total=   0.4s
[CV] C=32.0, gamma=1.0 ...............................................
[CV] ................................ C=32.0, gamma=1.0, total=   0.4s
[CV] C=32.0, gamma=2.0 ...............................................
[CV] ................................ C=32.0, gamma=2.0, total=   0.5s
[CV] C=64.0, gamma=0.00390625 ........................................
[CV] ......................... C=64.0, gamma=0.00390625, total=   0.3s
[CV] C=64.0, gamma=0.0078125 .........................................
[CV] .......................... C=64.0, gamma=0.0078125, total=   0.3s
[CV] C=64.0, gamma=0.015625 ..........................................
[CV] ........................... C=64.0, gamma=0.015625, total=   0.3s
[CV] C=64.0, gamma=0.015625 ..........................................
[CV] ........................... C=64.0, gamma=0.015625, total=   0.3s
[CV] C=64.0, gamma=0.03125 ...........................................
[CV] ............................ C=64.0, gamma=0.03125, total=   0.3s
[CV] C=64.0, gamma=0.0625 ............................................
[CV] ............................. C=64.0, gamma=0.0625, total=   0.3s
[CV] C=64.0, gamma=0.125 .............................................
[CV] .............................. C=64.0, gamma=0.125, total=   0.3s
[CV] C=64.0, gamma=0.25 ..............................................
[CV] ............................... C=64.0, gamma=0.25, total=   0.4s
[CV] C=64.0, gamma=0.25 ..............................................
[CV] ............................... C=64.0, gamma=0.25, total=   0.4s
[CV] C=64.0, gamma=0.5 ...............................................
[CV] ................................ C=64.0, gamma=0.5, total=   0.5s
[CV] C=64.0, gamma=1.0 ...............................................
[CV] ................................ C=64.0, gamma=1.0, total=   0.5s
[CV] C=64.0, gamma=2.0 ...............................................
[CV] ................................ C=64.0, gamma=2.0, total=   0.6s
[CV] C=64.0, gamma=2.0 ...............................................
[CV] ................................ C=64.0, gamma=2.0, total=   0.7s
[CV] C=128.0, gamma=0.0078125 ........................................
[CV] ......................... C=128.0, gamma=0.0078125, total=   0.2s
[CV] C=128.0, gamma=0.015625 .........................................
[CV] .......................... C=128.0, gamma=0.015625, total=   0.3s
[CV] C=128.0, gamma=0.03125 ..........................................
[CV] ........................... C=128.0, gamma=0.03125, total=   0.3s
[CV] C=128.0, gamma=0.03125 ..........................................
[CV] ........................... C=128.0, gamma=0.03125, total=   0.3s
[CV] C=128.0, gamma=0.0625 ...........................................
[CV] ............................ C=128.0, gamma=0.0625, total=   0.3s
[CV] C=128.0, gamma=0.125 ............................................
[CV] ............................. C=128.0, gamma=0.125, total=   0.4s
[CV] C=128.0, gamma=0.25 .............................................
[CV] .............................. C=128.0, gamma=0.25, total=   0.5s
[CV] C=128.0, gamma=0.5 ..............................................
[CV] ............................... C=128.0, gamma=0.5, total=   0.8s
[CV] C=128.0, gamma=0.5 ..............................................
[CV] ............................... C=128.0, gamma=0.5, total=   0.8s
[CV] C=128.0, gamma=1.0 ..............................................
[CV] ............................... C=128.0, gamma=1.0, total=   0.9s
[CV] C=128.0, gamma=2.0 ..............................................
[CV] ............................... C=128.0, gamma=2.0, total=   1.2s
[CV] C=256.0, gamma=0.00390625 .......................................
[CV] ........................ C=256.0, gamma=0.00390625, total=   0.3s
[CV] C=256.0, gamma=0.00390625 .......................................
[CV] ........................ C=256.0, gamma=0.00390625, total=   0.2s
[CV] C=256.0, gamma=0.0078125 ........................................
[CV] ......................... C=256.0, gamma=0.0078125, total=   0.3s
[CV] C=256.0, gamma=0.015625 .........................................
[CV] .......................... C=256.0, gamma=0.015625, total=   0.3s
[CV] C=256.0, gamma=0.015625 .........................................
[CV] .......................... C=256.0, gamma=0.015625, total=   0.3s
[CV] C=256.0, gamma=0.03125 ..........................................
[CV] ........................... C=256.0, gamma=0.03125, total=   0.4s
[CV] C=256.0, gamma=0.0625 ...........................................
[CV] ............................ C=256.0, gamma=0.0625, total=   0.5s
[CV] C=256.0, gamma=0.125 ............................................
[CV] ............................. C=256.0, gamma=0.125, total=   0.6s
[CV] C=256.0, gamma=0.125 ............................................
[CV] ............................. C=256.0, gamma=0.125, total=   0.6s
[CV] C=256.0, gamma=0.25 .............................................
[CV] .............................. C=256.0, gamma=0.25, total=   0.7s
[CV] C=256.0, gamma=0.5 ..............................................
[CV] ............................... C=256.0, gamma=0.5, total=   1.0s
[CV] C=256.0, gamma=1.0 ..............................................
[CV] ............................... C=256.0, gamma=1.0, total=   1.5s
[CV] C=256.0, gamma=2.0 ..............................................
[CV] ............................... C=256.0, gamma=2.0, total=   2.0s
[CV] C=256.0, gamma=2.0 ..............................................
[CV] ............................... C=256.0, gamma=2.0, total=   1.9s
[CV] C=512.0, gamma=0.015625 .........................................
[CV] .......................... C=512.0, gamma=0.015625, total=   0.4s
[CV] C=512.0, gamma=0.03125 ..........................................
[CV] ........................... C=512.0, gamma=0.03125, total=   0.5s
[CV] C=512.0, gamma=0.0625 ...........................................
[CV] ............................ C=512.0, gamma=0.0625, total=   0.6s
[CV] C=512.0, gamma=0.0625 ...........................................
[CV] ............................ C=512.0, gamma=0.0625, total=   0.6s
[CV] C=512.0, gamma=0.125 ............................................
[CV] ............................. C=512.0, gamma=0.125, total=   1.0s
[CV] C=512.0, gamma=0.25 .............................................
[CV] .............................. C=512.0, gamma=0.25, total=   1.2s
[CV] C=512.0, gamma=0.5 ..............................................
[CV] ............................... C=512.0, gamma=0.5, total=   1.7s
[CV] C=512.0, gamma=1.0 ..............................................
[CV] ............................... C=512.0, gamma=1.0, total=   2.4s
[CV] C=512.0, gamma=1.0 ..............................................
[CV] ............................... C=512.0, gamma=1.0, total=   2.9s
[CV] C=512.0, gamma=2.0 ..............................................
[CV] ............................... C=512.0, gamma=2.0, total=   3.7s
[CV] C=1024.0, gamma=0.0078125 .......................................
[CV] ........................ C=1024.0, gamma=0.0078125, total=   0.3s
[CV] C=1024.0, gamma=0.0078125 .......................................
[CV] ........................ C=1024.0, gamma=0.0078125, total=   0.3s
[CV] C=1024.0, gamma=0.015625 ........................................
[CV] ......................... C=1024.0, gamma=0.015625, total=   0.4s
[CV] C=1024.0, gamma=0.03125 .........................................
[CV] .......................... C=1024.0, gamma=0.03125, total=   0.5s
[CV] C=1024.0, gamma=0.03125 .........................................
[CV] .......................... C=1024.0, gamma=0.03125, total=   0.7s
[CV] C=1024.0, gamma=0.0625 ..........................................
[CV] ........................... C=1024.0, gamma=0.0625, total=   1.1s
[CV] C=1024.0, gamma=0.125 ...........................................
[CV] ............................ C=1024.0, gamma=0.125, total=   1.5s
[CV] C=1024.0, gamma=0.25 ............................................
[CV] ............................. C=1024.0, gamma=0.25, total=   2.4s
[CV] C=1024.0, gamma=0.5 .............................................
[CV] .............................. C=1024.0, gamma=0.5, total=   2.9s
[CV] C=1024.0, gamma=0.5 .............................................
[CV] .............................. C=1024.0, gamma=0.5, total=   4.3s
[CV] C=1024.0, gamma=1.0 .............................................
[CV] .............................. C=1024.0, gamma=1.0, total=   4.5s
[CV] C=1024.0, gamma=2.0 .............................................
[CV] .............................. C=1024.0, gamma=2.0, total=   8.3s
[CV] C=2.0, gamma=0.00390625 .........................................
[CV] .......................... C=2.0, gamma=0.00390625, total=   0.2s
[CV] C=2.0, gamma=0.0078125 ..........................................
[CV] ........................... C=2.0, gamma=0.0078125, total=   0.2s
[CV] C=2.0, gamma=0.015625 ...........................................
[CV] ............................ C=2.0, gamma=0.015625, total=   0.2s
[CV] C=2.0, gamma=0.015625 ...........................................
[CV] ............................ C=2.0, gamma=0.015625, total=   0.2s
[CV] C=2.0, gamma=0.03125 ............................................
[CV] ............................. C=2.0, gamma=0.03125, total=   0.2s
[CV] C=2.0, gamma=0.0625 .............................................
[CV] .............................. C=2.0, gamma=0.0625, total=   0.2s
[CV] C=2.0, gamma=0.125 ..............................................
[CV] ............................... C=2.0, gamma=0.125, total=   0.2s
[CV] C=2.0, gamma=0.25 ...............................................
[CV] ................................ C=2.0, gamma=0.25, total=   0.2s
[CV] C=2.0, gamma=0.25 ...............................................
[CV] ................................ C=2.0, gamma=0.25, total=   0.2s
[CV] C=2.0, gamma=0.5 ................................................
[CV] ................................. C=2.0, gamma=0.5, total=   0.2s
[CV] C=2.0, gamma=1.0 ................................................
[CV] ................................. C=2.0, gamma=1.0, total=   0.2s
[CV] C=2.0, gamma=2.0 ................................................
[CV] ................................. C=2.0, gamma=2.0, total=   0.2s
[CV] C=4.0, gamma=0.00390625 .........................................
[CV] .......................... C=4.0, gamma=0.00390625, total=   0.2s
[CV] C=4.0, gamma=0.00390625 .........................................
[CV] .......................... C=4.0, gamma=0.00390625, total=   0.2s
[CV] C=4.0, gamma=0.0078125 ..........................................
[CV] ........................... C=4.0, gamma=0.0078125, total=   0.2s
[CV] C=4.0, gamma=0.015625 ...........................................
[CV] ............................ C=4.0, gamma=0.015625, total=   0.2s
[CV] C=4.0, gamma=0.03125 ............................................
[CV] ............................. C=4.0, gamma=0.03125, total=   0.2s
[CV] C=4.0, gamma=0.0625 .............................................
[CV] .............................. C=4.0, gamma=0.0625, total=   0.2s
[CV] C=4.0, gamma=0.0625 .............................................
[CV] .............................. C=4.0, gamma=0.0625, total=   0.2s
[CV] C=4.0, gamma=0.125 ..............................................
[CV] ............................... C=4.0, gamma=0.125, total=   0.2s
[CV] C=4.0, gamma=0.25 ...............................................
[CV] ................................ C=4.0, gamma=0.25, total=   0.2s
[CV] C=4.0, gamma=0.5 ................................................
[CV] ................................. C=4.0, gamma=0.5, total=   0.2s
[CV] C=4.0, gamma=1.0 ................................................
[CV] ................................. C=4.0, gamma=1.0, total=   0.2s
[CV] C=4.0, gamma=1.0 ................................................
[CV] ................................. C=4.0, gamma=1.0, total=   0.2s
[CV] C=4.0, gamma=2.0 ................................................
[CV] ................................. C=4.0, gamma=2.0, total=   0.3s
[CV] C=8.0, gamma=0.00390625 .........................................
[CV] .......................... C=8.0, gamma=0.00390625, total=   0.2s
[CV] C=8.0, gamma=0.0078125 ..........................................
[CV] ........................... C=8.0, gamma=0.0078125, total=   0.2s
[CV] C=8.0, gamma=0.015625 ...........................................
[CV] ............................ C=8.0, gamma=0.015625, total=   0.2s
[CV] C=8.0, gamma=0.015625 ...........................................
[CV] ............................ C=8.0, gamma=0.015625, total=   0.2s
[CV] C=8.0, gamma=0.03125 ............................................
[CV] ............................. C=8.0, gamma=0.03125, total=   0.2s
[CV] C=8.0, gamma=0.0625 .............................................
[CV] .............................. C=8.0, gamma=0.0625, total=   0.3s
[CV] C=8.0, gamma=0.125 ..............................................
[CV] ............................... C=8.0, gamma=0.125, total=   0.3s
[CV] C=8.0, gamma=0.25 ...............................................
[CV] ................................ C=8.0, gamma=0.25, total=   0.3s
[CV] C=8.0, gamma=0.25 ...............................................
[CV] ................................ C=8.0, gamma=0.25, total=   0.2s
[CV] C=8.0, gamma=0.5 ................................................
[CV] ................................. C=8.0, gamma=0.5, total=   0.3s
[CV] C=8.0, gamma=1.0 ................................................
[CV] ................................. C=8.0, gamma=1.0, total=   0.3s
[CV] C=8.0, gamma=2.0 ................................................
[CV] ................................. C=8.0, gamma=2.0, total=   0.3s
[CV] C=16.0, gamma=0.00390625 ........................................
[CV] ......................... C=16.0, gamma=0.00390625, total=   0.2s
[CV] C=16.0, gamma=0.00390625 ........................................
[CV] ......................... C=16.0, gamma=0.00390625, total=   0.2s
[CV] C=16.0, gamma=0.0078125 .........................................
[CV] .......................... C=16.0, gamma=0.0078125, total=   0.2s
[CV] C=16.0, gamma=0.015625 ..........................................
[CV] ........................... C=16.0, gamma=0.015625, total=   0.2s
[CV] C=16.0, gamma=0.03125 ...........................................
[CV] ............................ C=16.0, gamma=0.03125, total=   0.3s
[CV] C=16.0, gamma=0.03125 ...........................................
[CV] ............................ C=16.0, gamma=0.03125, total=   0.3s
[CV] C=16.0, gamma=0.0625 ............................................
[CV] ............................. C=16.0, gamma=0.0625, total=   0.3s
[CV] C=16.0, gamma=0.125 .............................................
[CV] .............................. C=16.0, gamma=0.125, total=   0.3s
[CV] C=16.0, gamma=0.25 ..............................................
[CV] ............................... C=16.0, gamma=0.25, total=   0.3s
[CV] C=16.0, gamma=0.5 ...............................................
[CV] ................................ C=16.0, gamma=0.5, total=   0.3s
[CV] C=16.0, gamma=0.5 ...............................................
[CV] ................................ C=16.0, gamma=0.5, total=   0.3s
[CV] C=16.0, gamma=1.0 ...............................................
[CV] ................................ C=16.0, gamma=1.0, total=   0.3s
[CV] C=16.0, gamma=2.0 ...............................................
[CV] ................................ C=16.0, gamma=2.0, total=   0.3s
[CV] C=32.0, gamma=0.00390625 ........................................
[CV] ......................... C=32.0, gamma=0.00390625, total=   0.2s
[CV] C=32.0, gamma=0.0078125 .........................................
[CV] .......................... C=32.0, gamma=0.0078125, total=   0.2s
[CV] C=32.0, gamma=0.0078125 .........................................
[CV] .......................... C=32.0, gamma=0.0078125, total=   0.2s
[CV] C=32.0, gamma=0.015625 ..........................................
[CV] ........................... C=32.0, gamma=0.015625, total=   0.2s
[CV] C=32.0, gamma=0.03125 ...........................................
[CV] ............................ C=32.0, gamma=0.03125, total=   0.2s
[CV] C=32.0, gamma=0.0625 ............................................
[CV] ............................. C=32.0, gamma=0.0625, total=   0.2s
[CV] C=32.0, gamma=0.125 .............................................
[CV] .............................. C=32.0, gamma=0.125, total=   0.3s
[CV] C=32.0, gamma=0.125 .............................................
[CV] .............................. C=32.0, gamma=0.125, total=   0.3s
[CV] C=32.0, gamma=0.25 ..............................................
[CV] ............................... C=32.0, gamma=0.25, total=   0.3s
[CV] C=32.0, gamma=0.5 ...............................................
[CV] ................................ C=32.0, gamma=0.5, total=   0.3s
[CV] C=32.0, gamma=1.0 ...............................................
[CV] ................................ C=32.0, gamma=1.0, total=   0.4s
[CV] C=32.0, gamma=2.0 ...............................................
[CV] ................................ C=32.0, gamma=2.0, total=   0.5s
[CV] C=32.0, gamma=2.0 ...............................................
[CV] ................................ C=32.0, gamma=2.0, total=   0.6s
[CV] C=64.0, gamma=0.0078125 .........................................
[CV] .......................... C=64.0, gamma=0.0078125, total=   0.3s
[CV] C=64.0, gamma=0.0078125 .........................................
[CV] .......................... C=64.0, gamma=0.0078125, total=   0.3s
[CV] C=64.0, gamma=0.015625 ..........................................
[CV] ........................... C=64.0, gamma=0.015625, total=   0.3s
[CV] C=64.0, gamma=0.03125 ...........................................
[CV] ............................ C=64.0, gamma=0.03125, total=   0.3s
[CV] C=64.0, gamma=0.0625 ............................................
[CV] ............................. C=64.0, gamma=0.0625, total=   0.3s
[CV] C=64.0, gamma=0.125 .............................................
[CV] .............................. C=64.0, gamma=0.125, total=   0.3s
[CV] C=64.0, gamma=0.125 .............................................
[CV] .............................. C=64.0, gamma=0.125, total=   0.3s
[CV] C=64.0, gamma=0.25 ..............................................
[CV] ............................... C=64.0, gamma=0.25, total=   0.4s
[CV] C=64.0, gamma=0.5 ...............................................
[CV] ................................ C=64.0, gamma=0.5, total=   0.5s
[CV] C=64.0, gamma=1.0 ...............................................
[CV] ................................ C=64.0, gamma=1.0, total=   0.6s
[CV] C=64.0, gamma=2.0 ...............................................
[CV] ................................ C=64.0, gamma=2.0, total=   0.7s
[CV] C=128.0, gamma=0.00390625 .......................................
[CV] ........................ C=128.0, gamma=0.00390625, total=   0.2s
[CV] C=128.0, gamma=0.00390625 .......................................
[CV] ........................ C=128.0, gamma=0.00390625, total=   0.2s
[CV] C=128.0, gamma=0.0078125 ........................................
[CV] ......................... C=128.0, gamma=0.0078125, total=   0.2s
[CV] C=128.0, gamma=0.0078125 ........................................
[CV] ......................... C=128.0, gamma=0.0078125, total=   0.2s
[CV] C=128.0, gamma=0.015625 .........................................
[CV] .......................... C=128.0, gamma=0.015625, total=   0.3s
[CV] C=128.0, gamma=0.03125 ..........................................
[CV] ........................... C=128.0, gamma=0.03125, total=   0.3s
[CV] C=128.0, gamma=0.0625 ...........................................
[CV] ............................ C=128.0, gamma=0.0625, total=   0.3s
[CV] C=128.0, gamma=0.125 ............................................
[CV] ............................. C=128.0, gamma=0.125, total=   0.4s
[CV] C=128.0, gamma=0.125 ............................................
[CV] ............................. C=128.0, gamma=0.125, total=   0.4s
[CV] C=128.0, gamma=0.25 .............................................
[CV] .............................. C=128.0, gamma=0.25, total=   0.5s
[CV] C=128.0, gamma=0.5 ..............................................
[CV] ............................... C=128.0, gamma=0.5, total=   1.0s
[CV] C=128.0, gamma=1.0 ..............................................
[CV] ............................... C=128.0, gamma=1.0, total=   0.9s
[CV] C=128.0, gamma=2.0 ..............................................
[CV] ............................... C=128.0, gamma=2.0, total=   1.2s
[CV] C=128.0, gamma=2.0 ..............................................
[CV] ............................... C=128.0, gamma=2.0, total=   1.3s
[CV] C=256.0, gamma=0.0078125 ........................................
[CV] ......................... C=256.0, gamma=0.0078125, total=   0.3s
[CV] C=256.0, gamma=0.015625 .........................................
[CV] .......................... C=256.0, gamma=0.015625, total=   0.3s
[CV] C=256.0, gamma=0.03125 ..........................................
[CV] ........................... C=256.0, gamma=0.03125, total=   0.4s
[CV] C=256.0, gamma=0.0625 ...........................................
[CV] ............................ C=256.0, gamma=0.0625, total=   0.5s
[CV] C=256.0, gamma=0.125 ............................................
[CV] ............................. C=256.0, gamma=0.125, total=   0.7s
[CV] C=256.0, gamma=0.25 .............................................
[CV] .............................. C=256.0, gamma=0.25, total=   0.7s
[CV] C=256.0, gamma=0.25 .............................................
[CV] .............................. C=256.0, gamma=0.25, total=   0.7s
[CV] C=256.0, gamma=0.5 ..............................................
[CV] ............................... C=256.0, gamma=0.5, total=   1.0s
[CV] C=256.0, gamma=1.0 ..............................................
[CV] ............................... C=256.0, gamma=1.0, total=   1.5s
[CV] C=256.0, gamma=2.0 ..............................................
[CV] ............................... C=256.0, gamma=2.0, total=   1.9s
[CV] C=512.0, gamma=0.00390625 .......................................
[CV] ........................ C=512.0, gamma=0.00390625, total=   0.3s
[CV] C=512.0, gamma=0.00390625 .......................................
[CV] ........................ C=512.0, gamma=0.00390625, total=   0.2s
[CV] C=512.0, gamma=0.00390625 .......................................
[CV] ........................ C=512.0, gamma=0.00390625, total=   0.2s
[CV] C=512.0, gamma=0.0078125 ........................................
[CV] ......................... C=512.0, gamma=0.0078125, total=   0.3s
[CV] C=512.0, gamma=0.0078125 ........................................
[CV] ......................... C=512.0, gamma=0.0078125, total=   0.3s
[CV] C=512.0, gamma=0.015625 .........................................
[CV] .......................... C=512.0, gamma=0.015625, total=   0.4s
[CV] C=512.0, gamma=0.03125 ..........................................
[CV] ........................... C=512.0, gamma=0.03125, total=   0.5s
[CV] C=512.0, gamma=0.03125 ..........................................
[CV] ........................... C=512.0, gamma=0.03125, total=   0.5s
[CV] C=512.0, gamma=0.0625 ...........................................
[CV] ............................ C=512.0, gamma=0.0625, total=   0.6s
[CV] C=512.0, gamma=0.125 ............................................
[CV] ............................. C=512.0, gamma=0.125, total=   0.8s
[CV] C=512.0, gamma=0.25 .............................................
[CV] .............................. C=512.0, gamma=0.25, total=   1.2s
[CV] C=512.0, gamma=0.25 .............................................
[CV] .............................. C=512.0, gamma=0.25, total=   1.2s
[CV] C=512.0, gamma=0.5 ..............................................
[CV] ............................... C=512.0, gamma=0.5, total=   1.6s
[CV] C=512.0, gamma=1.0 ..............................................
[CV] ............................... C=512.0, gamma=1.0, total=   3.0s
[CV] C=512.0, gamma=2.0 ..............................................
[CV] ............................... C=512.0, gamma=2.0, total=   3.7s
[CV] C=1024.0, gamma=0.00390625 ......................................
[CV] ....................... C=1024.0, gamma=0.00390625, total=   0.3s
[CV] C=1024.0, gamma=0.00390625 ......................................
[CV] ....................... C=1024.0, gamma=0.00390625, total=   0.3s
[CV] C=1024.0, gamma=0.00390625 ......................................
[CV] ....................... C=1024.0, gamma=0.00390625, total=   0.3s
[CV] C=1024.0, gamma=0.00390625 ......................................
[CV] ....................... C=1024.0, gamma=0.00390625, total=   0.3s
[CV] C=1024.0, gamma=0.0078125 .......................................
[CV] ........................ C=1024.0, gamma=0.0078125, total=   0.3s
[CV] C=1024.0, gamma=0.0078125 .......................................
[CV] ........................ C=1024.0, gamma=0.0078125, total=   0.4s
[CV] C=1024.0, gamma=0.015625 ........................................
[CV] ......................... C=1024.0, gamma=0.015625, total=   0.4s
[CV] C=1024.0, gamma=0.03125 .........................................
[CV] .......................... C=1024.0, gamma=0.03125, total=   0.6s
[CV] C=1024.0, gamma=0.0625 ..........................................
[CV] ........................... C=1024.0, gamma=0.0625, total=   1.0s
[CV] C=1024.0, gamma=0.0625 ..........................................
[CV] ........................... C=1024.0, gamma=0.0625, total=   1.0s
[CV] C=1024.0, gamma=0.125 ...........................................
[CV] ............................ C=1024.0, gamma=0.125, total=   1.7s
[CV] C=1024.0, gamma=0.25 ............................................
[CV] ............................. C=1024.0, gamma=0.25, total=   2.5s
[CV] C=1024.0, gamma=0.5 .............................................
[CV] .............................. C=1024.0, gamma=0.5, total=   2.9s
[CV] C=1024.0, gamma=1.0 .............................................
[CV] .............................. C=1024.0, gamma=1.0, total=   5.1s
[CV] C=1024.0, gamma=1.0 .............................................
[CV] .............................. C=1024.0, gamma=1.0, total=   4.7s
[CV] C=1024.0, gamma=2.0 .............................................
[CV] .............................. C=1024.0, gamma=2.0, total=   7.9s
[CV] C=2.0, gamma=0.00390625 .........................................
[CV] .......................... C=2.0, gamma=0.00390625, total=   0.2s
[CV] C=2.0, gamma=0.0078125 ..........................................
[CV] ........................... C=2.0, gamma=0.0078125, total=   0.2s
[CV] C=2.0, gamma=0.0078125 ..........................................
[CV] ........................... C=2.0, gamma=0.0078125, total=   0.2s
[CV] C=2.0, gamma=0.015625 ...........................................
[CV] ............................ C=2.0, gamma=0.015625, total=   0.2s
[CV] C=2.0, gamma=0.03125 ............................................
[CV] ............................. C=2.0, gamma=0.03125, total=   0.2s
[CV] C=2.0, gamma=0.0625 .............................................
[CV] .............................. C=2.0, gamma=0.0625, total=   0.2s
[CV] C=2.0, gamma=0.125 ..............................................
[CV] ............................... C=2.0, gamma=0.125, total=   0.2s
[CV] C=2.0, gamma=0.125 ..............................................
[CV] ............................... C=2.0, gamma=0.125, total=   0.2s
[CV] C=2.0, gamma=0.25 ...............................................
[CV] ................................ C=2.0, gamma=0.25, total=   0.2s
[CV] C=2.0, gamma=0.5 ................................................
[CV] ................................. C=2.0, gamma=0.5, total=   0.2s
[CV] C=2.0, gamma=1.0 ................................................
[CV] ................................. C=2.0, gamma=1.0, total=   0.2s
[CV] C=2.0, gamma=2.0 ................................................
[CV] ................................. C=2.0, gamma=2.0, total=   0.2s
[CV] C=2.0, gamma=2.0 ................................................
[CV] ................................. C=2.0, gamma=2.0, total=   0.2s
[CV] C=4.0, gamma=0.00390625 .........................................
[CV] .......................... C=4.0, gamma=0.00390625, total=   0.2s
[CV] C=4.0, gamma=0.0078125 ..........................................
[CV] ........................... C=4.0, gamma=0.0078125, total=   0.2s
[CV] C=4.0, gamma=0.015625 ...........................................
[CV] ............................ C=4.0, gamma=0.015625, total=   0.2s
[CV] C=4.0, gamma=0.03125 ............................................
[CV] ............................. C=4.0, gamma=0.03125, total=   0.2s
[CV] C=4.0, gamma=0.03125 ............................................
[CV] ............................. C=4.0, gamma=0.03125, total=   0.2s
[CV] C=4.0, gamma=0.0625 .............................................
[CV] .............................. C=4.0, gamma=0.0625, total=   0.2s
[CV] C=4.0, gamma=0.125 ..............................................
[CV] ............................... C=4.0, gamma=0.125, total=   0.2s
[CV] C=4.0, gamma=0.25 ...............................................
[CV] ................................ C=4.0, gamma=0.25, total=   0.2s
[CV] C=4.0, gamma=0.5 ................................................
[CV] ................................. C=4.0, gamma=0.5, total=   0.2s
[CV] C=4.0, gamma=0.5 ................................................
[CV] ................................. C=4.0, gamma=0.5, total=   0.2s
[CV] C=4.0, gamma=1.0 ................................................
[CV] ................................. C=4.0, gamma=1.0, total=   0.2s
[CV] C=4.0, gamma=2.0 ................................................
[CV] ................................. C=4.0, gamma=2.0, total=   0.3s
[CV] C=8.0, gamma=0.00390625 .........................................
[CV] .......................... C=8.0, gamma=0.00390625, total=   0.2s
[CV] C=8.0, gamma=0.0078125 ..........................................
[CV] ........................... C=8.0, gamma=0.0078125, total=   0.2s
[CV] C=8.0, gamma=0.0078125 ..........................................
[CV] ........................... C=8.0, gamma=0.0078125, total=   0.2s
[CV] C=8.0, gamma=0.015625 ...........................................
[CV] ............................ C=8.0, gamma=0.015625, total=   0.3s
[CV] C=8.0, gamma=0.03125 ............................................
[CV] ............................. C=8.0, gamma=0.03125, total=   0.3s
[CV] C=8.0, gamma=0.0625 .............................................
[CV] .............................. C=8.0, gamma=0.0625, total=   0.3s
[CV] C=8.0, gamma=0.125 ..............................................
[CV] ............................... C=8.0, gamma=0.125, total=   0.3s
[CV] C=8.0, gamma=0.125 ..............................................
[CV] ............................... C=8.0, gamma=0.125, total=   0.3s
[CV] C=8.0, gamma=0.25 ...............................................
[CV] ................................ C=8.0, gamma=0.25, total=   0.2s
[CV] C=8.0, gamma=0.5 ................................................
[CV] ................................. C=8.0, gamma=0.5, total=   0.3s
[CV] C=8.0, gamma=1.0 ................................................
[CV] ................................. C=8.0, gamma=1.0, total=   0.3s
[CV] C=8.0, gamma=2.0 ................................................
[CV] ................................. C=8.0, gamma=2.0, total=   0.3s
[CV] C=8.0, gamma=2.0 ................................................
[CV] ................................. C=8.0, gamma=2.0, total=   0.3s
[CV] C=16.0, gamma=0.00390625 ........................................
[CV] ......................... C=16.0, gamma=0.00390625, total=   0.2s
[CV] C=16.0, gamma=0.0078125 .........................................
[CV] .......................... C=16.0, gamma=0.0078125, total=   0.2s
[CV] C=16.0, gamma=0.015625 ..........................................
[CV] ........................... C=16.0, gamma=0.015625, total=   0.2s
[CV] C=16.0, gamma=0.03125 ...........................................
[CV] ............................ C=16.0, gamma=0.03125, total=   0.3s
[CV] C=16.0, gamma=0.0625 ............................................
[CV] ............................. C=16.0, gamma=0.0625, total=   0.3s
[CV] C=16.0, gamma=0.125 .............................................
[CV] .............................. C=16.0, gamma=0.125, total=   0.3s
[CV] C=16.0, gamma=0.125 .............................................
[CV] .............................. C=16.0, gamma=0.125, total=   0.3s
[CV] C=16.0, gamma=0.25 ..............................................
[CV] ............................... C=16.0, gamma=0.25, total=   0.3s
[CV] C=16.0, gamma=0.5 ...............................................
[CV] ................................ C=16.0, gamma=0.5, total=   0.3s
[CV] C=16.0, gamma=1.0 ...............................................
[CV] ................................ C=16.0, gamma=1.0, total=   0.3s
[CV] C=16.0, gamma=2.0 ...............................................
[CV] ................................ C=16.0, gamma=2.0, total=   0.3s
[CV] C=16.0, gamma=2.0 ...............................................
[CV] ................................ C=16.0, gamma=2.0, total=   0.3s
[CV] C=32.0, gamma=0.00390625 ........................................
[CV] ......................... C=32.0, gamma=0.00390625, total=   0.2s
[CV] C=32.0, gamma=0.0078125 .........................................
[CV] .......................... C=32.0, gamma=0.0078125, total=   0.2s
[CV] C=32.0, gamma=0.015625 ..........................................
[CV] ........................... C=32.0, gamma=0.015625, total=   0.2s
[CV] C=32.0, gamma=0.03125 ...........................................
[CV] ............................ C=32.0, gamma=0.03125, total=   0.2s
[CV] C=32.0, gamma=0.03125 ...........................................
[CV] ............................ C=32.0, gamma=0.03125, total=   0.2s
[CV] C=32.0, gamma=0.0625 ............................................
[CV] ............................. C=32.0, gamma=0.0625, total=   0.2s
[CV] C=32.0, gamma=0.125 .............................................
[CV] .............................. C=32.0, gamma=0.125, total=   0.3s
[CV] C=32.0, gamma=0.25 ..............................................
[CV] ............................... C=32.0, gamma=0.25, total=   0.3s
[CV] C=32.0, gamma=0.25 ..............................................
[CV] ............................... C=32.0, gamma=0.25, total=   0.3s
[CV] C=32.0, gamma=0.5 ...............................................
[CV] ................................ C=32.0, gamma=0.5, total=   0.4s
[CV] C=32.0, gamma=1.0 ...............................................
[CV] ................................ C=32.0, gamma=1.0, total=   0.4s
[CV] C=32.0, gamma=2.0 ...............................................
[CV] ................................ C=32.0, gamma=2.0, total=   0.5s
[CV] C=64.0, gamma=0.00390625 ........................................
[CV] ......................... C=64.0, gamma=0.00390625, total=   0.2s
[CV] C=64.0, gamma=0.00390625 ........................................
[CV] ......................... C=64.0, gamma=0.00390625, total=   0.3s
[CV] C=64.0, gamma=0.0078125 .........................................
[CV] .......................... C=64.0, gamma=0.0078125, total=   0.3s
[CV] C=64.0, gamma=0.015625 ..........................................
[CV] ........................... C=64.0, gamma=0.015625, total=   0.3s
[CV] C=64.0, gamma=0.03125 ...........................................
[CV] ............................ C=64.0, gamma=0.03125, total=   0.3s
[CV] C=64.0, gamma=0.0625 ............................................
[CV] ............................. C=64.0, gamma=0.0625, total=   0.3s
[CV] C=64.0, gamma=0.0625 ............................................
[CV] ............................. C=64.0, gamma=0.0625, total=   0.3s
[CV] C=64.0, gamma=0.125 .............................................
[CV] .............................. C=64.0, gamma=0.125, total=   0.3s
[CV] C=64.0, gamma=0.25 ..............................................
[CV] ............................... C=64.0, gamma=0.25, total=   0.4s
[CV] C=64.0, gamma=0.5 ...............................................
[CV] ................................ C=64.0, gamma=0.5, total=   0.5s
[CV] C=64.0, gamma=1.0 ...............................................
[CV] ................................ C=64.0, gamma=1.0, total=   0.6s
[CV] C=64.0, gamma=1.0 ...............................................
[CV] ................................ C=64.0, gamma=1.0, total=   0.5s
[CV] C=64.0, gamma=2.0 ...............................................
[CV] ................................ C=64.0, gamma=2.0, total=   0.7s
[CV] C=128.0, gamma=0.00390625 .......................................
[CV] ........................ C=128.0, gamma=0.00390625, total=   0.2s
[CV] C=128.0, gamma=0.0078125 ........................................
[CV] ......................... C=128.0, gamma=0.0078125, total=   0.2s
[CV] C=128.0, gamma=0.015625 .........................................
[CV] .......................... C=128.0, gamma=0.015625, total=   0.3s
[CV] C=128.0, gamma=0.015625 .........................................
[CV] .......................... C=128.0, gamma=0.015625, total=   0.3s
[CV] C=128.0, gamma=0.03125 ..........................................
[CV] ........................... C=128.0, gamma=0.03125, total=   0.3s
[CV] C=128.0, gamma=0.0625 ...........................................
[CV] ............................ C=128.0, gamma=0.0625, total=   0.3s
[CV] C=128.0, gamma=0.125 ............................................
[CV] ............................. C=128.0, gamma=0.125, total=   0.4s
[CV] C=128.0, gamma=0.25 .............................................
[CV] .............................. C=128.0, gamma=0.25, total=   0.5s
[CV] C=128.0, gamma=0.25 .............................................
[CV] .............................. C=128.0, gamma=0.25, total=   0.5s
[CV] C=128.0, gamma=0.5 ..............................................
[CV] ............................... C=128.0, gamma=0.5, total=   1.0s
[CV] C=128.0, gamma=1.0 ..............................................
[CV] ............................... C=128.0, gamma=1.0, total=   0.9s
[CV] C=128.0, gamma=2.0 ..............................................
[CV] ............................... C=128.0, gamma=2.0, total=   1.1s
[CV] C=256.0, gamma=0.00390625 .......................................
[CV] ........................ C=256.0, gamma=0.00390625, total=   0.3s
[CV] C=256.0, gamma=0.00390625 .......................................
[CV] ........................ C=256.0, gamma=0.00390625, total=   0.3s
[CV] C=256.0, gamma=0.00390625 .......................................
[CV] ........................ C=256.0, gamma=0.00390625, total=   0.2s
[CV] C=256.0, gamma=0.0078125 ........................................
[CV] ......................... C=256.0, gamma=0.0078125, total=   0.3s
[CV] C=256.0, gamma=0.015625 .........................................
[CV] .......................... C=256.0, gamma=0.015625, total=   0.3s
[CV] C=256.0, gamma=0.03125 ..........................................
[CV] ........................... C=256.0, gamma=0.03125, total=   0.4s
[CV] C=256.0, gamma=0.0625 ...........................................
[CV] ............................ C=256.0, gamma=0.0625, total=   0.5s
[CV] C=256.0, gamma=0.0625 ...........................................
[CV] ............................ C=256.0, gamma=0.0625, total=   0.5s
[CV] C=256.0, gamma=0.125 ............................................
[CV] ............................. C=256.0, gamma=0.125, total=   0.6s
[CV] C=256.0, gamma=0.25 .............................................
[CV] .............................. C=256.0, gamma=0.25, total=   0.7s
[CV] C=256.0, gamma=0.5 ..............................................
[CV] ............................... C=256.0, gamma=0.5, total=   1.0s
[CV] C=256.0, gamma=1.0 ..............................................
[CV] ............................... C=256.0, gamma=1.0, total=   1.5s
[CV] C=256.0, gamma=1.0 ..............................................
[CV] ............................... C=256.0, gamma=1.0, total=   1.5s
[CV] C=256.0, gamma=2.0 ..............................................
[CV] ............................... C=256.0, gamma=2.0, total=   2.0s
[CV] C=512.0, gamma=0.0078125 ........................................
[CV] ......................... C=512.0, gamma=0.0078125, total=   0.3s
[CV] C=512.0, gamma=0.0078125 ........................................
[CV] ......................... C=512.0, gamma=0.0078125, total=   0.3s
[CV] C=512.0, gamma=0.015625 .........................................
[CV] .......................... C=512.0, gamma=0.015625, total=   0.4s
[CV] C=512.0, gamma=0.03125 ..........................................
[CV] ........................... C=512.0, gamma=0.03125, total=   0.5s
[CV] C=512.0, gamma=0.0625 ...........................................
[CV] ............................ C=512.0, gamma=0.0625, total=   0.6s
[CV] C=512.0, gamma=0.125 ............................................
[CV] ............................. C=512.0, gamma=0.125, total=   0.8s
[CV] C=512.0, gamma=0.125 ............................................
[CV] ............................. C=512.0, gamma=0.125, total=   1.0s
[CV] C=512.0, gamma=0.25 .............................................
[CV] .............................. C=512.0, gamma=0.25, total=   1.2s
[CV] C=512.0, gamma=0.5 ..............................................
[CV] ............................... C=512.0, gamma=0.5, total=   1.8s
[CV] C=512.0, gamma=1.0 ..............................................
[CV] ............................... C=512.0, gamma=1.0, total=   2.3s
[CV] C=512.0, gamma=2.0 ..............................................
[CV] ............................... C=512.0, gamma=2.0, total=   4.0s
[CV] C=512.0, gamma=2.0 ..............................................
[CV] ............................... C=512.0, gamma=2.0, total=   3.5s
[CV] C=1024.0, gamma=0.015625 ........................................
[CV] ......................... C=1024.0, gamma=0.015625, total=   0.4s
[CV] C=1024.0, gamma=0.03125 .........................................
[CV] .......................... C=1024.0, gamma=0.03125, total=   0.6s
[CV] C=1024.0, gamma=0.0625 ..........................................
[CV] ........................... C=1024.0, gamma=0.0625, total=   1.0s
[CV] C=1024.0, gamma=0.125 ...........................................
[CV] ............................ C=1024.0, gamma=0.125, total=   1.5s
[CV] C=1024.0, gamma=0.25 ............................................
[CV] ............................. C=1024.0, gamma=0.25, total=   2.5s
[CV] C=1024.0, gamma=0.25 ............................................
[CV] ............................. C=1024.0, gamma=0.25, total=   2.2s
[CV] C=1024.0, gamma=0.5 .............................................
[CV] .............................. C=1024.0, gamma=0.5, total=   3.7s
[CV] C=1024.0, gamma=1.0 .............................................
[CV] .............................. C=1024.0, gamma=1.0, total=   4.9s
[CV] C=1024.0, gamma=2.0 .............................................
[CV] .............................. C=1024.0, gamma=2.0, total=   8.0s
[CV] C=1024.0, gamma=2.0 .............................................
[CV] .............................. C=1024.0, gamma=2.0, total=   7.1s
