Running on host compute108.bc4.acrc.priv
Time is Sun Aug 22 00:16:32 BST 2021
Directory is /mnt/storage/scratch/um20242/RAPIQUE-main
Slurm job ID is 4692213
This jobs runs on the following machines:
compute[108,110,112,114,118,121]
Namespace(color_only=False, dataset_name='YOUTUBE_UGC_1080P', feature_file='/mnt/storage/home/um20242/scratch/RAPIQUE-main/feat_files/YOUTUBE_UGC_1080P_RAPIQUE_feats.mat', log_file='/mnt/storage/home/um20242/scratch/RAPIQUE-main/logs/YOUTUBE_UGC_1080P_RAPIQUE_SVR.log', log_short=False, max_thread_count=4, model_name='RAPIQUE', mos_file='/mnt/storage/home/um20242/scratch/RAPIQUE-main/mos_files/YOUTUBE_UGC_1080P_metadata.csv', num_iterations=20, out_file='/mnt/storage/home/um20242/scratch/RAPIQUE-main/result/YOUTUBE_UGC_1080P_RAPIQUE_SVR_corr.mat', use_parallel=False)
1 th repeated holdout test
3884-dim features, using SVR
======================================================
params:  {'gamma': 0.0078125, 'C': 2.0}
SRCC_train:  0.9819691808217477
KRCC_train:  0.9103666985551473
PLCC_train:  0.9829630905338712
RMSE_train:  0.10717898566835528
======================================================
SRCC_test:  0.515942592822486
KRCC_test:  0.3488832483231811
PLCC_test:  0.5252183590392531
RMSE_test:  0.3436784853233918
======================================================
 -- 2.0140812397003174 seconds elapsed...


2 th repeated holdout test
3884-dim features, using SVR
======================================================
params:  {'gamma': 0.00390625, 'C': 64.0}
SRCC_train:  0.9804904172936527
KRCC_train:  0.9029161168788264
PLCC_train:  0.9907051173692627
RMSE_train:  0.07903134241954303
======================================================
SRCC_test:  0.5231248003394584
KRCC_test:  0.3577281860810562
PLCC_test:  0.5543149941434992
RMSE_test:  0.34950402300344824
======================================================
 -- 1.2439534664154053 seconds elapsed...


3 th repeated holdout test
3884-dim features, using SVR
======================================================
params:  {'gamma': 0.0078125, 'C': 2.0}
SRCC_train:  0.9813373592483942
KRCC_train:  0.9079110168981803
PLCC_train:  0.9807015812517165
RMSE_train:  0.10633914327249615
======================================================
SRCC_test:  0.589755345365964
KRCC_test:  0.4097202763171655
PLCC_test:  0.6884927437610285
RMSE_test:  0.42459063892362675
======================================================
 -- 1.0150833129882812 seconds elapsed...


4 th repeated holdout test
3884-dim features, using SVR
======================================================
params:  {'gamma': 0.015625, 'C': 1024.0}
SRCC_train:  0.9822029522049364
KRCC_train:  0.9134817668872329
PLCC_train:  0.9913829032943795
RMSE_train:  0.07398195377884056
======================================================
SRCC_test:  0.40512941638043115
KRCC_test:  0.2832909358345442
PLCC_test:  0.5613354118345143
RMSE_test:  0.4110166234230745
======================================================
 -- 1.158217191696167 seconds elapsed...


5 th repeated holdout test
3884-dim features, using SVR
======================================================
params:  {'gamma': 0.00390625, 'C': 16.0}
SRCC_train:  0.9786871120544325
KRCC_train:  0.8991681752827057
PLCC_train:  0.9902068711523726
RMSE_train:  0.07880986585759722
======================================================
SRCC_test:  0.6617949430397334
KRCC_test:  0.5016949152542373
PLCC_test:  0.7946890307140531
RMSE_test:  0.3053117465617127
======================================================
 -- 1.1079537868499756 seconds elapsed...


6 th repeated holdout test
3884-dim features, using SVR
======================================================
params:  {'gamma': 0.00390625, 'C': 1024.0}
SRCC_train:  0.9819801764421179
KRCC_train:  0.9066577927197478
PLCC_train:  0.9898033851576515
RMSE_train:  0.07809410736255722
======================================================
SRCC_test:  0.4820639641750919
KRCC_test:  0.3222159926924408
PLCC_test:  0.6520422664507688
RMSE_test:  0.4296462487137343
======================================================
 -- 1.2503645420074463 seconds elapsed...


7 th repeated holdout test
3884-dim features, using SVR
======================================================
params:  {'gamma': 0.0078125, 'C': 32.0}
SRCC_train:  0.979364413487227
KRCC_train:  0.9001407638244816
PLCC_train:  0.9909383483891192
RMSE_train:  0.07575914376182445
======================================================
SRCC_test:  0.3841953903592548
KRCC_test:  0.25487426844005745
PLCC_test:  0.5088433015141771
RMSE_test:  0.4350101012064851
======================================================
 -- 1.1502223014831543 seconds elapsed...


8 th repeated holdout test
3884-dim features, using SVR
======================================================
params:  {'gamma': 0.0078125, 'C': 512.0}
SRCC_train:  0.9825611599005658
KRCC_train:  0.91291893154103
PLCC_train:  0.9915598691109198
RMSE_train:  0.0740900638405367
======================================================
SRCC_test:  0.5001180900467366
KRCC_test:  0.3633795002371551
PLCC_test:  0.7043687582920477
RMSE_test:  0.3340425360686722
======================================================
 -- 1.2668416500091553 seconds elapsed...


9 th repeated holdout test
3884-dim features, using SVR
======================================================
params:  {'gamma': 0.0078125, 'C': 128.0}
SRCC_train:  0.9823291146498281
KRCC_train:  0.9113964804601672
PLCC_train:  0.9914733672065179
RMSE_train:  0.07448480903501527
======================================================
SRCC_test:  0.3716639575790404
KRCC_test:  0.25713479410249696
PLCC_test:  0.5929923868465962
RMSE_test:  0.37864891455252686
======================================================
 -- 1.155867576599121 seconds elapsed...


10 th repeated holdout test
3884-dim features, using SVR
======================================================
params:  {'gamma': 0.0078125, 'C': 4.0}
SRCC_train:  0.9813188998804296
KRCC_train:  0.9077703154891843
PLCC_train:  0.9895966723384676
RMSE_train:  0.07534525550884735
======================================================
SRCC_test:  0.6447346485134761
KRCC_test:  0.4689265536723164
PLCC_test:  0.84872797041531
RMSE_test:  0.3463398149073804
======================================================
 -- 1.094221830368042 seconds elapsed...


11 th repeated holdout test
3884-dim features, using SVR
======================================================
params:  {'gamma': 0.0078125, 'C': 16.0}
SRCC_train:  0.9862315060327546
KRCC_train:  0.9202223901853199
PLCC_train:  0.9918213224001425
RMSE_train:  0.07049147484393352
======================================================
SRCC_test:  0.5335241325797416
KRCC_test:  0.37196161963443164
PLCC_test:  0.7118484791830916
RMSE_test:  0.3895302128362818
======================================================
 -- 1.1647086143493652 seconds elapsed...


12 th repeated holdout test
3884-dim features, using SVR
======================================================
params:  {'gamma': 0.0078125, 'C': 128.0}
SRCC_train:  0.9817113731685135
KRCC_train:  0.9095290831016329
PLCC_train:  0.9898913207099539
RMSE_train:  0.07600223924511554
======================================================
SRCC_test:  0.5667764209552383
KRCC_test:  0.4165018533044841
PLCC_test:  0.6560028797296786
RMSE_test:  0.45941160237118345
======================================================
 -- 1.2341458797454834 seconds elapsed...


13 th repeated holdout test
3884-dim features, using SVR
======================================================
params:  {'gamma': 0.0078125, 'C': 1024.0}
SRCC_train:  0.9815360009833358
KRCC_train:  0.9082755399348564
PLCC_train:  0.9907124932336323
RMSE_train:  0.07448196276202287
======================================================
SRCC_test:  0.5962933120754782
KRCC_test:  0.42170724657642245
PLCC_test:  0.6841637092737538
RMSE_test:  0.4150835398855754
======================================================
 -- 1.2568292617797852 seconds elapsed...


14 th repeated holdout test
3884-dim features, using SVR
======================================================
params:  {'gamma': 0.015625, 'C': 8.0}
SRCC_train:  0.987065265700999
KRCC_train:  0.932730757760431
PLCC_train:  0.9928113721829953
RMSE_train:  0.0669208243011034
======================================================
SRCC_test:  0.5723891691184384
KRCC_test:  0.41537159047326433
PLCC_test:  0.7160188401489658
RMSE_test:  0.3654528632626354
======================================================
 -- 1.064889907836914 seconds elapsed...


15 th repeated holdout test
3884-dim features, using SVR
======================================================
params:  {'gamma': 0.00390625, 'C': 32.0}
SRCC_train:  0.9781128791803867
KRCC_train:  0.8942750106980605
PLCC_train:  0.9883303484354442
RMSE_train:  0.08155889601068297
======================================================
SRCC_test:  0.6054072079916364
KRCC_test:  0.4488412249084175
PLCC_test:  0.6705245458796987
RMSE_test:  0.45760918403053785
======================================================
 -- 1.217036247253418 seconds elapsed...


16 th repeated holdout test
3884-dim features, using SVR
======================================================
params:  {'gamma': 0.00390625, 'C': 4.0}
SRCC_train:  0.9811743180417843
KRCC_train:  0.9018677354318908
PLCC_train:  0.9796371937028396
RMSE_train:  0.11436068888906284
======================================================
SRCC_test:  0.6304148492249976
KRCC_test:  0.45788588435241584
PLCC_test:  0.7643421083266428
RMSE_test:  0.30820338221567445
======================================================
 -- 1.0554213523864746 seconds elapsed...


17 th repeated holdout test
3884-dim features, using SVR
======================================================
params:  {'gamma': 0.0078125, 'C': 64.0}
SRCC_train:  0.9823310807939828
KRCC_train:  0.9118315249072175
PLCC_train:  0.9903741351798752
RMSE_train:  0.07269888459423485
======================================================
SRCC_test:  0.6129628357965146
KRCC_test:  0.44343919775351365
PLCC_test:  0.806197512018582
RMSE_test:  0.3846888145645137
======================================================
 -- 1.122415542602539 seconds elapsed...


18 th repeated holdout test
3884-dim features, using SVR
======================================================
params:  {'gamma': 0.00390625, 'C': 8.0}
SRCC_train:  0.9767688905354927
KRCC_train:  0.8923829851252958
PLCC_train:  0.9887648737005901
RMSE_train:  0.08033236686189664
======================================================
SRCC_test:  0.701121160406095
KRCC_test:  0.5216162966079224
PLCC_test:  0.7982117521095988
RMSE_test:  0.36436178113312306
======================================================
 -- 1.2311995029449463 seconds elapsed...


19 th repeated holdout test
3884-dim features, using SVR
======================================================
params:  {'gamma': 0.00390625, 'C': 128.0}
SRCC_train:  0.9821963752106794
KRCC_train:  0.907137159148703
PLCC_train:  0.9900724774053624
RMSE_train:  0.07805407725510878
======================================================
SRCC_test:  0.6444836550605485
KRCC_test:  0.4551881761718748
PLCC_test:  0.7639946683943846
RMSE_test:  0.3494465908522222
======================================================
 -- 1.1396183967590332 seconds elapsed...


======================================================
Average training results among all repeated 80-20 holdouts:
SRCC Train: 0.9815457092437505 (std: 0.0023487197387005014)
KRCC Train: 0.9079463286752689 (std: 0.00884817107911211)
PLCC Train: 0.989039302250269 (std: 0.0036285984380920308)
RMSE Train: 0.08094821501414604 (std: 0.012795482337719205)
======================================================
Average testing results among all repeated 80-20 holdouts:
SRCC Test: 0.5548366258858085 (std: 0.09186366210931486)
KRCC Test: 0.39580851372302095 (std: 0.07572909273126623)
PLCC Test: 0.6843331430566127 (std: 0.0974617457740828)
RMSE Test: 0.38166195283346316 (std: 0.04569967337356402)



Overall 22.946009635925293 secs lapsed..
