Running on host compute108.bc4.acrc.priv
Time is Sun Aug 22 00:15:21 BST 2021
Directory is /mnt/storage/scratch/um20242/RAPIQUE-main
Slurm job ID is 4692210
This jobs runs on the following machines:
compute[108,110,112,114,118,121]
Namespace(color_only=False, dataset_name='YOUTUBE_UGC_720P', feature_file='/mnt/storage/home/um20242/scratch/RAPIQUE-main/feat_files/YOUTUBE_UGC_720P_RAPIQUE_feats.mat', log_file='/mnt/storage/home/um20242/scratch/RAPIQUE-main/logs/YOUTUBE_UGC_720P_RAPIQUE_SVR.log', log_short=False, max_thread_count=4, model_name='RAPIQUE', mos_file='/mnt/storage/home/um20242/scratch/RAPIQUE-main/mos_files/YOUTUBE_UGC_720P_metadata.csv', num_iterations=20, out_file='/mnt/storage/home/um20242/scratch/RAPIQUE-main/result/YOUTUBE_UGC_720P_RAPIQUE_SVR_corr.mat', use_parallel=False)
1 th repeated holdout test
3884-dim features, using SVR
======================================================
params:  {'gamma': 0.00390625, 'C': 8.0}
SRCC_train:  0.9854248335380239
KRCC_train:  0.9170935455499727
PLCC_train:  0.9898513324085504
RMSE_train:  0.07790220880809341
======================================================
SRCC_test:  0.5840137093635677
KRCC_test:  0.41336748117784494
PLCC_test:  0.5735530010673823
RMSE_test:  0.49594577410377544
======================================================
 -- 2.1017391681671143 seconds elapsed...


2 th repeated holdout test
3884-dim features, using SVR
======================================================
params:  {'gamma': 0.00390625, 'C': 4.0}
SRCC_train:  0.9777755107562596
KRCC_train:  0.9020730878514913
PLCC_train:  0.9863189407166533
RMSE_train:  0.09187060502396317
======================================================
SRCC_test:  0.6534825130386404
KRCC_test:  0.4642211256109718
PLCC_test:  0.6400423539637385
RMSE_test:  0.4470334697706449
======================================================
 -- 1.0098881721496582 seconds elapsed...


3 th repeated holdout test
3884-dim features, using SVR
======================================================
params:  {'gamma': 0.00390625, 'C': 2.0}
SRCC_train:  0.966358518376147
KRCC_train:  0.8592129110766589
PLCC_train:  0.9630191641624095
RMSE_train:  0.1509925054213395
======================================================
SRCC_test:  0.6098332897806085
KRCC_test:  0.43774957511665574
PLCC_test:  0.6175347037329975
RMSE_test:  0.4413210874798206
======================================================
 -- 0.9357662200927734 seconds elapsed...


4 th repeated holdout test
3884-dim features, using SVR
======================================================
params:  {'gamma': 0.00390625, 'C': 512.0}
SRCC_train:  0.9838722627651605
KRCC_train:  0.9120265217298724
PLCC_train:  0.9903776150618039
RMSE_train:  0.07815906332296811
======================================================
SRCC_test:  0.5448131278870623
KRCC_test:  0.38489480011509
PLCC_test:  0.5828448861339783
RMSE_test:  0.444385015841062
======================================================
 -- 0.9849996566772461 seconds elapsed...


5 th repeated holdout test
3884-dim features, using SVR
======================================================
params:  {'gamma': 0.0078125, 'C': 16.0}
SRCC_train:  0.9859525496544742
KRCC_train:  0.9252343554456024
PLCC_train:  0.9922469339722589
RMSE_train:  0.07172776742343241
======================================================
SRCC_test:  0.6164980047747406
KRCC_test:  0.42701536314655264
PLCC_test:  0.6117748284915212
RMSE_test:  0.39323467370166865
======================================================
 -- 1.029165267944336 seconds elapsed...


6 th repeated holdout test
3884-dim features, using SVR
======================================================
params:  {'gamma': 0.00390625, 'C': 8.0}
SRCC_train:  0.9843851347973158
KRCC_train:  0.9094407301349534
PLCC_train:  0.9899075428552147
RMSE_train:  0.08003207653763673
======================================================
SRCC_test:  0.5610498519494214
KRCC_test:  0.4101633664028366
PLCC_test:  0.5887919133901289
RMSE_test:  0.44391827367831976
======================================================
 -- 0.9230861663818359 seconds elapsed...


7 th repeated holdout test
3884-dim features, using SVR
======================================================
params:  {'gamma': 0.00390625, 'C': 2.0}
SRCC_train:  0.9696254855429365
KRCC_train:  0.8630854570600143
PLCC_train:  0.9608024028076351
RMSE_train:  0.15172301383451903
======================================================
SRCC_test:  0.675025702155013
KRCC_test:  0.5001815211531937
PLCC_test:  0.7259107194946266
RMSE_test:  0.4257261862301274
======================================================
 -- 0.9404473304748535 seconds elapsed...


8 th repeated holdout test
3884-dim features, using SVR
======================================================
params:  {'gamma': 0.00390625, 'C': 128.0}
SRCC_train:  0.9829786524094865
KRCC_train:  0.9081964203266796
PLCC_train:  0.9893316373605736
RMSE_train:  0.08068569111200112
======================================================
SRCC_test:  0.6719080750116572
KRCC_test:  0.509262924966027
PLCC_test:  0.7513541687254641
RMSE_test:  0.3921274573329645
======================================================
 -- 0.8640921115875244 seconds elapsed...


9 th repeated holdout test
3884-dim features, using SVR
======================================================
params:  {'gamma': 0.00390625, 'C': 2.0}
SRCC_train:  0.9616785890895284
KRCC_train:  0.8599799346772257
PLCC_train:  0.9643298905307458
RMSE_train:  0.14759017753758175
======================================================
SRCC_test:  0.5240091928622919
KRCC_test:  0.3689180348272938
PLCC_test:  0.5105402092928157
RMSE_test:  0.4994733217582553
======================================================
 -- 0.8681626319885254 seconds elapsed...


10 th repeated holdout test
3884-dim features, using SVR
======================================================
params:  {'gamma': 0.0078125, 'C': 256.0}
SRCC_train:  0.9870876634098753
KRCC_train:  0.9309420043123476
PLCC_train:  0.9922528046409518
RMSE_train:  0.069728892965733
======================================================
SRCC_test:  0.5567920689095901
KRCC_test:  0.39185815359048776
PLCC_test:  0.6011060276827453
RMSE_test:  0.45279654425870536
======================================================
 -- 0.891883373260498 seconds elapsed...


11 th repeated holdout test
3884-dim features, using SVR
======================================================
params:  {'gamma': 0.0078125, 'C': 1024.0}
SRCC_train:  0.987090517519861
KRCC_train:  0.9282647919168817
PLCC_train:  0.9920362788042887
RMSE_train:  0.07140087114107727
======================================================
SRCC_test:  0.5169327527818094
KRCC_test:  0.3483309143686502
PLCC_test:  0.5397718959063245
RMSE_test:  0.45580245217044973
======================================================
 -- 0.9474437236785889 seconds elapsed...


12 th repeated holdout test
3884-dim features, using SVR
======================================================
params:  {'gamma': 0.00390625, 'C': 512.0}
SRCC_train:  0.9843826453563911
KRCC_train:  0.911864093632111
PLCC_train:  0.9901507122269635
RMSE_train:  0.07837434588153427
======================================================
SRCC_test:  0.5375962589540509
KRCC_test:  0.38198993369912704
PLCC_test:  0.571284137446513
RMSE_test:  0.4687873160059853
======================================================
 -- 0.8439466953277588 seconds elapsed...


13 th repeated holdout test
3884-dim features, using SVR
======================================================
params:  {'gamma': 0.00390625, 'C': 256.0}
SRCC_train:  0.986485631259677
KRCC_train:  0.9200939947077136
PLCC_train:  0.9905778605910566
RMSE_train:  0.07695882464479716
======================================================
SRCC_test:  0.6205826036951352
KRCC_test:  0.45405039672434644
PLCC_test:  0.7067430412952168
RMSE_test:  0.3980370046562753
======================================================
 -- 0.8676331043243408 seconds elapsed...


14 th repeated holdout test
3884-dim features, using SVR
======================================================
params:  {'gamma': 0.00390625, 'C': 2.0}
SRCC_train:  0.9720751447317889
KRCC_train:  0.8688107337237623
PLCC_train:  0.9675861915732665
RMSE_train:  0.13853527229567592
======================================================
SRCC_test:  0.604350192635946
KRCC_test:  0.429038140785976
PLCC_test:  0.6243870277350909
RMSE_test:  0.4785625942421238
======================================================
 -- 0.9237282276153564 seconds elapsed...


15 th repeated holdout test
3884-dim features, using SVR
======================================================
params:  {'gamma': 0.0078125, 'C': 8.0}
SRCC_train:  0.986551719287716
KRCC_train:  0.9263667792670232
PLCC_train:  0.9921488526359985
RMSE_train:  0.06852373983833202
======================================================
SRCC_test:  0.7640703112401226
KRCC_test:  0.5805515239477504
PLCC_test:  0.779871695236025
RMSE_test:  0.37624603506952586
======================================================
 -- 0.8708603382110596 seconds elapsed...


16 th repeated holdout test
3884-dim features, using SVR
======================================================
params:  {'gamma': 0.00390625, 'C': 512.0}
SRCC_train:  0.9826631456430608
KRCC_train:  0.910652465192991
PLCC_train:  0.9902108428608298
RMSE_train:  0.07810301835055038
======================================================
SRCC_test:  0.48032575391065957
KRCC_test:  0.3381712626995646
PLCC_test:  0.5113166296782855
RMSE_test:  0.48932638889358493
======================================================
 -- 0.8415429592132568 seconds elapsed...


17 th repeated holdout test
3884-dim features, using SVR
======================================================
params:  {'gamma': 0.0078125, 'C': 16.0}
SRCC_train:  0.9863647312524509
KRCC_train:  0.9255747975996793
PLCC_train:  0.9921704264193493
RMSE_train:  0.06895218372029825
======================================================
SRCC_test:  0.6194968553459119
KRCC_test:  0.43541364296081275
PLCC_test:  0.7112987975098131
RMSE_test:  0.42043408270800275
======================================================
 -- 0.9123587608337402 seconds elapsed...


18 th repeated holdout test
3884-dim features, using SVR
======================================================
params:  {'gamma': 0.0078125, 'C': 32.0}
SRCC_train:  0.987218328744798
KRCC_train:  0.931723202749326
PLCC_train:  0.9922027545428169
RMSE_train:  0.06930819336891553
======================================================
SRCC_test:  0.6199931462545416
KRCC_test:  0.4450091037255554
PLCC_test:  0.7048008581882982
RMSE_test:  0.4159585184064079
======================================================
 -- 0.8879930973052979 seconds elapsed...


19 th repeated holdout test
3884-dim features, using SVR
======================================================
params:  {'gamma': 0.00390625, 'C': 16.0}
SRCC_train:  0.9862800020936859
KRCC_train:  0.9197048753757437
PLCC_train:  0.9910834569035403
RMSE_train:  0.07731437541858127
======================================================
SRCC_test:  0.5885056545635026
KRCC_test:  0.41742289501173635
PLCC_test:  0.577176592873001
RMSE_test:  0.39353882309184957
======================================================
 -- 0.8394124507904053 seconds elapsed...


======================================================
Average training results among all repeated 80-20 holdouts:
SRCC Train: 0.9812763719067704 (std: 0.007670868029250693)
KRCC Train: 0.9068600369647393 (std: 0.024169290112989423)
PLCC Train: 0.9850845074249949 (std: 0.011066580971234512)
RMSE Train: 0.09094120140247526 (std: 0.029640182305587917)
======================================================
Average testing results among all repeated 80-20 holdouts:
SRCC Test: 0.5973304771112776 (std: 0.06478434086338145)
KRCC Test: 0.4282952715805512 (std: 0.05682313503299833)
PLCC Test: 0.627900183570735 (std: 0.07803362913093993)
RMSE Test: 0.43856079049471314 (std: 0.03663707454188464)



Overall 18.487806797027588 secs lapsed..
