Running on host compute108.bc4.acrc.priv
Time is Sun Aug 22 00:12:59 BST 2021
Directory is /mnt/storage/scratch/um20242/RAPIQUE-main
Slurm job ID is 4692195
This jobs runs on the following machines:
compute[108,110,112,114,118,121]
Namespace(color_only=False, dataset_name='YOUTUBE_UGC_480P', feature_file='/mnt/storage/home/um20242/scratch/RAPIQUE-main/feat_files/YOUTUBE_UGC_480P_RAPIQUE_feats.mat', log_file='/mnt/storage/home/um20242/scratch/RAPIQUE-main/logs/YOUTUBE_UGC_480P_RAPIQUE_SVR.log', log_short=False, max_thread_count=4, model_name='RAPIQUE', mos_file='/mnt/storage/home/um20242/scratch/RAPIQUE-main/mos_files/YOUTUBE_UGC_480P_metadata.csv', num_iterations=20, out_file='/mnt/storage/home/um20242/scratch/RAPIQUE-main/result/YOUTUBE_UGC_480P_RAPIQUE_SVR_corr.mat', use_parallel=False)
1 th repeated holdout test
3884-dim features, using SVR
======================================================
params:  {'gamma': 0.00390625, 'C': 4.0}
SRCC_train:  0.9819394787415316
KRCC_train:  0.9082059224216633
PLCC_train:  0.9888960983859914
RMSE_train:  0.08034965158926845
======================================================
SRCC_test:  0.5946608946608948
KRCC_test:  0.43703703703703706
PLCC_test:  0.6706812830103671
RMSE_test:  0.49209656844607624
======================================================
 -- 1.8200857639312744 seconds elapsed...


2 th repeated holdout test
3884-dim features, using SVR
======================================================
params:  {'gamma': 0.00390625, 'C': 1024.0}
SRCC_train:  0.985342418576177
KRCC_train:  0.9178315534686098
PLCC_train:  0.9908140348335186
RMSE_train:  0.07586704468160627
======================================================
SRCC_test:  0.5975216004146721
KRCC_test:  0.4257325940371492
PLCC_test:  0.7027833729630467
RMSE_test:  0.4197353848877326
======================================================
 -- 1.0127477645874023 seconds elapsed...


3 th repeated holdout test
3884-dim features, using SVR
======================================================
params:  {'gamma': 0.015625, 'C': 2.0}
SRCC_train:  0.9878329230679244
KRCC_train:  0.937601001712185
PLCC_train:  0.9941009642995575
RMSE_train:  0.06321945226096562
======================================================
SRCC_test:  0.6712242285404448
KRCC_test:  0.49309534625821716
PLCC_test:  0.6706104463128595
RMSE_test:  0.370502387273175
======================================================
 -- 0.9776957035064697 seconds elapsed...


4 th repeated holdout test
3884-dim features, using SVR
======================================================
params:  {'gamma': 0.00390625, 'C': 64.0}
SRCC_train:  0.9859872330871365
KRCC_train:  0.9203764899056558
PLCC_train:  0.9913378097585762
RMSE_train:  0.07409155231700212
======================================================
SRCC_test:  0.5940836940836942
KRCC_test:  0.4410774410774411
PLCC_test:  0.7841649950748387
RMSE_test:  0.3618564771932094
======================================================
 -- 0.9134624004364014 seconds elapsed...


5 th repeated holdout test
3884-dim features, using SVR
======================================================
params:  {'gamma': 0.015625, 'C': 8.0}
SRCC_train:  0.9872452662903993
KRCC_train:  0.9361766778374295
PLCC_train:  0.9936752503611544
RMSE_train:  0.06444810383557728
======================================================
SRCC_test:  0.5964646464646466
KRCC_test:  0.43030303030303035
PLCC_test:  0.7102930338472567
RMSE_test:  0.3813205004572019
======================================================
 -- 0.971606969833374 seconds elapsed...


6 th repeated holdout test
3884-dim features, using SVR
======================================================
params:  {'gamma': 0.00390625, 'C': 64.0}
SRCC_train:  0.9848357336028383
KRCC_train:  0.9184741997475533
PLCC_train:  0.9912821614238668
RMSE_train:  0.07664251977013181
======================================================
SRCC_test:  0.6641414141414144
KRCC_test:  0.4828282828282829
PLCC_test:  0.6842691615472845
RMSE_test:  0.37262430253637674
======================================================
 -- 0.993582010269165 seconds elapsed...


7 th repeated holdout test
3884-dim features, using SVR
======================================================
params:  {'gamma': 0.00390625, 'C': 1024.0}
SRCC_train:  0.9863316612877309
KRCC_train:  0.9215593580102952
PLCC_train:  0.9919459206895398
RMSE_train:  0.07333628689163424
======================================================
SRCC_test:  0.5915584415584417
KRCC_test:  0.42356902356902365
PLCC_test:  0.738837030835349
RMSE_test:  0.34786173750424537
======================================================
 -- 0.9222590923309326 seconds elapsed...


8 th repeated holdout test
3884-dim features, using SVR
======================================================
params:  {'gamma': 0.015625, 'C': 32.0}
SRCC_train:  0.9880603688665777
KRCC_train:  0.9386805923703233
PLCC_train:  0.9931890685606442
RMSE_train:  0.06551606040553977
======================================================
SRCC_test:  0.5460776710424977
KRCC_test:  0.4109127885485143
PLCC_test:  0.7569772593940195
RMSE_test:  0.3812013802481353
======================================================
 -- 0.9845380783081055 seconds elapsed...


9 th repeated holdout test
3884-dim features, using SVR
======================================================
params:  {'gamma': 0.00390625, 'C': 4.0}
SRCC_train:  0.9838399498983337
KRCC_train:  0.9172051654689213
PLCC_train:  0.9878302053481187
RMSE_train:  0.08536677226945698
======================================================
SRCC_test:  0.5986291486291488
KRCC_test:  0.43164983164983173
PLCC_test:  0.7076560669480985
RMSE_test:  0.4333356187200201
======================================================
 -- 1.014449119567871 seconds elapsed...


10 th repeated holdout test
3884-dim features, using SVR
======================================================
params:  {'gamma': 0.0078125, 'C': 256.0}
SRCC_train:  0.9857359536527934
KRCC_train:  0.9253204575615549
PLCC_train:  0.9922314801484327
RMSE_train:  0.07112184235411975
======================================================
SRCC_test:  0.5668831168831171
KRCC_test:  0.4114478114478115
PLCC_test:  0.6163209995671745
RMSE_test:  0.4353267578260623
======================================================
 -- 0.9484610557556152 seconds elapsed...


11 th repeated holdout test
3884-dim features, using SVR
======================================================
params:  {'gamma': 0.00390625, 'C': 64.0}
SRCC_train:  0.9849967908592037
KRCC_train:  0.9178944047441187
PLCC_train:  0.9909530792317531
RMSE_train:  0.07540424966984523
======================================================
SRCC_test:  0.6427360298565526
KRCC_test:  0.4588949828936861
PLCC_test:  0.6757617012328413
RMSE_test:  0.43572814995151066
======================================================
 -- 0.9156198501586914 seconds elapsed...


12 th repeated holdout test
3884-dim features, using SVR
======================================================
params:  {'gamma': 0.00390625, 'C': 16.0}
SRCC_train:  0.9847967401320536
KRCC_train:  0.9132420396365363
PLCC_train:  0.9911166292792482
RMSE_train:  0.07762328780354243
======================================================
SRCC_test:  0.5084146540266843
KRCC_test:  0.3637588619937668
PLCC_test:  0.5439782499490793
RMSE_test:  0.4025209394713229
======================================================
 -- 0.8820993900299072 seconds elapsed...


13 th repeated holdout test
3884-dim features, using SVR
======================================================
params:  {'gamma': 0.00390625, 'C': 8.0}
SRCC_train:  0.9850706279906115
KRCC_train:  0.9179410077217628
PLCC_train:  0.9916642634796405
RMSE_train:  0.0751338241191356
======================================================
SRCC_test:  0.7012987012987015
KRCC_test:  0.5057239057239058
PLCC_test:  0.6727140126877372
RMSE_test:  0.3736417871817203
======================================================
 -- 0.9138033390045166 seconds elapsed...


14 th repeated holdout test
3884-dim features, using SVR
======================================================
params:  {'gamma': 0.00390625, 'C': 1024.0}
SRCC_train:  0.9864581773591368
KRCC_train:  0.9207607572812473
PLCC_train:  0.9908540201264724
RMSE_train:  0.07540497467487446
======================================================
SRCC_test:  0.6461760461760463
KRCC_test:  0.4774410774410775
PLCC_test:  0.7092684599884596
RMSE_test:  0.4216210270297802
======================================================
 -- 0.9406991004943848 seconds elapsed...


15 th repeated holdout test
3884-dim features, using SVR
======================================================
params:  {'gamma': 0.00390625, 'C': 256.0}
SRCC_train:  0.9845448813563694
KRCC_train:  0.9171585304789833
PLCC_train:  0.990932132369083
RMSE_train:  0.07652176213591892
======================================================
SRCC_test:  0.6928821390561827
KRCC_test:  0.5047170957230116
PLCC_test:  0.7798643402661045
RMSE_test:  0.3516243486341562
======================================================
 -- 0.9184005260467529 seconds elapsed...


16 th repeated holdout test
3884-dim features, using SVR
======================================================
params:  {'gamma': 0.00390625, 'C': 16.0}
SRCC_train:  0.9859524070388576
KRCC_train:  0.9233287525055909
PLCC_train:  0.9913553310229941
RMSE_train:  0.07324748701574171
======================================================
SRCC_test:  0.760489195631799
KRCC_test:  0.5747979741678623
PLCC_test:  0.8293197260020404
RMSE_test:  0.3372699841534773
======================================================
 -- 0.9159584045410156 seconds elapsed...


17 th repeated holdout test
3884-dim features, using SVR
======================================================
params:  {'gamma': 0.0078125, 'C': 2.0}
SRCC_train:  0.986789221446698
KRCC_train:  0.9263207944690939
PLCC_train:  0.990219769000976
RMSE_train:  0.07809100985007536
======================================================
SRCC_test:  0.5863742131944744
KRCC_test:  0.43246886925925604
PLCC_test:  0.7970249664350155
RMSE_test:  0.36128991477875266
======================================================
 -- 0.9299821853637695 seconds elapsed...


18 th repeated holdout test
3884-dim features, using SVR
======================================================
params:  {'gamma': 0.00390625, 'C': 1024.0}
SRCC_train:  0.9853793239845673
KRCC_train:  0.9170095347322437
PLCC_train:  0.9912567465022293
RMSE_train:  0.07553187446297002
======================================================
SRCC_test:  0.5890396136310548
KRCC_test:  0.4147000268496032
PLCC_test:  0.7104640760108443
RMSE_test:  0.3748077443693979
======================================================
 -- 0.9443964958190918 seconds elapsed...


19 th repeated holdout test
3884-dim features, using SVR
======================================================
params:  {'gamma': 0.00390625, 'C': 128.0}
SRCC_train:  0.9868999481192177
KRCC_train:  0.9237297624495467
PLCC_train:  0.9915195607666303
RMSE_train:  0.07369686972187976
======================================================
SRCC_test:  0.5704751257365103
KRCC_test:  0.40768203326091057
PLCC_test:  0.6647178460336131
RMSE_test:  0.4276484573616568
======================================================
 -- 0.9096035957336426 seconds elapsed...


======================================================
Average training results among all repeated 80-20 holdouts:
SRCC Train: 0.9856862687030609 (std: 0.0014118358754509166)
KRCC Train: 0.9220430001328059 (std: 0.007823199360810742)
PLCC Train: 0.99132497503097 (std: 0.001418410347246606)
RMSE Train: 0.07424287504364663 (std: 0.005188542626467847)
======================================================
Average testing results among all repeated 80-20 holdouts:
SRCC Test: 0.6167963460540516 (std: 0.05900744854917484)
KRCC Test: 0.448833579687864 (std: 0.04671894934236433)
PLCC Test: 0.7066161593740015 (std: 0.06480043658396992)
RMSE Test: 0.3937901825275794 (std: 0.03880511667519676)



Overall 18.833365201950073 secs lapsed..
