Running on host compute108.bc4.acrc.priv
Time is Sun Aug 22 00:14:30 BST 2021
Directory is /mnt/storage/scratch/um20242/RAPIQUE-main
Slurm job ID is 4692197
This jobs runs on the following machines:
compute[108,110,112,114,118,121]
Namespace(color_only=False, dataset_name='YOUTUBE_UGC_360P', feature_file='/mnt/storage/home/um20242/scratch/RAPIQUE-main/feat_files/YOUTUBE_UGC_360P_RAPIQUE_feats.mat', log_file='/mnt/storage/home/um20242/scratch/RAPIQUE-main/logs/YOUTUBE_UGC_360P_RAPIQUE_SVR.log', log_short=False, max_thread_count=4, model_name='RAPIQUE', mos_file='/mnt/storage/home/um20242/scratch/RAPIQUE-main/mos_files/YOUTUBE_UGC_360P_metadata.csv', num_iterations=20, out_file='/mnt/storage/home/um20242/scratch/RAPIQUE-main/result/YOUTUBE_UGC_360P_RAPIQUE_SVR_corr.mat', use_parallel=False)
1 th repeated holdout test
3884-dim features, using SVR
======================================================
params:  {'gamma': 0.00390625, 'C': 16.0}
SRCC_train:  0.9833211888869288
KRCC_train:  0.9168603476499657
PLCC_train:  0.989328431809823
RMSE_train:  0.07039168610145562
======================================================
SRCC_test:  0.6715415019762845
KRCC_test:  0.4888888888888889
PLCC_test:  0.6990608274536453
RMSE_test:  0.3367781422801099
======================================================
 -- 1.6219666004180908 seconds elapsed...


2 th repeated holdout test
3884-dim features, using SVR
======================================================
params:  {'gamma': 0.00390625, 'C': 1024.0}
SRCC_train:  0.982842018019432
KRCC_train:  0.9093821526712754
PLCC_train:  0.9879705935496681
RMSE_train:  0.07582000861082518
======================================================
SRCC_test:  0.5347343459536495
KRCC_test:  0.3708944384575769
PLCC_test:  0.5110023279805015
RMSE_test:  0.3920135356815249
======================================================
 -- 0.5724139213562012 seconds elapsed...


3 th repeated holdout test
3884-dim features, using SVR
======================================================
params:  {'gamma': 0.00390625, 'C': 4.0}
SRCC_train:  0.985090788148143
KRCC_train:  0.9182655585702544
PLCC_train:  0.9893011752257943
RMSE_train:  0.07184048685322798
======================================================
SRCC_test:  0.5380764163372859
KRCC_test:  0.39393939393939387
PLCC_test:  0.661892012447207
RMSE_test:  0.3288469059738174
======================================================
 -- 0.6237771511077881 seconds elapsed...


4 th repeated holdout test
3884-dim features, using SVR
======================================================
params:  {'gamma': 0.0078125, 'C': 512.0}
SRCC_train:  0.9867767531728044
KRCC_train:  0.930959837001343
PLCC_train:  0.9918071204312056
RMSE_train:  0.06299769069901404
======================================================
SRCC_test:  0.5748353096179183
KRCC_test:  0.38585858585858585
PLCC_test:  0.5827992622091902
RMSE_test:  0.3604486577347709
======================================================
 -- 0.5819251537322998 seconds elapsed...


5 th repeated holdout test
3884-dim features, using SVR
======================================================
params:  {'gamma': 0.00390625, 'C': 1024.0}
SRCC_train:  0.9799650679526145
KRCC_train:  0.9010140691805667
PLCC_train:  0.9863288533589595
RMSE_train:  0.07495349344035111
======================================================
SRCC_test:  0.5172595520421607
KRCC_test:  0.3656565656565656
PLCC_test:  0.5697826447534204
RMSE_test:  0.4577121221731405
======================================================
 -- 0.603900671005249 seconds elapsed...


6 th repeated holdout test
3884-dim features, using SVR
======================================================
params:  {'gamma': 0.00390625, 'C': 32.0}
SRCC_train:  0.9855616025235646
KRCC_train:  0.9225456579808264
PLCC_train:  0.9902718665535142
RMSE_train:  0.06650441138427006
======================================================
SRCC_test:  0.66299944039393
KRCC_test:  0.4982314936228486
PLCC_test:  0.7428850583445211
RMSE_test:  0.33712032788839513
======================================================
 -- 0.6279525756835938 seconds elapsed...


7 th repeated holdout test
3884-dim features, using SVR
======================================================
params:  {'gamma': 0.00390625, 'C': 64.0}
SRCC_train:  0.984249171830623
KRCC_train:  0.9165175894288144
PLCC_train:  0.9895089888263723
RMSE_train:  0.06789978275781983
======================================================
SRCC_test:  0.5024539677945652
KRCC_test:  0.3628095460661311
PLCC_test:  0.5479666025789831
RMSE_test:  0.4476122469924337
======================================================
 -- 0.6253950595855713 seconds elapsed...


8 th repeated holdout test
3884-dim features, using SVR
======================================================
params:  {'gamma': 0.0078125, 'C': 4.0}
SRCC_train:  0.9841481901769678
KRCC_train:  0.919463796020925
PLCC_train:  0.990933354156055
RMSE_train:  0.06558635796716684
======================================================
SRCC_test:  0.6476052454926066
KRCC_test:  0.48129448263282637
PLCC_test:  0.672365813877372
RMSE_test:  0.345478170339419
======================================================
 -- 0.5972380638122559 seconds elapsed...


9 th repeated holdout test
3884-dim features, using SVR
======================================================
params:  {'gamma': 0.00390625, 'C': 16.0}
SRCC_train:  0.982034380814323
KRCC_train:  0.9108320897652731
PLCC_train:  0.9891578953907771
RMSE_train:  0.07215812040910491
======================================================
SRCC_test:  0.6645805201404974
KRCC_test:  0.4982314936228486
PLCC_test:  0.653933904120247
RMSE_test:  0.32597320052980433
======================================================
 -- 0.6144540309906006 seconds elapsed...


10 th repeated holdout test
3884-dim features, using SVR
======================================================
params:  {'gamma': 0.03125, 'C': 2.0}
SRCC_train:  0.9949819663905008
KRCC_train:  0.9686637459398124
PLCC_train:  0.9933722230780817
RMSE_train:  0.05393626131095303
======================================================
SRCC_test:  0.5749670619235836
KRCC_test:  0.3919191919191919
PLCC_test:  0.500779146008031
RMSE_test:  0.46303921043932034
======================================================
 -- 0.6106629371643066 seconds elapsed...


11 th repeated holdout test
3884-dim features, using SVR
======================================================
params:  {'gamma': 0.0078125, 'C': 2.0}
SRCC_train:  0.9895559582283127
KRCC_train:  0.9426132023272933
PLCC_train:  0.9913828603544974
RMSE_train:  0.06549674271011859
======================================================
SRCC_test:  0.6599472990777338
KRCC_test:  0.4606060606060605
PLCC_test:  0.610592008935311
RMSE_test:  0.32632546053477013
======================================================
 -- 0.6531047821044922 seconds elapsed...


12 th repeated holdout test
3884-dim features, using SVR
======================================================
params:  {'gamma': 0.03125, 'C': 32.0}
SRCC_train:  0.9909065610633632
KRCC_train:  0.9560440239004676
PLCC_train:  0.9925498874157896
RMSE_train:  0.05654911336139921
======================================================
SRCC_test:  0.36997266069677176
KRCC_test:  0.27185450666236566
PLCC_test:  0.30526489266916873
RMSE_test:  0.5221152040522095
======================================================
 -- 0.6168830394744873 seconds elapsed...


13 th repeated holdout test
3884-dim features, using SVR
======================================================
params:  {'gamma': 0.00390625, 'C': 128.0}
SRCC_train:  0.9827651863965128
KRCC_train:  0.9127268448832254
PLCC_train:  0.989348397376742
RMSE_train:  0.07004647537178296
======================================================
SRCC_test:  0.5482213438735177
KRCC_test:  0.4101010101010101
PLCC_test:  0.5587892926364209
RMSE_test:  0.4100108269034217
======================================================
 -- 0.5849928855895996 seconds elapsed...


14 th repeated holdout test
3884-dim features, using SVR
======================================================
params:  {'gamma': 0.0078125, 'C': 4.0}
SRCC_train:  0.9854266599148267
KRCC_train:  0.9293608394723608
PLCC_train:  0.9898145898347113
RMSE_train:  0.06553354130515199
======================================================
SRCC_test:  0.6275569027417107
KRCC_test:  0.46184947786134234
PLCC_test:  0.5537953366535433
RMSE_test:  0.46637613885223456
======================================================
 -- 0.6684722900390625 seconds elapsed...


15 th repeated holdout test
3884-dim features, using SVR
======================================================
params:  {'gamma': 0.00390625, 'C': 4.0}
SRCC_train:  0.9830596602469889
KRCC_train:  0.9138803094373092
PLCC_train:  0.9874249831269417
RMSE_train:  0.07513552534293567
======================================================
SRCC_test:  0.7058203501967971
KRCC_test:  0.5346135093843547
PLCC_test:  0.7176337781862088
RMSE_test:  0.35805959895989453
======================================================
 -- 0.6127347946166992 seconds elapsed...


16 th repeated holdout test
3884-dim features, using SVR
======================================================
params:  {'gamma': 0.00390625, 'C': 256.0}
SRCC_train:  0.9784721419583032
KRCC_train:  0.9053405456552924
PLCC_train:  0.9887153959599547
RMSE_train:  0.07234955556151884
======================================================
SRCC_test:  0.547562582345191
KRCC_test:  0.3818181818181818
PLCC_test:  0.5533929411513158
RMSE_test:  0.4037369287264121
======================================================
 -- 0.61246657371521 seconds elapsed...


17 th repeated holdout test
3884-dim features, using SVR
======================================================
params:  {'gamma': 0.00390625, 'C': 16.0}
SRCC_train:  0.9829063853041461
KRCC_train:  0.9110832671771353
PLCC_train:  0.9889028327229936
RMSE_train:  0.0726923177709425
======================================================
SRCC_test:  0.4857707509881422
KRCC_test:  0.3313131313131313
PLCC_test:  0.6020625708065348
RMSE_test:  0.3642941122085718
======================================================
 -- 0.6175336837768555 seconds elapsed...


18 th repeated holdout test
3884-dim features, using SVR
======================================================
params:  {'gamma': 0.00390625, 'C': 8.0}
SRCC_train:  0.9809625937122559
KRCC_train:  0.9117795250306162
PLCC_train:  0.9880244358265378
RMSE_train:  0.07198067058029103
======================================================
SRCC_test:  0.6218913669831776
KRCC_test:  0.455785808567758
PLCC_test:  0.5736418418565925
RMSE_test:  0.4452041019393142
======================================================
 -- 0.6191232204437256 seconds elapsed...


19 th repeated holdout test
3884-dim features, using SVR
======================================================
params:  {'gamma': 0.00390625, 'C': 256.0}
SRCC_train:  0.9818283202956933
KRCC_train:  0.9109346422070844
PLCC_train:  0.9880790448571019
RMSE_train:  0.07543757863186482
======================================================
SRCC_test:  0.3334650856389986
KRCC_test:  0.2525252525252525
PLCC_test:  0.40843505151717907
RMSE_test:  0.3774486094888741
======================================================
 -- 0.6197524070739746 seconds elapsed...


======================================================
Average training results among all repeated 80-20 holdouts:
SRCC Train: 0.9844660313177003 (std: 0.003828939612967158)
KRCC Train: 0.9214877918052549 (std: 0.01696421120683292)
PLCC Train: 0.9895906805187117 (std: 0.0017446993031269412)
RMSE Train: 0.06880578000895758 (std: 0.005966957984342101)
======================================================
Average testing results among all repeated 80-20 holdouts:
SRCC Test: 0.5678558791691853 (std: 0.09735186850297098)
KRCC Test: 0.4104311062897008 (std: 0.07522077782461219)
PLCC Test: 0.5803197533781785 (std: 0.10278966128314826)
RMSE Test: 0.39308386851044413 (std: 0.0572174792308291)



Overall 12.68756914138794 secs lapsed..
