Namespace(color_only=False, dataset_name='YOUTUBE_UGC_360P', feature_file='/mnt/storage/home/um20242/scratch/RAPIQUE-main/feat_files/YOUTUBE_UGC_360P_RAPIQUE_feats.mat', log_file='/mnt/storage/home/um20242/scratch/RAPIQUE-main/logs/YOUTUBE_UGC_360P_RAPIQUE_SVR.log', log_short=False, max_thread_count=4, model_name='RAPIQUE', mos_file='/mnt/storage/home/um20242/scratch/RAPIQUE-main/mos_files/YOUTUBE_UGC_360P_metadata.csv', num_iterations=20, out_file='/mnt/storage/home/um20242/scratch/RAPIQUE-main/result/YOUTUBE_UGC_360P_RAPIQUE_SVR_corr.mat', use_parallel=False)
1 th repeated holdout test
3884-dim features, using SVR
======================================================
params:  {'gamma': 0.015625, 'C': 4.0}
SRCC_train:  0.9484174569118563
KRCC_train:  0.875084992255846
PLCC_train:  0.9531764868448799
RMSE_train:  0.1398336384640347
======================================================
SRCC_test:  0.3049969553031375
KRCC_test:  0.20263824844344097
PLCC_test:  0.393895177094521
RMSE_test:  0.4853916705603961
======================================================
 -- 2.931781768798828 seconds elapsed...


2 th repeated holdout test
3884-dim features, using SVR
======================================================
params:  {'gamma': 0.0078125, 'C': 2.0}
SRCC_train:  0.93480173989818
KRCC_train:  0.8421920777807362
PLCC_train:  0.9592608517283957
RMSE_train:  0.13409234019007327
======================================================
SRCC_test:  0.5020393676811441
KRCC_test:  0.3675647640814604
PLCC_test:  0.5108822439697199
RMSE_test:  0.41330194622204125
======================================================
 -- 0.9036417007446289 seconds elapsed...


3 th repeated holdout test
3884-dim features, using SVR
======================================================
params:  {'gamma': 0.00390625, 'C': 64.0}
SRCC_train:  0.9270807613997606
KRCC_train:  0.8303121657679332
PLCC_train:  0.9365291924581155
RMSE_train:  0.1685580622326705
======================================================
SRCC_test:  0.4485220996586895
KRCC_test:  0.32254854117673465
PLCC_test:  0.4648658749032721
RMSE_test:  0.4092163204216082
======================================================
 -- 0.8606235980987549 seconds elapsed...


4 th repeated holdout test
3884-dim features, using SVR
======================================================
params:  {'gamma': 0.0078125, 'C': 512.0}
SRCC_train:  0.9213116305934714
KRCC_train:  0.8317987373634296
PLCC_train:  0.9286728923279938
RMSE_train:  0.18006895363685763
======================================================
SRCC_test:  0.3730395269288807
KRCC_test:  0.2670286548884102
PLCC_test:  0.4079963609303624
RMSE_test:  0.40546902707446647
======================================================
 -- 0.9212489128112793 seconds elapsed...


5 th repeated holdout test
3884-dim features, using SVR
======================================================
params:  {'gamma': 0.00390625, 'C': 64.0}
SRCC_train:  0.9223808070870843
KRCC_train:  0.8207609273834492
PLCC_train:  0.9323129970503652
RMSE_train:  0.16331877192819824
======================================================
SRCC_test:  0.5326271860282581
KRCC_test:  0.37846649461968973
PLCC_test:  0.5516508195678486
RMSE_test:  0.47428499723013934
======================================================
 -- 0.8410942554473877 seconds elapsed...


6 th repeated holdout test
3884-dim features, using SVR
======================================================
params:  {'gamma': 0.00390625, 'C': 1024.0}
SRCC_train:  0.9208670106005327
KRCC_train:  0.8216003507082161
PLCC_train:  0.930601832710584
RMSE_train:  0.174015844410237
======================================================
SRCC_test:  0.6554598447634059
KRCC_test:  0.4734512905459934
PLCC_test:  0.6846692595167486
RMSE_test:  0.35354379155719146
======================================================
 -- 0.8370277881622314 seconds elapsed...


7 th repeated holdout test
3884-dim features, using SVR
======================================================
params:  {'gamma': 0.00390625, 'C': 2.0}
SRCC_train:  0.9220509498436199
KRCC_train:  0.8224056067203774
PLCC_train:  0.9299790045644367
RMSE_train:  0.16876904158171008
======================================================
SRCC_test:  0.5662881223758589
KRCC_test:  0.3899782151218461
PLCC_test:  0.5850643119272408
RMSE_test:  0.44074319758024066
======================================================
 -- 0.9141912460327148 seconds elapsed...


8 th repeated holdout test
3884-dim features, using SVR
======================================================
params:  {'gamma': 0.00390625, 'C': 2.0}
SRCC_train:  0.9195424709606663
KRCC_train:  0.8180807522257075
PLCC_train:  0.9234778709279758
RMSE_train:  0.18604781733567805
======================================================
SRCC_test:  0.38332240457423483
KRCC_test:  0.261665211711008
PLCC_test:  0.49759406174187193
RMSE_test:  0.3865611078753034
======================================================
 -- 0.8862709999084473 seconds elapsed...


9 th repeated holdout test
3884-dim features, using SVR
======================================================
params:  {'gamma': 0.0078125, 'C': 128.0}
SRCC_train:  0.942160915425023
KRCC_train:  0.8590425254563137
PLCC_train:  0.9557357143403321
RMSE_train:  0.1452908486851846
======================================================
SRCC_test:  0.3922326716355807
KRCC_test:  0.2635393021793528
PLCC_test:  0.4240714875333315
RMSE_test:  0.3674394181976645
======================================================
 -- 0.8878371715545654 seconds elapsed...


10 th repeated holdout test
3884-dim features, using SVR
======================================================
params:  {'gamma': 0.00390625, 'C': 64.0}
SRCC_train:  0.923204114319394
KRCC_train:  0.8266273460040969
PLCC_train:  0.9311920146855763
RMSE_train:  0.16895341626076768
======================================================
SRCC_test:  0.5329241990699971
KRCC_test:  0.39085719038955397
PLCC_test:  0.6269909584286821
RMSE_test:  0.4117653104571835
======================================================
 -- 0.8423168659210205 seconds elapsed...


11 th repeated holdout test
3884-dim features, using SVR
======================================================
params:  {'gamma': 0.00390625, 'C': 64.0}
SRCC_train:  0.9249945681754518
KRCC_train:  0.829221125194705
PLCC_train:  0.9352343057551767
RMSE_train:  0.1733224588576785
======================================================
SRCC_test:  0.43304225371844923
KRCC_test:  0.29535780849781723
PLCC_test:  0.5098460671449372
RMSE_test:  0.36163324599893565
======================================================
 -- 0.9922769069671631 seconds elapsed...


12 th repeated holdout test
3884-dim features, using SVR
======================================================
params:  {'gamma': 0.0078125, 'C': 32.0}
SRCC_train:  0.922994197175663
KRCC_train:  0.8325925560178423
PLCC_train:  0.9307200765368129
RMSE_train:  0.17475420308383
======================================================
SRCC_test:  0.5124884925531632
KRCC_test:  0.3371637927510504
PLCC_test:  0.5274924701838973
RMSE_test:  0.39291295638704965
======================================================
 -- 0.8869922161102295 seconds elapsed...


13 th repeated holdout test
3884-dim features, using SVR
======================================================
params:  {'gamma': 0.00390625, 'C': 16.0}
SRCC_train:  0.9113944289740546
KRCC_train:  0.8077749824945303
PLCC_train:  0.9243596287642678
RMSE_train:  0.17878814556935846
======================================================
SRCC_test:  0.5642366635174407
KRCC_test:  0.4097431928863061
PLCC_test:  0.6495713028119176
RMSE_test:  0.3796748911320515
======================================================
 -- 0.8623988628387451 seconds elapsed...


14 th repeated holdout test
3884-dim features, using SVR
======================================================
params:  {'gamma': 0.00390625, 'C': 16.0}
SRCC_train:  0.9195724579583197
KRCC_train:  0.8196111495421252
PLCC_train:  0.9308228899473291
RMSE_train:  0.17890539562045535
======================================================
SRCC_test:  0.4766704706668864
KRCC_test:  0.33118722041979004
PLCC_test:  0.5605342469631851
RMSE_test:  0.33862040434292157
======================================================
 -- 0.9052386283874512 seconds elapsed...


15 th repeated holdout test
3884-dim features, using SVR
======================================================
params:  {'gamma': 0.00390625, 'C': 8.0}
SRCC_train:  0.9383568793405359
KRCC_train:  0.8427560849826586
PLCC_train:  0.9489964528451988
RMSE_train:  0.1540350396624692
======================================================
SRCC_test:  0.6343489571886537
KRCC_test:  0.4823848045739031
PLCC_test:  0.6629908463187134
RMSE_test:  0.3174288071881391
======================================================
 -- 0.8768529891967773 seconds elapsed...


16 th repeated holdout test
3884-dim features, using SVR
======================================================
params:  {'gamma': 0.00390625, 'C': 64.0}
SRCC_train:  0.9235651127714685
KRCC_train:  0.8225294539440198
PLCC_train:  0.937034073658018
RMSE_train:  0.1673427197639832
======================================================
SRCC_test:  0.5951194286156891
KRCC_test:  0.44048316575609553
PLCC_test:  0.6611870136243512
RMSE_test:  0.3454139787391594
======================================================
 -- 0.8610470294952393 seconds elapsed...


17 th repeated holdout test
3884-dim features, using SVR
======================================================
params:  {'gamma': 0.015625, 'C': 1024.0}
SRCC_train:  0.9333934816364305
KRCC_train:  0.8548944016588444
PLCC_train:  0.9454241208001893
RMSE_train:  0.15852625096971182
======================================================
SRCC_test:  0.4835239883162023
KRCC_test:  0.35115977159487755
PLCC_test:  0.5231328552665067
RMSE_test:  0.37256328124312726
======================================================
 -- 0.8992087841033936 seconds elapsed...


18 th repeated holdout test
3884-dim features, using SVR
======================================================
params:  {'gamma': 0.015625, 'C': 512.0}
SRCC_train:  0.9265855588654897
KRCC_train:  0.846379240249045
PLCC_train:  0.9363733415887102
RMSE_train:  0.16283636176039834
======================================================
SRCC_test:  0.3361971721840714
KRCC_test:  0.238119569743796
PLCC_test:  0.35855430122504184
RMSE_test:  0.48796356427451965
======================================================
 -- 0.9322950839996338 seconds elapsed...


19 th repeated holdout test
3884-dim features, using SVR
======================================================
params:  {'gamma': 0.0078125, 'C': 2.0}
SRCC_train:  0.9267883564920579
KRCC_train:  0.8391917966003938
PLCC_train:  0.9376999903519107
RMSE_train:  0.1703220665376066
======================================================
SRCC_test:  0.4577942976102202
KRCC_test:  0.3159494139525715
PLCC_test:  0.4785069556208229
RMSE_test:  0.35991757236855754
======================================================
 -- 0.9759948253631592 seconds elapsed...


======================================================
Average training results among all repeated 80-20 holdouts:
SRCC Train: 0.9268138367594241 (std: 0.008691318722561674)
KRCC Train: 0.8338345406500142 (std: 0.016085300616521768)
PLCC Train: 0.9372423019940141 (std: 0.010161156793677786)
RMSE Train: 0.16567270402899492 (std: 0.013598930517222963)
======================================================
Average testing results among all repeated 80-20 holdouts:
SRCC Test: 0.4834144264415771 (std: 0.09536688833682719)
KRCC Test: 0.34312035017545783 (std: 0.07602764512580834)
PLCC Test: 0.5304998218301563 (std: 0.09451964038699236)
RMSE Test: 0.3949392362552998 (std: 0.04779890905369256)



Overall 19.040971517562866 secs lapsed..
Namespace(color_only=False, dataset_name='YOUTUBE_UGC_360P', feature_file='/mnt/storage/home/um20242/scratch/RAPIQUE-main/feat_files/YOUTUBE_UGC_360P_RAPIQUE_feats.mat', log_file='/mnt/storage/home/um20242/scratch/RAPIQUE-main/logs/YOUTUBE_UGC_360P_RAPIQUE_SVR.log', log_short=False, max_thread_count=4, model_name='RAPIQUE', mos_file='/mnt/storage/home/um20242/scratch/RAPIQUE-main/mos_files/YOUTUBE_UGC_360P_metadata.csv', num_iterations=20, out_file='/mnt/storage/home/um20242/scratch/RAPIQUE-main/result/YOUTUBE_UGC_360P_RAPIQUE_SVR_corr.mat', use_parallel=False)
1 th repeated holdout test
3884-dim features, using SVR
======================================================
params:  {'gamma': 0.00390625, 'C': 2.0}
SRCC_train:  0.9359828392337679
KRCC_train:  0.8307298013468676
PLCC_train:  0.9329312384424748
RMSE_train:  0.16648582515786156
======================================================
SRCC_test:  0.4126958591070686
KRCC_test:  0.29321140494467596
PLCC_test:  0.4706616869311883
RMSE_test:  0.4659361918843267
======================================================
 -- 3.160654306411743 seconds elapsed...


2 th repeated holdout test
3884-dim features, using SVR
======================================================
params:  {'gamma': 0.00390625, 'C': 2.0}
SRCC_train:  0.927169571885353
KRCC_train:  0.8206636504346029
PLCC_train:  0.945494978119873
RMSE_train:  0.1545557558792432
======================================================
SRCC_test:  0.527493681857066
KRCC_test:  0.37817488098278085
PLCC_test:  0.5402790848514901
RMSE_test:  0.4045686884953023
======================================================
 -- 0.8736131191253662 seconds elapsed...


3 th repeated holdout test
3884-dim features, using SVR
======================================================
params:  {'gamma': 0.0078125, 'C': 8.0}
SRCC_train:  0.9282906854368582
KRCC_train:  0.8407209094216083
PLCC_train:  0.9384525085248002
RMSE_train:  0.16606696741540591
======================================================
SRCC_test:  0.44287708467442677
KRCC_test:  0.30882307133942677
PLCC_test:  0.43635688732181527
RMSE_test:  0.4158684510036744
======================================================
 -- 0.8898468017578125 seconds elapsed...


4 th repeated holdout test
3884-dim features, using SVR
======================================================
params:  {'gamma': 0.015625, 'C': 128.0}
SRCC_train:  0.9233943825843609
KRCC_train:  0.8438392498463744
PLCC_train:  0.9302276495787068
RMSE_train:  0.17816737798669888
======================================================
SRCC_test:  0.2855923600983938
KRCC_test:  0.1985597690195871
PLCC_test:  0.38247894576105135
RMSE_test:  0.4103456897589257
======================================================
 -- 0.8978521823883057 seconds elapsed...


5 th repeated holdout test
3884-dim features, using SVR
======================================================
params:  {'gamma': 0.015625, 'C': 256.0}
SRCC_train:  0.9247758382871144
KRCC_train:  0.837973669656433
PLCC_train:  0.9366732117317013
RMSE_train:  0.1581490653691767
======================================================
SRCC_test:  0.36713170009037943
KRCC_test:  0.24497931415262483
PLCC_test:  0.4508677439360036
RMSE_test:  0.5075590661003745
======================================================
 -- 0.8355398178100586 seconds elapsed...


6 th repeated holdout test
3884-dim features, using SVR
======================================================
params:  {'gamma': 0.015625, 'C': 1024.0}
SRCC_train:  0.9223919923696862
KRCC_train:  0.8392887092420251
PLCC_train:  0.9331977607246636
RMSE_train:  0.1708449269787371
======================================================
SRCC_test:  0.4790671119844121
KRCC_test:  0.34143121914374525
PLCC_test:  0.5040399632520334
RMSE_test:  0.4189437964034075
======================================================
 -- 0.8768923282623291 seconds elapsed...


7 th repeated holdout test
3884-dim features, using SVR
======================================================
params:  {'gamma': 0.00390625, 'C': 512.0}
SRCC_train:  0.9251266358581208
KRCC_train:  0.8280437581027272
PLCC_train:  0.9378153333749889
RMSE_train:  0.15936766169074812
======================================================
SRCC_test:  0.5479104701025292
KRCC_test:  0.3762947689772199
PLCC_test:  0.5972390079102886
RMSE_test:  0.4358935408922298
======================================================
 -- 0.864351749420166 seconds elapsed...


8 th repeated holdout test
3884-dim features, using SVR
======================================================
params:  {'gamma': 0.00390625, 'C': 256.0}
SRCC_train:  0.9176958642059686
KRCC_train:  0.821331277593906
PLCC_train:  0.9293714099527886
RMSE_train:  0.17901344377546477
======================================================
SRCC_test:  0.36811424943900395
KRCC_test:  0.25711451237690347
PLCC_test:  0.49175444321410655
RMSE_test:  0.38804240356676495
======================================================
 -- 0.8957428932189941 seconds elapsed...


9 th repeated holdout test
3884-dim features, using SVR
======================================================
params:  {'gamma': 0.00390625, 'C': 64.0}
SRCC_train:  0.9408607000630356
KRCC_train:  0.8485559337572577
PLCC_train:  0.9541512520550761
RMSE_train:  0.14780845419487207
======================================================
SRCC_test:  0.40831657014442074
KRCC_test:  0.2697039642186359
PLCC_test:  0.4433092852366727
RMSE_test:  0.3636823722454113
======================================================
 -- 0.8762660026550293 seconds elapsed...


10 th repeated holdout test
3884-dim features, using SVR
======================================================
params:  {'gamma': 0.00390625, 'C': 4.0}
SRCC_train:  0.9232838052324811
KRCC_train:  0.8256729211732413
PLCC_train:  0.9303221207088995
RMSE_train:  0.16997974916084213
======================================================
SRCC_test:  0.530270705627792
KRCC_test:  0.38779764291096647
PLCC_test:  0.6222253730558303
RMSE_test:  0.4137799994192263
======================================================
 -- 0.8386118412017822 seconds elapsed...


11 th repeated holdout test
3884-dim features, using SVR
======================================================
params:  {'gamma': 0.0078125, 'C': 32.0}
SRCC_train:  0.9264255667112348
KRCC_train:  0.8378101344325372
PLCC_train:  0.9368441258814776
RMSE_train:  0.17122602020113803
======================================================
SRCC_test:  0.4365517876979821
KRCC_test:  0.30453991653401874
PLCC_test:  0.535528162987275
RMSE_test:  0.35501307954324857
======================================================
 -- 0.892991304397583 seconds elapsed...


12 th repeated holdout test
3884-dim features, using SVR
======================================================
params:  {'gamma': 0.00390625, 'C': 64.0}
SRCC_train:  0.9218131315512298
KRCC_train:  0.8244762228265451
PLCC_train:  0.9295097418421948
RMSE_train:  0.17621882957113735
======================================================
SRCC_test:  0.5438361009348103
KRCC_test:  0.36767635318100966
PLCC_test:  0.5746097318067566
RMSE_test:  0.3785146417073621
======================================================
 -- 0.8464810848236084 seconds elapsed...


13 th repeated holdout test
3884-dim features, using SVR
======================================================
params:  {'gamma': 0.0078125, 'C': 512.0}
SRCC_train:  0.9135671953926574
KRCC_train:  0.8158971654379306
PLCC_train:  0.9267928351465805
RMSE_train:  0.17600016731635476
======================================================
SRCC_test:  0.5082489321731106
KRCC_test:  0.34740749378300906
PLCC_test:  0.6381132628904524
RMSE_test:  0.38448977552827607
======================================================
 -- 0.8120946884155273 seconds elapsed...


14 th repeated holdout test
3884-dim features, using SVR
======================================================
params:  {'gamma': 0.015625, 'C': 128.0}
SRCC_train:  0.9228503586475464
KRCC_train:  0.8413309406868908
PLCC_train:  0.9348987783784607
RMSE_train:  0.1737379553308015
======================================================
SRCC_test:  0.38459077039291384
KRCC_test:  0.2705579809836729
PLCC_test:  0.6183770958594464
RMSE_test:  0.32134461908306206
======================================================
 -- 0.9110503196716309 seconds elapsed...


15 th repeated holdout test
3884-dim features, using SVR
======================================================
params:  {'gamma': 0.00390625, 'C': 128.0}
SRCC_train:  0.9384255646617659
KRCC_train:  0.8428514085981978
PLCC_train:  0.9489888951894879
RMSE_train:  0.15404615294593607
======================================================
SRCC_test:  0.6343489571886537
KRCC_test:  0.4823848045739031
PLCC_test:  0.6630589452713108
RMSE_test:  0.3174032329594306
======================================================
 -- 0.7967333793640137 seconds elapsed...


16 th repeated holdout test
3884-dim features, using SVR
======================================================
params:  {'gamma': 0.00390625, 'C': 4.0}
SRCC_train:  0.9234139396948443
KRCC_train:  0.8216694173380952
PLCC_train:  0.9359909961954709
RMSE_train:  0.16867767071470766
======================================================
SRCC_test:  0.6031546521563204
KRCC_test:  0.43744010416192564
PLCC_test:  0.6594483318416431
RMSE_test:  0.34611784814820495
======================================================
 -- 0.8686339855194092 seconds elapsed...


17 th repeated holdout test
3884-dim features, using SVR
======================================================
params:  {'gamma': 0.015625, 'C': 256.0}
SRCC_train:  0.9333934816364305
KRCC_train:  0.8548944016588444
PLCC_train:  0.9454241208001896
RMSE_train:  0.15852625096971162
======================================================
SRCC_test:  0.4835239883162023
KRCC_test:  0.35115977159487755
PLCC_test:  0.5231328552672889
RMSE_test:  0.37256328124294197
======================================================
 -- 0.8908371925354004 seconds elapsed...


18 th repeated holdout test
3884-dim features, using SVR
======================================================
params:  {'gamma': 0.00390625, 'C': 2.0}
SRCC_train:  0.9193533088958509
KRCC_train:  0.8140816186623471
PLCC_train:  0.9232132672899094
RMSE_train:  0.17827650144902962
======================================================
SRCC_test:  0.4863019864111829
KRCC_test:  0.34614825633682805
PLCC_test:  0.5637039993655565
RMSE_test:  0.4317544623040579
======================================================
 -- 0.8859066963195801 seconds elapsed...


19 th repeated holdout test
3884-dim features, using SVR
======================================================
params:  {'gamma': 0.00390625, 'C': 8.0}
SRCC_train:  0.9260349245153967
KRCC_train:  0.8307658877521042
PLCC_train:  0.9366034144944906
RMSE_train:  0.17176586973660682
======================================================
SRCC_test:  0.45890441248970787
KRCC_test:  0.3099025352166371
PLCC_test:  0.49022406566060595
RMSE_test:  0.35725848785539993
======================================================
 -- 0.960951566696167 seconds elapsed...


======================================================
Average training results among all repeated 80-20 holdouts:
SRCC Train: 0.9260131466770369 (std: 0.006757629320945582)
KRCC Train: 0.8326630041036073 (std: 0.011188251486223695)
PLCC Train: 0.9361528230753808 (std: 0.0076293043207209905)
RMSE Train: 0.16731129714970916 (std: 0.009099736236160066)
======================================================
Average testing results among all repeated 80-20 holdouts:
SRCC Test: 0.46889112530980936 (std: 0.0847599652932801)
KRCC Test: 0.3301740928648657 (std: 0.0668740066734022)
PLCC Test: 0.5371267827589902 (std: 0.07976279843142851)
RMSE Test: 0.3941620856916646 (std: 0.04655156102034499)



Overall 18.900407314300537 secs lapsed..
Namespace(color_only=False, dataset_name='YOUTUBE_UGC_360P', feature_file='/mnt/storage/home/um20242/scratch/RAPIQUE-main/feat_files/YOUTUBE_UGC_360P_RAPIQUE_feats.mat', log_file='/mnt/storage/home/um20242/scratch/RAPIQUE-main/logs/YOUTUBE_UGC_360P_RAPIQUE_SVR.log', log_short=False, max_thread_count=4, model_name='RAPIQUE', mos_file='/mnt/storage/home/um20242/scratch/RAPIQUE-main/mos_files/YOUTUBE_UGC_360P_metadata.csv', num_iterations=20, out_file='/mnt/storage/home/um20242/scratch/RAPIQUE-main/result/YOUTUBE_UGC_360P_RAPIQUE_SVR_corr.mat', use_parallel=False)
1 th repeated holdout test
3884-dim features, using SVR
======================================================
params:  {'gamma': 0.00390625, 'C': 2.0}
SRCC_train:  0.9359828392337679
KRCC_train:  0.8307298013468676
PLCC_train:  0.9329312384307381
RMSE_train:  0.16648582517035912
======================================================
SRCC_test:  0.4126958591070686
KRCC_test:  0.29321140494467596
PLCC_test:  0.47066176406281107
RMSE_test:  0.46593616993540904
======================================================
 -- 1.5418570041656494 seconds elapsed...


2 th repeated holdout test
3884-dim features, using SVR
======================================================
params:  {'gamma': 0.00390625, 'C': 2.0}
SRCC_train:  0.927169571885353
KRCC_train:  0.8206636504346029
PLCC_train:  0.9454949781198166
RMSE_train:  0.15455575587931975
======================================================
SRCC_test:  0.527493681857066
KRCC_test:  0.37817488098278085
PLCC_test:  0.5402789050624874
RMSE_test:  0.4045687439920681
======================================================
 -- 0.5153074264526367 seconds elapsed...


3 th repeated holdout test
3884-dim features, using SVR
======================================================
params:  {'gamma': 0.00390625, 'C': 4.0}
SRCC_train:  0.9278983704878616
KRCC_train:  0.8315535755614908
PLCC_train:  0.9361808666714808
RMSE_train:  0.16900474846117977
======================================================
SRCC_test:  0.45262756510178964
KRCC_test:  0.32407359338088
PLCC_test:  0.46188795379295744
RMSE_test:  0.40993603174057935
======================================================
 -- 0.5311355590820312 seconds elapsed...


4 th repeated holdout test
3884-dim features, using SVR
======================================================
params:  {'gamma': 0.00390625, 'C': 256.0}
SRCC_train:  0.9208539886185679
KRCC_train:  0.8251095637617937
PLCC_train:  0.9272965874207778
RMSE_train:  0.1817330520644534
======================================================
SRCC_test:  0.391161520446049
KRCC_test:  0.28528702445342974
PLCC_test:  0.4140797717473113
RMSE_test:  0.4042508383094912
======================================================
 -- 0.5785703659057617 seconds elapsed...


5 th repeated holdout test
3884-dim features, using SVR
======================================================
params:  {'gamma': 0.0078125, 'C': 512.0}
SRCC_train:  0.9223945518859367
KRCC_train:  0.8260203764113053
PLCC_train:  0.9342134210278463
RMSE_train:  0.16108888419415926
======================================================
SRCC_test:  0.4730761515942357
KRCC_test:  0.33144260150061006
PLCC_test:  0.5163258701324888
RMSE_test:  0.4869752634441733
======================================================
 -- 0.4480106830596924 seconds elapsed...


6 th repeated holdout test
3884-dim features, using SVR
======================================================
params:  {'gamma': 0.0078125, 'C': 512.0}
SRCC_train:  0.9221741378312358
KRCC_train:  0.8302054981030422
PLCC_train:  0.9318992640046377
RMSE_train:  0.17243942925823308
======================================================
SRCC_test:  0.6030418541797719
KRCC_test:  0.427927127993494
PLCC_test:  0.6177875522252883
RMSE_test:  0.3814309173529097
======================================================
 -- 0.520524263381958 seconds elapsed...


7 th repeated holdout test
3884-dim features, using SVR
======================================================
params:  {'gamma': 0.0078125, 'C': 64.0}
SRCC_train:  0.9270685234088312
KRCC_train:  0.8359753947931515
PLCC_train:  0.9392908381936153
RMSE_train:  0.15752552748376494
======================================================
SRCC_test:  0.4514919037568735
KRCC_test:  0.30331638953921364
PLCC_test:  0.46145253219540316
RMSE_test:  0.48214329340141904
======================================================
 -- 0.5867924690246582 seconds elapsed...


8 th repeated holdout test
3884-dim features, using SVR
======================================================
params:  {'gamma': 0.00390625, 'C': 8.0}
SRCC_train:  0.9176958642059686
KRCC_train:  0.821331277593906
PLCC_train:  0.9293714099530982
RMSE_train:  0.17901344377508638
======================================================
SRCC_test:  0.36811424943900395
KRCC_test:  0.25711451237690347
PLCC_test:  0.4917544432573184
RMSE_test:  0.38804240355601516
======================================================
 -- 0.530109167098999 seconds elapsed...


9 th repeated holdout test
3884-dim features, using SVR
======================================================
params:  {'gamma': 0.0078125, 'C': 32.0}
SRCC_train:  0.942160915425023
KRCC_train:  0.8590425254563137
PLCC_train:  0.9557357143403331
RMSE_train:  0.14529084868518308
======================================================
SRCC_test:  0.3922326716355807
KRCC_test:  0.2635393021793528
PLCC_test:  0.4240714875295176
RMSE_test:  0.36743941819836173
======================================================
 -- 0.5985331535339355 seconds elapsed...


10 th repeated holdout test
3884-dim features, using SVR
======================================================
params:  {'gamma': 0.00390625, 'C': 16.0}
SRCC_train:  0.923204114319394
KRCC_train:  0.8266273460040969
PLCC_train:  0.9311920146855784
RMSE_train:  0.16895341626076563
======================================================
SRCC_test:  0.5329241990699971
KRCC_test:  0.39085719038955397
PLCC_test:  0.6269909584194957
RMSE_test:  0.41176531046109144
======================================================
 -- 0.5509686470031738 seconds elapsed...


11 th repeated holdout test
3884-dim features, using SVR
======================================================
params:  {'gamma': 0.00390625, 'C': 64.0}
SRCC_train:  0.9249945681754518
KRCC_train:  0.829221125194705
PLCC_train:  0.9352343057551836
RMSE_train:  0.17332245885766967
======================================================
SRCC_test:  0.43304225371844923
KRCC_test:  0.29535780849781723
PLCC_test:  0.5098460671263297
RMSE_test:  0.3616332460035715
======================================================
 -- 0.5766541957855225 seconds elapsed...


12 th repeated holdout test
3884-dim features, using SVR
======================================================
params:  {'gamma': 0.00390625, 'C': 8.0}
SRCC_train:  0.9218021385029511
KRCC_train:  0.8244762228265451
PLCC_train:  0.9295162956853636
RMSE_train:  0.1762109366550908
======================================================
SRCC_test:  0.5438361009348103
KRCC_test:  0.36767635318100966
PLCC_test:  0.5746097318067566
RMSE_test:  0.3785146417073621
======================================================
 -- 0.5403611660003662 seconds elapsed...


13 th repeated holdout test
3884-dim features, using SVR
======================================================
params:  {'gamma': 0.00390625, 'C': 1024.0}
SRCC_train:  0.9113944289740546
KRCC_train:  0.8077749824945303
PLCC_train:  0.9243596287641634
RMSE_train:  0.1787881455694768
======================================================
SRCC_test:  0.5642366635174407
KRCC_test:  0.4097431928863061
PLCC_test:  0.6495713028207832
RMSE_test:  0.37967489112759184
======================================================
 -- 0.46659207344055176 seconds elapsed...


14 th repeated holdout test
3884-dim features, using SVR
======================================================
params:  {'gamma': 0.00390625, 'C': 2.0}
SRCC_train:  0.9128757529016758
KRCC_train:  0.8048761370474383
PLCC_train:  0.9173060345311331
RMSE_train:  0.19491876046877454
======================================================
SRCC_test:  0.4862371927732731
KRCC_test:  0.32967148943388713
PLCC_test:  0.5904520429422832
RMSE_test:  0.33000963873664846
======================================================
 -- 0.5498332977294922 seconds elapsed...


15 th repeated holdout test
3884-dim features, using SVR
======================================================
params:  {'gamma': 0.0078125, 'C': 256.0}
SRCC_train:  0.938834242323084
KRCC_train:  0.8510492395345749
PLCC_train:  0.950126764730734
RMSE_train:  0.15236281998322596
======================================================
SRCC_test:  0.6539069777754033
KRCC_test:  0.48700830110336546
PLCC_test:  0.6649271852936512
RMSE_test:  0.3166997922403176
======================================================
 -- 0.5722284317016602 seconds elapsed...


16 th repeated holdout test
3884-dim features, using SVR
======================================================
params:  {'gamma': 0.015625, 'C': 4.0}
SRCC_train:  0.9270950041106415
KRCC_train:  0.8421191766345251
PLCC_train:  0.9394255450023741
RMSE_train:  0.1642353755783079
======================================================
SRCC_test:  0.6111471351462036
KRCC_test:  0.44656928894443537
PLCC_test:  0.6645055102020259
RMSE_test:  0.3440613871879041
======================================================
 -- 0.5396583080291748 seconds elapsed...


17 th repeated holdout test
3884-dim features, using SVR
======================================================
params:  {'gamma': 0.00390625, 'C': 512.0}
SRCC_train:  0.9301567093189369
KRCC_train:  0.8330254541633265
PLCC_train:  0.9421062161772799
RMSE_train:  0.16313461682023894
======================================================
SRCC_test:  0.5310402548253615
KRCC_test:  0.390856093601255
PLCC_test:  0.518552880369859
RMSE_test:  0.37378486512582737
======================================================
 -- 0.6240906715393066 seconds elapsed...


18 th repeated holdout test
3884-dim features, using SVR
======================================================
params:  {'gamma': 0.015625, 'C': 4.0}
SRCC_train:  0.9265855588654897
KRCC_train:  0.846379240249045
PLCC_train:  0.9363733415887231
RMSE_train:  0.16283636176038258
======================================================
SRCC_test:  0.3361971721840714
KRCC_test:  0.238119569743796
PLCC_test:  0.3585542837965755
RMSE_test:  0.48796356777368777
======================================================
 -- 0.5448822975158691 seconds elapsed...


19 th repeated holdout test
3884-dim features, using SVR
======================================================
params:  {'gamma': 0.00390625, 'C': 1024.0}
SRCC_train:  0.9260349245153967
KRCC_train:  0.8307658877521042
PLCC_train:  0.9366034144944964
RMSE_train:  0.17176586973659969
======================================================
SRCC_test:  0.45890441248970787
KRCC_test:  0.3099025352166371
PLCC_test:  0.49022409178123727
RMSE_test:  0.3572584818266766
======================================================
 -- 0.5845165252685547 seconds elapsed...


======================================================
Average training results among all repeated 80-20 holdouts:
SRCC Train: 0.9255987476310326 (std: 0.0075481641301778845)
KRCC Train: 0.830365603966493 (std: 0.012808936417038213)
PLCC Train: 0.9355083094514406 (std: 0.008690066772141323)
RMSE Train: 0.1680876987716985 (std: 0.011349843830938715)
======================================================
Average testing results among all repeated 80-20 holdouts:
SRCC Test: 0.4854425168185346 (std: 0.08537041813737649)
KRCC Test: 0.3436762452815476 (std: 0.06714463507524461)
PLCC Test: 0.5287649649770831 (std: 0.08709023965385043)
RMSE Test: 0.3964257316905845 (std: 0.05016092102087029)



Overall 11.40932846069336 secs lapsed..
Namespace(color_only=False, dataset_name='YOUTUBE_UGC_360P', feature_file='/mnt/storage/home/um20242/scratch/RAPIQUE-main/feat_files/YOUTUBE_UGC_360P_RAPIQUE_feats.mat', log_file='/mnt/storage/home/um20242/scratch/RAPIQUE-main/logs/YOUTUBE_UGC_360P_RAPIQUE_SVR.log', log_short=False, max_thread_count=4, model_name='RAPIQUE', mos_file='/mnt/storage/home/um20242/scratch/RAPIQUE-main/mos_files/YOUTUBE_UGC_360P_metadata.csv', num_iterations=20, out_file='/mnt/storage/home/um20242/scratch/RAPIQUE-main/result/YOUTUBE_UGC_360P_RAPIQUE_SVR_corr.mat', use_parallel=False)
1 th repeated holdout test
3884-dim features, using SVR
======================================================
params:  {'gamma': 0.00390625, 'C': 256.0}
SRCC_train:  0.943402257283764
KRCC_train:  0.8471364526078231
PLCC_train:  0.9485734287883655
RMSE_train:  0.14637303886480224
======================================================
SRCC_test:  0.40147186833673054
KRCC_test:  0.27632488424105583
PLCC_test:  0.45445297937696816
RMSE_test:  0.4704021834847505
======================================================
 -- 1.354233741760254 seconds elapsed...


2 th repeated holdout test
3884-dim features, using SVR
======================================================
params:  {'gamma': 0.00390625, 'C': 64.0}
SRCC_train:  0.9341776397040478
KRCC_train:  0.8358770724258704
PLCC_train:  0.958854209328302
RMSE_train:  0.13474592202078084
======================================================
SRCC_test:  0.5120758841766838
KRCC_test:  0.37514341901097503
PLCC_test:  0.5140559450474859
RMSE_test:  0.412391329165301
======================================================
 -- 0.500777006149292 seconds elapsed...


3 th repeated holdout test
3884-dim features, using SVR
======================================================
params:  {'gamma': 0.00390625, 'C': 2.0}
SRCC_train:  0.9237107004105705
KRCC_train:  0.8219087763961588
PLCC_train:  0.9252473240493303
RMSE_train:  0.18239256463526457
======================================================
SRCC_test:  0.4850436359962677
KRCC_test:  0.34237421983062377
PLCC_test:  0.4897536634794167
RMSE_test:  0.402967360409411
======================================================
 -- 0.5416905879974365 seconds elapsed...


4 th repeated holdout test
3884-dim features, using SVR
======================================================
params:  {'gamma': 0.00390625, 'C': 2.0}
SRCC_train:  0.916266574467734
KRCC_train:  0.8143113263762957
PLCC_train:  0.9171023544722126
RMSE_train:  0.19354234291218056
======================================================
SRCC_test:  0.41274549857380854
KRCC_test:  0.2944162092359395
PLCC_test:  0.4311419570664599
RMSE_test:  0.4007172486842752
======================================================
 -- 0.5208694934844971 seconds elapsed...


5 th repeated holdout test
3884-dim features, using SVR
======================================================
params:  {'gamma': 0.015625, 'C': 128.0}
SRCC_train:  0.9247758382871144
KRCC_train:  0.837973669656433
PLCC_train:  0.9366732117316986
RMSE_train:  0.15814906536917983
======================================================
SRCC_test:  0.36713170009037943
KRCC_test:  0.24497931415262483
PLCC_test:  0.450867743935732
RMSE_test:  0.5075590661004524
======================================================
 -- 0.41590189933776855 seconds elapsed...


6 th repeated holdout test
3884-dim features, using SVR
======================================================
params:  {'gamma': 0.00390625, 'C': 256.0}
SRCC_train:  0.9208670106005327
KRCC_train:  0.8216003507082161
PLCC_train:  0.9306018327103497
RMSE_train:  0.17401584441052048
======================================================
SRCC_test:  0.6554598447634059
KRCC_test:  0.4734512905459934
PLCC_test:  0.684669259516476
RMSE_test:  0.35354379155731563
======================================================
 -- 0.4995296001434326 seconds elapsed...


7 th repeated holdout test
3884-dim features, using SVR
======================================================
params:  {'gamma': 0.0078125, 'C': 2.0}
SRCC_train:  0.9270685234088312
KRCC_train:  0.8359753947931515
PLCC_train:  0.9392908381935982
RMSE_train:  0.15752552748378645
======================================================
SRCC_test:  0.4514919037568735
KRCC_test:  0.30331638953921364
PLCC_test:  0.46145209416253163
RMSE_test:  0.48214341698315594
======================================================
 -- 0.5210118293762207 seconds elapsed...


8 th repeated holdout test
3884-dim features, using SVR
======================================================
params:  {'gamma': 0.03125, 'C': 1024.0}
SRCC_train:  0.9246513934074185
KRCC_train:  0.8580430935170884
PLCC_train:  0.9339468156374883
RMSE_train:  0.17332316173381726
======================================================
SRCC_test:  0.21005196292115377
KRCC_test:  0.13424563035608233
PLCC_test:  0.41939832103113095
RMSE_test:  0.4045619257548241
======================================================
 -- 0.5366995334625244 seconds elapsed...


9 th repeated holdout test
3884-dim features, using SVR
======================================================
params:  {'gamma': 0.00390625, 'C': 8.0}
SRCC_train:  0.9408607000630356
KRCC_train:  0.8485559337572577
PLCC_train:  0.954151252055226
RMSE_train:  0.14780845419463562
======================================================
SRCC_test:  0.40831657014442074
KRCC_test:  0.2697039642186359
PLCC_test:  0.4433092852379722
RMSE_test:  0.3636823722453467
======================================================
 -- 0.5046155452728271 seconds elapsed...


10 th repeated holdout test
3884-dim features, using SVR
======================================================
params:  {'gamma': 0.0625, 'C': 16.0}
SRCC_train:  0.9317406598885273
KRCC_train:  0.8661405340015218
PLCC_train:  0.9364804921235343
RMSE_train:  0.16255298678094185
======================================================
SRCC_test:  0.2328226504128481
KRCC_test:  0.1476231658418472
PLCC_test:  0.4945583800399088
RMSE_test:  0.45939836951289753
======================================================
 -- 0.5489349365234375 seconds elapsed...


11 th repeated holdout test
3884-dim features, using SVR
======================================================
params:  {'gamma': 0.015625, 'C': 256.0}
SRCC_train:  0.9270363001237701
KRCC_train:  0.8455402427465861
PLCC_train:  0.9385213868699331
RMSE_train:  0.16901018658382902
======================================================
SRCC_test:  0.4570526020418383
KRCC_test:  0.32443448394578883
PLCC_test:  0.5646995564928865
RMSE_test:  0.3469331523653399
======================================================
 -- 0.5588419437408447 seconds elapsed...


12 th repeated holdout test
3884-dim features, using SVR
======================================================
params:  {'gamma': 0.00390625, 'C': 128.0}
SRCC_train:  0.9218131315512298
KRCC_train:  0.8244762228265451
PLCC_train:  0.9295097418421924
RMSE_train:  0.17621882957114035
======================================================
SRCC_test:  0.5438361009348103
KRCC_test:  0.36767635318100966
PLCC_test:  0.5746097318067567
RMSE_test:  0.3785146417073621
======================================================
 -- 0.5072412490844727 seconds elapsed...


13 th repeated holdout test
3884-dim features, using SVR
======================================================
params:  {'gamma': 0.00390625, 'C': 4.0}
SRCC_train:  0.9115572833830391
KRCC_train:  0.8075838723076267
PLCC_train:  0.9240100839133504
RMSE_train:  0.1791844961206785
======================================================
SRCC_test:  0.5760325519533454
KRCC_test:  0.42494702193589073
PLCC_test:  0.6415223847158171
RMSE_test:  0.3830724544285067
======================================================
 -- 0.4931628704071045 seconds elapsed...


14 th repeated holdout test
3884-dim features, using SVR
======================================================
params:  {'gamma': 0.015625, 'C': 1024.0}
SRCC_train:  0.9228503586475464
KRCC_train:  0.8413309406868908
PLCC_train:  0.9348987783784684
RMSE_train:  0.1737379553307912
======================================================
SRCC_test:  0.38459077039291384
KRCC_test:  0.2705579809836729
PLCC_test:  0.6183770951299422
RMSE_test:  0.3213446192716822
======================================================
 -- 0.5181801319122314 seconds elapsed...


15 th repeated holdout test
3884-dim features, using SVR
======================================================
params:  {'gamma': 0.00390625, 'C': 512.0}
SRCC_train:  0.9384255646617659
KRCC_train:  0.8428514085981978
PLCC_train:  0.9489888951895826
RMSE_train:  0.1540461529457969
======================================================
SRCC_test:  0.6343489571886537
KRCC_test:  0.4823848045739031
PLCC_test:  0.6630589452731062
RMSE_test:  0.3174032329587564
======================================================
 -- 0.4937734603881836 seconds elapsed...


16 th repeated holdout test
3884-dim features, using SVR
======================================================
params:  {'gamma': 0.00390625, 'C': 128.0}
SRCC_train:  0.9235651127714685
KRCC_train:  0.8225294539440198
PLCC_train:  0.9370340736579983
RMSE_train:  0.1673427197640085
======================================================
SRCC_test:  0.5951194286156891
KRCC_test:  0.44048316575609553
PLCC_test:  0.6611870136251426
RMSE_test:  0.34541397873883833
======================================================
 -- 0.5861766338348389 seconds elapsed...


17 th repeated holdout test
3884-dim features, using SVR
======================================================
params:  {'gamma': 0.00390625, 'C': 1024.0}
SRCC_train:  0.9301567093189369
KRCC_train:  0.8330254541633265
PLCC_train:  0.942106216177299
RMSE_train:  0.16313461682021246
======================================================
SRCC_test:  0.5310402548253615
KRCC_test:  0.390856093601255
PLCC_test:  0.5185529043601896
RMSE_test:  0.3737848587582431
======================================================
 -- 0.5621087551116943 seconds elapsed...


18 th repeated holdout test
3884-dim features, using SVR
======================================================
params:  {'gamma': 0.0078125, 'C': 2.0}
SRCC_train:  0.926081878178768
KRCC_train:  0.8363459554366093
PLCC_train:  0.9352308380279074
RMSE_train:  0.16424335666299075
======================================================
SRCC_test:  0.40637715651235085
KRCC_test:  0.28072243206217484
PLCC_test:  0.4712241992569215
RMSE_test:  0.4610458965349271
======================================================
 -- 0.5523314476013184 seconds elapsed...


19 th repeated holdout test
3884-dim features, using SVR
======================================================
params:  {'gamma': 0.00390625, 'C': 128.0}
SRCC_train:  0.9260349245153967
KRCC_train:  0.8307658877521042
PLCC_train:  0.9366034144944954
RMSE_train:  0.17176586973660093
======================================================
SRCC_test:  0.45890441248970787
KRCC_test:  0.3099025352166371
PLCC_test:  0.4902240892053451
RMSE_test:  0.3572584824299261
======================================================
 -- 0.5322749614715576 seconds elapsed...


======================================================
Average training results among all repeated 80-20 holdouts:
SRCC Train: 0.9271075031933418 (std: 0.007765361368723698)
KRCC Train: 0.8353669496158802 (std: 0.014277511772676542)
PLCC Train: 0.9372539572442806 (std: 0.009997585568501156)
RMSE Train: 0.16574279431273467 (std: 0.013608543865822203)
======================================================
Average testing results among all repeated 80-20 holdouts:
SRCC Test: 0.4591533554803813 (std: 0.11594137097737425)
KRCC Test: 0.3238707030647063 (std: 0.09328001387621195)
PLCC Test: 0.5287955551979047 (std: 0.08483371392818582)
RMSE Test: 0.3969546516363848 (std: 0.05432804723522439)



Overall 10.757673501968384 secs lapsed..
Namespace(color_only=False, dataset_name='YOUTUBE_UGC_360P', feature_file='/mnt/storage/home/um20242/scratch/RAPIQUE-main/feat_files/YOUTUBE_UGC_360P_RAPIQUE_feats.mat', log_file='/mnt/storage/home/um20242/scratch/RAPIQUE-main/logs/YOUTUBE_UGC_360P_RAPIQUE_SVR.log', log_short=False, max_thread_count=4, model_name='RAPIQUE', mos_file='/mnt/storage/home/um20242/scratch/RAPIQUE-main/mos_files/YOUTUBE_UGC_360P_metadata.csv', num_iterations=20, out_file='/mnt/storage/home/um20242/scratch/RAPIQUE-main/result/YOUTUBE_UGC_360P_RAPIQUE_SVR_corr.mat', use_parallel=False)
1 th repeated holdout test
3884-dim features, using SVR
======================================================
params:  {'gamma': 0.00390625, 'C': 16.0}
SRCC_train:  0.9833211888869288
KRCC_train:  0.9168603476499657
PLCC_train:  0.989328431809823
RMSE_train:  0.07039168610145562
======================================================
SRCC_test:  0.6715415019762845
KRCC_test:  0.4888888888888889
PLCC_test:  0.6990608274536453
RMSE_test:  0.3367781422801099
======================================================
 -- 1.6219666004180908 seconds elapsed...


2 th repeated holdout test
3884-dim features, using SVR
======================================================
params:  {'gamma': 0.00390625, 'C': 1024.0}
SRCC_train:  0.982842018019432
KRCC_train:  0.9093821526712754
PLCC_train:  0.9879705935496681
RMSE_train:  0.07582000861082518
======================================================
SRCC_test:  0.5347343459536495
KRCC_test:  0.3708944384575769
PLCC_test:  0.5110023279805015
RMSE_test:  0.3920135356815249
======================================================
 -- 0.5724139213562012 seconds elapsed...


3 th repeated holdout test
3884-dim features, using SVR
======================================================
params:  {'gamma': 0.00390625, 'C': 4.0}
SRCC_train:  0.985090788148143
KRCC_train:  0.9182655585702544
PLCC_train:  0.9893011752257943
RMSE_train:  0.07184048685322798
======================================================
SRCC_test:  0.5380764163372859
KRCC_test:  0.39393939393939387
PLCC_test:  0.661892012447207
RMSE_test:  0.3288469059738174
======================================================
 -- 0.6237771511077881 seconds elapsed...


4 th repeated holdout test
3884-dim features, using SVR
======================================================
params:  {'gamma': 0.0078125, 'C': 512.0}
SRCC_train:  0.9867767531728044
KRCC_train:  0.930959837001343
PLCC_train:  0.9918071204312056
RMSE_train:  0.06299769069901404
======================================================
SRCC_test:  0.5748353096179183
KRCC_test:  0.38585858585858585
PLCC_test:  0.5827992622091902
RMSE_test:  0.3604486577347709
======================================================
 -- 0.5819251537322998 seconds elapsed...


5 th repeated holdout test
3884-dim features, using SVR
======================================================
params:  {'gamma': 0.00390625, 'C': 1024.0}
SRCC_train:  0.9799650679526145
KRCC_train:  0.9010140691805667
PLCC_train:  0.9863288533589595
RMSE_train:  0.07495349344035111
======================================================
SRCC_test:  0.5172595520421607
KRCC_test:  0.3656565656565656
PLCC_test:  0.5697826447534204
RMSE_test:  0.4577121221731405
======================================================
 -- 0.603900671005249 seconds elapsed...


6 th repeated holdout test
3884-dim features, using SVR
======================================================
params:  {'gamma': 0.00390625, 'C': 32.0}
SRCC_train:  0.9855616025235646
KRCC_train:  0.9225456579808264
PLCC_train:  0.9902718665535142
RMSE_train:  0.06650441138427006
======================================================
SRCC_test:  0.66299944039393
KRCC_test:  0.4982314936228486
PLCC_test:  0.7428850583445211
RMSE_test:  0.33712032788839513
======================================================
 -- 0.6279525756835938 seconds elapsed...


7 th repeated holdout test
3884-dim features, using SVR
======================================================
params:  {'gamma': 0.00390625, 'C': 64.0}
SRCC_train:  0.984249171830623
KRCC_train:  0.9165175894288144
PLCC_train:  0.9895089888263723
RMSE_train:  0.06789978275781983
======================================================
SRCC_test:  0.5024539677945652
KRCC_test:  0.3628095460661311
PLCC_test:  0.5479666025789831
RMSE_test:  0.4476122469924337
======================================================
 -- 0.6253950595855713 seconds elapsed...


8 th repeated holdout test
3884-dim features, using SVR
======================================================
params:  {'gamma': 0.0078125, 'C': 4.0}
SRCC_train:  0.9841481901769678
KRCC_train:  0.919463796020925
PLCC_train:  0.990933354156055
RMSE_train:  0.06558635796716684
======================================================
SRCC_test:  0.6476052454926066
KRCC_test:  0.48129448263282637
PLCC_test:  0.672365813877372
RMSE_test:  0.345478170339419
======================================================
 -- 0.5972380638122559 seconds elapsed...


9 th repeated holdout test
3884-dim features, using SVR
======================================================
params:  {'gamma': 0.00390625, 'C': 16.0}
SRCC_train:  0.982034380814323
KRCC_train:  0.9108320897652731
PLCC_train:  0.9891578953907771
RMSE_train:  0.07215812040910491
======================================================
SRCC_test:  0.6645805201404974
KRCC_test:  0.4982314936228486
PLCC_test:  0.653933904120247
RMSE_test:  0.32597320052980433
======================================================
 -- 0.6144540309906006 seconds elapsed...


10 th repeated holdout test
3884-dim features, using SVR
======================================================
params:  {'gamma': 0.03125, 'C': 2.0}
SRCC_train:  0.9949819663905008
KRCC_train:  0.9686637459398124
PLCC_train:  0.9933722230780817
RMSE_train:  0.05393626131095303
======================================================
SRCC_test:  0.5749670619235836
KRCC_test:  0.3919191919191919
PLCC_test:  0.500779146008031
RMSE_test:  0.46303921043932034
======================================================
 -- 0.6106629371643066 seconds elapsed...


11 th repeated holdout test
3884-dim features, using SVR
======================================================
params:  {'gamma': 0.0078125, 'C': 2.0}
SRCC_train:  0.9895559582283127
KRCC_train:  0.9426132023272933
PLCC_train:  0.9913828603544974
RMSE_train:  0.06549674271011859
======================================================
SRCC_test:  0.6599472990777338
KRCC_test:  0.4606060606060605
PLCC_test:  0.610592008935311
RMSE_test:  0.32632546053477013
======================================================
 -- 0.6531047821044922 seconds elapsed...


12 th repeated holdout test
3884-dim features, using SVR
======================================================
params:  {'gamma': 0.03125, 'C': 32.0}
SRCC_train:  0.9909065610633632
KRCC_train:  0.9560440239004676
PLCC_train:  0.9925498874157896
RMSE_train:  0.05654911336139921
======================================================
SRCC_test:  0.36997266069677176
KRCC_test:  0.27185450666236566
PLCC_test:  0.30526489266916873
RMSE_test:  0.5221152040522095
======================================================
 -- 0.6168830394744873 seconds elapsed...


13 th repeated holdout test
3884-dim features, using SVR
======================================================
params:  {'gamma': 0.00390625, 'C': 128.0}
SRCC_train:  0.9827651863965128
KRCC_train:  0.9127268448832254
PLCC_train:  0.989348397376742
RMSE_train:  0.07004647537178296
======================================================
SRCC_test:  0.5482213438735177
KRCC_test:  0.4101010101010101
PLCC_test:  0.5587892926364209
RMSE_test:  0.4100108269034217
======================================================
 -- 0.5849928855895996 seconds elapsed...


14 th repeated holdout test
3884-dim features, using SVR
======================================================
params:  {'gamma': 0.0078125, 'C': 4.0}
SRCC_train:  0.9854266599148267
KRCC_train:  0.9293608394723608
PLCC_train:  0.9898145898347113
RMSE_train:  0.06553354130515199
======================================================
SRCC_test:  0.6275569027417107
KRCC_test:  0.46184947786134234
PLCC_test:  0.5537953366535433
RMSE_test:  0.46637613885223456
======================================================
 -- 0.6684722900390625 seconds elapsed...


15 th repeated holdout test
3884-dim features, using SVR
======================================================
params:  {'gamma': 0.00390625, 'C': 4.0}
SRCC_train:  0.9830596602469889
KRCC_train:  0.9138803094373092
PLCC_train:  0.9874249831269417
RMSE_train:  0.07513552534293567
======================================================
SRCC_test:  0.7058203501967971
KRCC_test:  0.5346135093843547
PLCC_test:  0.7176337781862088
RMSE_test:  0.35805959895989453
======================================================
 -- 0.6127347946166992 seconds elapsed...


16 th repeated holdout test
3884-dim features, using SVR
======================================================
params:  {'gamma': 0.00390625, 'C': 256.0}
SRCC_train:  0.9784721419583032
KRCC_train:  0.9053405456552924
PLCC_train:  0.9887153959599547
RMSE_train:  0.07234955556151884
======================================================
SRCC_test:  0.547562582345191
KRCC_test:  0.3818181818181818
PLCC_test:  0.5533929411513158
RMSE_test:  0.4037369287264121
======================================================
 -- 0.61246657371521 seconds elapsed...


17 th repeated holdout test
3884-dim features, using SVR
======================================================
params:  {'gamma': 0.00390625, 'C': 16.0}
SRCC_train:  0.9829063853041461
KRCC_train:  0.9110832671771353
PLCC_train:  0.9889028327229936
RMSE_train:  0.0726923177709425
======================================================
SRCC_test:  0.4857707509881422
KRCC_test:  0.3313131313131313
PLCC_test:  0.6020625708065348
RMSE_test:  0.3642941122085718
======================================================
 -- 0.6175336837768555 seconds elapsed...


18 th repeated holdout test
3884-dim features, using SVR
======================================================
params:  {'gamma': 0.00390625, 'C': 8.0}
SRCC_train:  0.9809625937122559
KRCC_train:  0.9117795250306162
PLCC_train:  0.9880244358265378
RMSE_train:  0.07198067058029103
======================================================
SRCC_test:  0.6218913669831776
KRCC_test:  0.455785808567758
PLCC_test:  0.5736418418565925
RMSE_test:  0.4452041019393142
======================================================
 -- 0.6191232204437256 seconds elapsed...


19 th repeated holdout test
3884-dim features, using SVR
======================================================
params:  {'gamma': 0.00390625, 'C': 256.0}
SRCC_train:  0.9818283202956933
KRCC_train:  0.9109346422070844
PLCC_train:  0.9880790448571019
RMSE_train:  0.07543757863186482
======================================================
SRCC_test:  0.3334650856389986
KRCC_test:  0.2525252525252525
PLCC_test:  0.40843505151717907
RMSE_test:  0.3774486094888741
======================================================
 -- 0.6197524070739746 seconds elapsed...


======================================================
Average training results among all repeated 80-20 holdouts:
SRCC Train: 0.9844660313177003 (std: 0.003828939612967158)
KRCC Train: 0.9214877918052549 (std: 0.01696421120683292)
PLCC Train: 0.9895906805187117 (std: 0.0017446993031269412)
RMSE Train: 0.06880578000895758 (std: 0.005966957984342101)
======================================================
Average testing results among all repeated 80-20 holdouts:
SRCC Test: 0.5678558791691853 (std: 0.09735186850297098)
KRCC Test: 0.4104311062897008 (std: 0.07522077782461219)
PLCC Test: 0.5803197533781785 (std: 0.10278966128314826)
RMSE Test: 0.39308386851044413 (std: 0.0572174792308291)



Overall 12.68756914138794 secs lapsed..
