Namespace(color_only=False, dataset_name='YOUTUBE_UGC_480P', feature_file='/mnt/storage/home/um20242/scratch/RAPIQUE-main/feat_files/YOUTUBE_UGC_480P_RAPIQUE_feats.mat', log_file='/mnt/storage/home/um20242/scratch/RAPIQUE-main/logs/YOUTUBE_UGC_480P_RAPIQUE_SVR.log', log_short=False, max_thread_count=4, model_name='RAPIQUE', mos_file='/mnt/storage/home/um20242/scratch/RAPIQUE-main/mos_files/YOUTUBE_UGC_480P_metadata.csv', num_iterations=20, out_file='/mnt/storage/home/um20242/scratch/RAPIQUE-main/result/YOUTUBE_UGC_480P_RAPIQUE_SVR_corr.mat', use_parallel=False)
1 th repeated holdout test
3884-dim features, using SVR
======================================================
params:  {'gamma': 0.03125, 'C': 32.0}
SRCC_train:  0.9992843865379051
KRCC_train:  0.9852267934974782
PLCC_train:  0.9999833973029653
RMSE_train:  0.053214054287086456
======================================================
SRCC_test:  -0.18518592046804042
KRCC_test:  -0.1329343424803006
PLCC_test:  0.4042639015971376
RMSE_test:  9.676007481029915
======================================================
 -- 2.9233717918395996 seconds elapsed...


2 th repeated holdout test
3884-dim features, using SVR
======================================================
params:  {'gamma': 1.0, 'C': 8.0}
SRCC_train:  0.9911689337090859
KRCC_train:  0.9501959929976567
PLCC_train:  0.9477846317247817
RMSE_train:  2.9784448549152334
======================================================
SRCC_test:  0.0
KRCC_test:  0.0
PLCC_test:  0.022324667463799824
RMSE_test:  10.082972278438936
======================================================
 -- 1.271528959274292 seconds elapsed...


3 th repeated holdout test
3884-dim features, using SVR
======================================================
params:  {'gamma': 1.0, 'C': 512.0}
SRCC_train:  0.9995284960983271
KRCC_train:  0.9911696120283874
PLCC_train:  0.9999863468905469
RMSE_train:  0.049527635236371506
======================================================
SRCC_test:  -0.10851338168897216
KRCC_test:  -0.08964697258843127
PLCC_test:  0.11303491053424429
RMSE_test:  9.6961438913498
======================================================
 -- 1.216733694076538 seconds elapsed...


4 th repeated holdout test
3884-dim features, using SVR
======================================================
params:  {'gamma': 0.25, 'C': 256.0}
SRCC_train:  0.9993335399274174
KRCC_train:  0.9855545796440522
PLCC_train:  0.9999853202612822
RMSE_train:  0.05047086297185502
======================================================
SRCC_test:  0.3082021095627852
KRCC_test:  0.23333789075851877
PLCC_test:  0.1984815992666124
RMSE_test:  9.874198120876622
======================================================
 -- 1.1164641380310059 seconds elapsed...


5 th repeated holdout test
3884-dim features, using SVR
======================================================
params:  {'gamma': 0.0625, 'C': 32.0}
SRCC_train:  0.9992977922475493
KRCC_train:  0.9853797739350424
PLCC_train:  0.9999869464871949
RMSE_train:  0.04907581616849369
======================================================
SRCC_test:  -0.16377171235946994
KRCC_test:  -0.11472616019222445
PLCC_test:  0.21679325422945686
RMSE_test:  8.972041366558704
======================================================
 -- 1.0667176246643066 seconds elapsed...


6 th repeated holdout test
3884-dim features, using SVR
======================================================
params:  {'gamma': 2.0, 'C': 128.0}
SRCC_train:  0.9994644641204538
KRCC_train:  0.9901066589543281
PLCC_train:  0.9999862549133005
RMSE_train:  0.04982036520287171
======================================================
SRCC_test:  nan
KRCC_test:  nan
PLCC_test:  nan
RMSE_test:  9.581214402230298
======================================================
 -- 1.0964365005493164 seconds elapsed...


7 th repeated holdout test
3884-dim features, using SVR
======================================================
params:  {'gamma': 0.5, 'C': 16.0}
SRCC_train:  0.9990724058460877
KRCC_train:  0.9832117079817003
PLCC_train:  0.991988405301562
RMSE_train:  1.2430735451478918
======================================================
SRCC_test:  0.14991552727149451
KRCC_test:  0.11198885235585224
PLCC_test:  0.0021248539437017057
RMSE_test:  8.150953756341785
======================================================
 -- 1.2586820125579834 seconds elapsed...


8 th repeated holdout test
3884-dim features, using SVR
======================================================
params:  {'gamma': 0.03125, 'C': 512.0}
SRCC_train:  0.9993246031273341
KRCC_train:  0.9854234782693923
PLCC_train:  0.9999848835273913
RMSE_train:  0.05139192570895293
======================================================
SRCC_test:  -0.017979643190477228
KRCC_test:  -0.010211633633727662
PLCC_test:  0.19252705184760277
RMSE_test:  9.982504175325428
======================================================
 -- 1.089324951171875 seconds elapsed...


9 th repeated holdout test
3884-dim features, using SVR
======================================================
params:  {'gamma': 1.0, 'C': 8.0}
SRCC_train:  0.9924854957516202
KRCC_train:  0.9542951697198871
PLCC_train:  0.9449533731014725
RMSE_train:  3.03289793966866
======================================================
SRCC_test:  -0.15018791095796316
KRCC_test:  -0.1252093897520895
PLCC_test:  -0.11981668186414837
RMSE_test:  10.407625940130226
======================================================
 -- 1.2001373767852783 seconds elapsed...


10 th repeated holdout test
3884-dim features, using SVR
======================================================
params:  {'gamma': 0.25, 'C': 2.0}
SRCC_train:  0.8723145556955431
KRCC_train:  0.6823184018530383
PLCC_train:  0.8533793941083527
RMSE_train:  4.954360003788338
======================================================
SRCC_test:  0.059602177621997744
KRCC_test:  0.03928482965227218
PLCC_test:  0.12098508712685133
RMSE_test:  9.52093210624122
======================================================
 -- 1.1557443141937256 seconds elapsed...


11 th repeated holdout test
3884-dim features, using SVR
======================================================
params:  {'gamma': 0.125, 'C': 32.0}
SRCC_train:  0.9993621371506388
KRCC_train:  0.9857730431893161
PLCC_train:  0.999986486984848
RMSE_train:  0.04843947157137159
======================================================
SRCC_test:  0.2031426582737365
KRCC_test:  0.14287329768506482
PLCC_test:  0.11333084687750712
RMSE_test:  10.216593751284618
======================================================
 -- 1.1186037063598633 seconds elapsed...


12 th repeated holdout test
3884-dim features, using SVR
======================================================
params:  {'gamma': 2.0, 'C': 512.0}
SRCC_train:  0.9994668755103109
KRCC_train:  0.9896815624404178
PLCC_train:  0.9999868524024043
RMSE_train:  0.04867195412277187
======================================================
SRCC_test:  0.0471959425924924
KRCC_test:  0.03936512716893966
PLCC_test:  0.025018129119130546
RMSE_test:  9.395268703619879
======================================================
 -- 1.0713517665863037 seconds elapsed...


13 th repeated holdout test
3884-dim features, using SVR
======================================================
params:  {'gamma': 0.5, 'C': 4.0}
SRCC_train:  0.9460451282774386
KRCC_train:  0.8339821725170615
PLCC_train:  0.889373272738879
RMSE_train:  4.330109478285709
======================================================
SRCC_test:  0.024324731381335576
KRCC_test:  0.01976539194310643
PLCC_test:  0.0530584098462492
RMSE_test:  9.723618614597916
======================================================
 -- 1.2030587196350098 seconds elapsed...


14 th repeated holdout test
3884-dim features, using SVR
======================================================
params:  {'gamma': 1.0, 'C': 64.0}
SRCC_train:  0.9995023394353122
KRCC_train:  0.9900994138124908
PLCC_train:  0.9999877288468905
RMSE_train:  0.04759960485411091
======================================================
SRCC_test:  -0.1288442259962039
KRCC_test:  -0.10647274439362146
PLCC_test:  0.20870183640527437
RMSE_test:  9.174776503060922
======================================================
 -- 1.0849928855895996 seconds elapsed...


15 th repeated holdout test
3884-dim features, using SVR
======================================================
params:  {'gamma': 0.25, 'C': 64.0}
SRCC_train:  0.9994044357096143
KRCC_train:  0.9862753257016295
PLCC_train:  0.9999876355250367
RMSE_train:  0.047987998755907285
======================================================
SRCC_test:  -0.12157336190147369
KRCC_test:  -0.08820636079002313
PLCC_test:  0.1218981328865037
RMSE_test:  8.80619013909558
======================================================
 -- 1.1319851875305176 seconds elapsed...


16 th repeated holdout test
3884-dim features, using SVR
======================================================
params:  {'gamma': 0.0625, 'C': 2.0}
SRCC_train:  0.8712899990977266
KRCC_train:  0.6799461890869613
PLCC_train:  0.8428439224047466
RMSE_train:  4.979353709264975
======================================================
SRCC_test:  0.01672084766112311
KRCC_test:  0.010926300970688042
PLCC_test:  0.07992344200459793
RMSE_test:  10.48396635822259
======================================================
 -- 1.0983433723449707 seconds elapsed...


17 th repeated holdout test
3884-dim features, using SVR
======================================================
params:  {'gamma': 0.0625, 'C': 4.0}
SRCC_train:  0.9341629873554642
KRCC_train:  0.7923068729696502
PLCC_train:  0.8888849416279606
RMSE_train:  4.338076933600274
======================================================
SRCC_test:  0.10877579515184192
KRCC_test:  0.09417415088280243
PLCC_test:  0.17179001557795884
RMSE_test:  9.392811924599808
======================================================
 -- 1.1730337142944336 seconds elapsed...


18 th repeated holdout test
3884-dim features, using SVR
======================================================
params:  {'gamma': 1.0, 'C': 32.0}
SRCC_train:  0.9993096194668524
KRCC_train:  0.9874619568157239
PLCC_train:  0.9999870293624551
RMSE_train:  0.04916074834782885
======================================================
SRCC_test:  -0.012024869095920767
KRCC_test:  -0.007626850252020353
PLCC_test:  -0.10603065840629841
RMSE_test:  8.88073409223416
======================================================
 -- 1.0936405658721924 seconds elapsed...


19 th repeated holdout test
3884-dim features, using SVR
======================================================
params:  {'gamma': 1.0, 'C': 256.0}
SRCC_train:  0.9993981119350605
KRCC_train:  0.9880292549628992
PLCC_train:  0.9999869993988635
RMSE_train:  0.0488252448390749
======================================================
SRCC_test:  -0.13730721468020185
KRCC_test:  -0.11459601135827732
PLCC_test:  -0.12409290465084753
RMSE_test:  9.310546762017196
======================================================
 -- 1.0776982307434082 seconds elapsed...


======================================================
Average training results among all repeated 80-20 holdouts:
SRCC Train: 0.9789061214210392 (std: 0.04091149485063984)
KRCC Train: 0.9329704189672166 (std: 0.10142771471408327)
PLCC Train: 0.9662654643637334 (std: 0.05379242194211969)
RMSE Train: 1.3921316919335676 (std: 1.9157258819974567)
======================================================
Average testing results among all repeated 80-20 holdouts:
SRCC Test: nan (std: nan)
KRCC Test: nan (std: nan)
PLCC Test: nan (std: nan)
RMSE Test: 9.543636861434505 (std: 0.5729027027109375)



Overall 23.45120096206665 secs lapsed..
Namespace(color_only=False, dataset_name='YOUTUBE_UGC_480P', feature_file='/mnt/storage/home/um20242/scratch/RAPIQUE-main/feat_files/YOUTUBE_UGC_480P_RAPIQUE_feats.mat', log_file='/mnt/storage/home/um20242/scratch/RAPIQUE-main/logs/YOUTUBE_UGC_480P_RAPIQUE_SVR.log', log_short=False, max_thread_count=4, model_name='RAPIQUE', mos_file='/mnt/storage/home/um20242/scratch/RAPIQUE-main/mos_files/YOUTUBE_UGC_480P_metadata.csv', num_iterations=20, out_file='/mnt/storage/home/um20242/scratch/RAPIQUE-main/result/YOUTUBE_UGC_480P_RAPIQUE_SVR_corr.mat', use_parallel=False)
1 th repeated holdout test
3884-dim features, using SVR
======================================================
params:  {'gamma': 0.00390625, 'C': 256.0}
SRCC_train:  0.9824800916942155
KRCC_train:  0.9113935167234658
PLCC_train:  0.9900649557272662
RMSE_train:  0.07602539353279696
======================================================
SRCC_test:  0.5934343434343436
KRCC_test:  0.428956228956229
PLCC_test:  0.6691823220557374
RMSE_test:  0.4929939258152635
======================================================
 -- 2.8130979537963867 seconds elapsed...


2 th repeated holdout test
3884-dim features, using SVR
======================================================
params:  {'gamma': 0.0078125, 'C': 512.0}
SRCC_train:  0.9867302700826226
KRCC_train:  0.9275668484929637
PLCC_train:  0.9921772987144206
RMSE_train:  0.07003542843819217
======================================================
SRCC_test:  0.5521744621111496
KRCC_test:  0.4028292582819861
PLCC_test:  0.664391086001879
RMSE_test:  0.44096463958159
======================================================
 -- 0.9477739334106445 seconds elapsed...


3 th repeated holdout test
3884-dim features, using SVR
======================================================
params:  {'gamma': 0.00390625, 'C': 2.0}
SRCC_train:  0.9753791662063421
KRCC_train:  0.8878885479572637
PLCC_train:  0.9755115961809954
RMSE_train:  0.12820550554404897
======================================================
SRCC_test:  0.62089864545897
KRCC_test:  0.4526776949255764
PLCC_test:  0.6225151620882109
RMSE_test:  0.3908792726891925
======================================================
 -- 0.9626996517181396 seconds elapsed...


4 th repeated holdout test
3884-dim features, using SVR
======================================================
params:  {'gamma': 0.0078125, 'C': 2.0}
SRCC_train:  0.9871422868492371
KRCC_train:  0.9283022293235732
PLCC_train:  0.9907855770540972
RMSE_train:  0.07640621380361262
======================================================
SRCC_test:  0.5884559884559886
KRCC_test:  0.428956228956229
PLCC_test:  0.7555740198557422
RMSE_test:  0.38198046952212944
======================================================
 -- 0.9369580745697021 seconds elapsed...


5 th repeated holdout test
3884-dim features, using SVR
Namespace(color_only=False, dataset_name='YOUTUBE_UGC_480P', feature_file='/mnt/storage/home/um20242/scratch/RAPIQUE-main/feat_files/YOUTUBE_UGC_480P_RAPIQUE_feats.mat', log_file='/mnt/storage/home/um20242/scratch/RAPIQUE-main/logs/YOUTUBE_UGC_480P_RAPIQUE_SVR.log', log_short=False, max_thread_count=4, model_name='RAPIQUE', mos_file='/mnt/storage/home/um20242/scratch/RAPIQUE-main/mos_files/YOUTUBE_UGC_480P_metadata.csv', num_iterations=20, out_file='/mnt/storage/home/um20242/scratch/RAPIQUE-main/result/YOUTUBE_UGC_480P_RAPIQUE_SVR_corr.mat', use_parallel=False)
1 th repeated holdout test
3884-dim features, using SVR
======================================================
params:  {'gamma': 0.00390625, 'C': 4.0}
SRCC_train:  0.9819394787415316
KRCC_train:  0.9082059224216633
PLCC_train:  0.9888960983859914
RMSE_train:  0.08034965158926845
======================================================
SRCC_test:  0.5946608946608948
KRCC_test:  0.43703703703703706
PLCC_test:  0.6706812830103671
RMSE_test:  0.49209656844607624
======================================================
 -- 1.8200857639312744 seconds elapsed...


2 th repeated holdout test
3884-dim features, using SVR
======================================================
params:  {'gamma': 0.00390625, 'C': 1024.0}
SRCC_train:  0.985342418576177
KRCC_train:  0.9178315534686098
PLCC_train:  0.9908140348335186
RMSE_train:  0.07586704468160627
======================================================
SRCC_test:  0.5975216004146721
KRCC_test:  0.4257325940371492
PLCC_test:  0.7027833729630467
RMSE_test:  0.4197353848877326
======================================================
 -- 1.0127477645874023 seconds elapsed...


3 th repeated holdout test
3884-dim features, using SVR
======================================================
params:  {'gamma': 0.015625, 'C': 2.0}
SRCC_train:  0.9878329230679244
KRCC_train:  0.937601001712185
PLCC_train:  0.9941009642995575
RMSE_train:  0.06321945226096562
======================================================
SRCC_test:  0.6712242285404448
KRCC_test:  0.49309534625821716
PLCC_test:  0.6706104463128595
RMSE_test:  0.370502387273175
======================================================
 -- 0.9776957035064697 seconds elapsed...


4 th repeated holdout test
3884-dim features, using SVR
======================================================
params:  {'gamma': 0.00390625, 'C': 64.0}
SRCC_train:  0.9859872330871365
KRCC_train:  0.9203764899056558
PLCC_train:  0.9913378097585762
RMSE_train:  0.07409155231700212
======================================================
SRCC_test:  0.5940836940836942
KRCC_test:  0.4410774410774411
PLCC_test:  0.7841649950748387
RMSE_test:  0.3618564771932094
======================================================
 -- 0.9134624004364014 seconds elapsed...


5 th repeated holdout test
3884-dim features, using SVR
======================================================
params:  {'gamma': 0.015625, 'C': 8.0}
SRCC_train:  0.9872452662903993
KRCC_train:  0.9361766778374295
PLCC_train:  0.9936752503611544
RMSE_train:  0.06444810383557728
======================================================
SRCC_test:  0.5964646464646466
KRCC_test:  0.43030303030303035
PLCC_test:  0.7102930338472567
RMSE_test:  0.3813205004572019
======================================================
 -- 0.971606969833374 seconds elapsed...


6 th repeated holdout test
3884-dim features, using SVR
======================================================
params:  {'gamma': 0.00390625, 'C': 64.0}
SRCC_train:  0.9848357336028383
KRCC_train:  0.9184741997475533
PLCC_train:  0.9912821614238668
RMSE_train:  0.07664251977013181
======================================================
SRCC_test:  0.6641414141414144
KRCC_test:  0.4828282828282829
PLCC_test:  0.6842691615472845
RMSE_test:  0.37262430253637674
======================================================
 -- 0.993582010269165 seconds elapsed...


7 th repeated holdout test
3884-dim features, using SVR
======================================================
params:  {'gamma': 0.00390625, 'C': 1024.0}
SRCC_train:  0.9863316612877309
KRCC_train:  0.9215593580102952
PLCC_train:  0.9919459206895398
RMSE_train:  0.07333628689163424
======================================================
SRCC_test:  0.5915584415584417
KRCC_test:  0.42356902356902365
PLCC_test:  0.738837030835349
RMSE_test:  0.34786173750424537
======================================================
 -- 0.9222590923309326 seconds elapsed...


8 th repeated holdout test
3884-dim features, using SVR
======================================================
params:  {'gamma': 0.015625, 'C': 32.0}
SRCC_train:  0.9880603688665777
KRCC_train:  0.9386805923703233
PLCC_train:  0.9931890685606442
RMSE_train:  0.06551606040553977
======================================================
SRCC_test:  0.5460776710424977
KRCC_test:  0.4109127885485143
PLCC_test:  0.7569772593940195
RMSE_test:  0.3812013802481353
======================================================
 -- 0.9845380783081055 seconds elapsed...


9 th repeated holdout test
3884-dim features, using SVR
======================================================
params:  {'gamma': 0.00390625, 'C': 4.0}
SRCC_train:  0.9838399498983337
KRCC_train:  0.9172051654689213
PLCC_train:  0.9878302053481187
RMSE_train:  0.08536677226945698
======================================================
SRCC_test:  0.5986291486291488
KRCC_test:  0.43164983164983173
PLCC_test:  0.7076560669480985
RMSE_test:  0.4333356187200201
======================================================
 -- 1.014449119567871 seconds elapsed...


10 th repeated holdout test
3884-dim features, using SVR
======================================================
params:  {'gamma': 0.0078125, 'C': 256.0}
SRCC_train:  0.9857359536527934
KRCC_train:  0.9253204575615549
PLCC_train:  0.9922314801484327
RMSE_train:  0.07112184235411975
======================================================
SRCC_test:  0.5668831168831171
KRCC_test:  0.4114478114478115
PLCC_test:  0.6163209995671745
RMSE_test:  0.4353267578260623
======================================================
 -- 0.9484610557556152 seconds elapsed...


11 th repeated holdout test
3884-dim features, using SVR
======================================================
params:  {'gamma': 0.00390625, 'C': 64.0}
SRCC_train:  0.9849967908592037
KRCC_train:  0.9178944047441187
PLCC_train:  0.9909530792317531
RMSE_train:  0.07540424966984523
======================================================
SRCC_test:  0.6427360298565526
KRCC_test:  0.4588949828936861
PLCC_test:  0.6757617012328413
RMSE_test:  0.43572814995151066
======================================================
 -- 0.9156198501586914 seconds elapsed...


12 th repeated holdout test
3884-dim features, using SVR
======================================================
params:  {'gamma': 0.00390625, 'C': 16.0}
SRCC_train:  0.9847967401320536
KRCC_train:  0.9132420396365363
PLCC_train:  0.9911166292792482
RMSE_train:  0.07762328780354243
======================================================
SRCC_test:  0.5084146540266843
KRCC_test:  0.3637588619937668
PLCC_test:  0.5439782499490793
RMSE_test:  0.4025209394713229
======================================================
 -- 0.8820993900299072 seconds elapsed...


13 th repeated holdout test
3884-dim features, using SVR
======================================================
params:  {'gamma': 0.00390625, 'C': 8.0}
SRCC_train:  0.9850706279906115
KRCC_train:  0.9179410077217628
PLCC_train:  0.9916642634796405
RMSE_train:  0.0751338241191356
======================================================
SRCC_test:  0.7012987012987015
KRCC_test:  0.5057239057239058
PLCC_test:  0.6727140126877372
RMSE_test:  0.3736417871817203
======================================================
 -- 0.9138033390045166 seconds elapsed...


14 th repeated holdout test
3884-dim features, using SVR
======================================================
params:  {'gamma': 0.00390625, 'C': 1024.0}
SRCC_train:  0.9864581773591368
KRCC_train:  0.9207607572812473
PLCC_train:  0.9908540201264724
RMSE_train:  0.07540497467487446
======================================================
SRCC_test:  0.6461760461760463
KRCC_test:  0.4774410774410775
PLCC_test:  0.7092684599884596
RMSE_test:  0.4216210270297802
======================================================
 -- 0.9406991004943848 seconds elapsed...


15 th repeated holdout test
3884-dim features, using SVR
======================================================
params:  {'gamma': 0.00390625, 'C': 256.0}
SRCC_train:  0.9845448813563694
KRCC_train:  0.9171585304789833
PLCC_train:  0.990932132369083
RMSE_train:  0.07652176213591892
======================================================
SRCC_test:  0.6928821390561827
KRCC_test:  0.5047170957230116
PLCC_test:  0.7798643402661045
RMSE_test:  0.3516243486341562
======================================================
 -- 0.9184005260467529 seconds elapsed...


16 th repeated holdout test
3884-dim features, using SVR
======================================================
params:  {'gamma': 0.00390625, 'C': 16.0}
SRCC_train:  0.9859524070388576
KRCC_train:  0.9233287525055909
PLCC_train:  0.9913553310229941
RMSE_train:  0.07324748701574171
======================================================
SRCC_test:  0.760489195631799
KRCC_test:  0.5747979741678623
PLCC_test:  0.8293197260020404
RMSE_test:  0.3372699841534773
======================================================
 -- 0.9159584045410156 seconds elapsed...


17 th repeated holdout test
3884-dim features, using SVR
======================================================
params:  {'gamma': 0.0078125, 'C': 2.0}
SRCC_train:  0.986789221446698
KRCC_train:  0.9263207944690939
PLCC_train:  0.990219769000976
RMSE_train:  0.07809100985007536
======================================================
SRCC_test:  0.5863742131944744
KRCC_test:  0.43246886925925604
PLCC_test:  0.7970249664350155
RMSE_test:  0.36128991477875266
======================================================
 -- 0.9299821853637695 seconds elapsed...


18 th repeated holdout test
3884-dim features, using SVR
======================================================
params:  {'gamma': 0.00390625, 'C': 1024.0}
SRCC_train:  0.9853793239845673
KRCC_train:  0.9170095347322437
PLCC_train:  0.9912567465022293
RMSE_train:  0.07553187446297002
======================================================
SRCC_test:  0.5890396136310548
KRCC_test:  0.4147000268496032
PLCC_test:  0.7104640760108443
RMSE_test:  0.3748077443693979
======================================================
 -- 0.9443964958190918 seconds elapsed...


19 th repeated holdout test
3884-dim features, using SVR
======================================================
params:  {'gamma': 0.00390625, 'C': 128.0}
SRCC_train:  0.9868999481192177
KRCC_train:  0.9237297624495467
PLCC_train:  0.9915195607666303
RMSE_train:  0.07369686972187976
======================================================
SRCC_test:  0.5704751257365103
KRCC_test:  0.40768203326091057
PLCC_test:  0.6647178460336131
RMSE_test:  0.4276484573616568
======================================================
 -- 0.9096035957336426 seconds elapsed...


======================================================
Average training results among all repeated 80-20 holdouts:
SRCC Train: 0.9856862687030609 (std: 0.0014118358754509166)
KRCC Train: 0.9220430001328059 (std: 0.007823199360810742)
PLCC Train: 0.99132497503097 (std: 0.001418410347246606)
RMSE Train: 0.07424287504364663 (std: 0.005188542626467847)
======================================================
Average testing results among all repeated 80-20 holdouts:
SRCC Test: 0.6167963460540516 (std: 0.05900744854917484)
KRCC Test: 0.448833579687864 (std: 0.04671894934236433)
PLCC Test: 0.7066161593740015 (std: 0.06480043658396992)
RMSE Test: 0.3937901825275794 (std: 0.03880511667519676)



Overall 18.833365201950073 secs lapsed..
