Namespace(color_only=False, dataset_name='YOUTUBE_UGC', feature_file='/mnt/storage/home/um20242/scratch/RAPIQUE-main/feat_files/YOUTUBE_UGC_RAPIQUE_feats.mat', log_file='/mnt/storage/home/um20242/scratch/RAPIQUE-main/logs/YOUTUBE_UGC_RAPIQUE_SVR.log', log_short=False, max_thread_count=4, model_name='RAPIQUE', mos_file='/mnt/storage/home/um20242/scratch/RAPIQUE-main/mos_files/YOUTUBE_UGC_metadata.csv', num_iterations=20, out_file='/mnt/storage/home/um20242/scratch/RAPIQUE-main/result/YOUTUBE_UGC_RAPIQUE_SVR_corr.mat', use_parallel=False)
1 th repeated holdout test
3884-dim features, using SVR
======================================================
params:  {'gamma': 0.015625, 'C': 4.0}
SRCC_train:  0.9897787442418903
KRCC_train:  0.9274288095886365
PLCC_train:  0.9918877017232121
RMSE_train:  0.08116406196300006
======================================================
SRCC_test:  0.7658862523163062
KRCC_test:  0.5770092860589197
PLCC_test:  0.7728053747470669
RMSE_test:  0.42027477589400786
======================================================
 -- 28.076634883880615 seconds elapsed...


2 th repeated holdout test
3884-dim features, using SVR
Namespace(color_only=False, dataset_name='YOUTUBE_UGC', feature_file='/mnt/storage/home/um20242/scratch/RAPIQUE-main/feat_files/YOUTUBE_UGC_RAPIQUE_feats.mat', log_file='/mnt/storage/home/um20242/scratch/RAPIQUE-main/logs/YOUTUBE_UGC_RAPIQUE_SVR.log', log_short=False, max_thread_count=4, model_name='RAPIQUE', mos_file='/mnt/storage/home/um20242/scratch/RAPIQUE-main/mos_files/YOUTUBE_UGC_metadata.csv', num_iterations=20, out_file='/mnt/storage/home/um20242/scratch/RAPIQUE-main/result/YOUTUBE_UGC_RAPIQUE_SVR_corr.mat', use_parallel=False)
1 th repeated holdout test
3884-dim features, using SVR
======================================================
params:  {'gamma': 0.0078125, 'C': 32.0}
SRCC_train:  0.9892732055785228
KRCC_train:  0.923193592264664
PLCC_train:  0.9912403240060544
RMSE_train:  0.08432672886951506
======================================================
SRCC_test:  0.774372466499105
KRCC_test:  0.5862878273422791
PLCC_test:  0.7798772138915223
RMSE_test:  0.41450644823091337
======================================================
 -- 63.870211362838745 seconds elapsed...


2 th repeated holdout test
3884-dim features, using SVR
======================================================
params:  {'gamma': 0.00390625, 'C': 4.0}
SRCC_train:  0.9578065807946444
KRCC_train:  0.8384160072658872
PLCC_train:  0.9538320619034544
RMSE_train:  0.1938169869715321
======================================================
SRCC_test:  0.7894658060840778
KRCC_test:  0.5925086675208951
PLCC_test:  0.7892488550047612
RMSE_test:  0.3897838132855566
======================================================
 -- 62.47493553161621 seconds elapsed...


3 th repeated holdout test
3884-dim features, using SVR
======================================================
params:  {'gamma': 0.00390625, 'C': 256.0}
SRCC_train:  0.9891374779639989
KRCC_train:  0.9200921898720585
PLCC_train:  0.9908806909770554
RMSE_train:  0.08640805350509384
======================================================
SRCC_test:  0.7770909204040685
KRCC_test:  0.5841393768859066
PLCC_test:  0.7825717855764203
RMSE_test:  0.40547548459941163
======================================================
 -- 54.10807204246521 seconds elapsed...


4 th repeated holdout test
3884-dim features, using SVR
======================================================
params:  {'gamma': 0.0078125, 'C': 512.0}
SRCC_train:  0.9899873933493408
KRCC_train:  0.9268553419176917
PLCC_train:  0.9917178997125167
RMSE_train:  0.0825339861812889
======================================================
SRCC_test:  0.7489324104206566
KRCC_test:  0.5513924061620361
PLCC_test:  0.7493146543165898
RMSE_test:  0.42786431795651014
======================================================
 -- 58.51844763755798 seconds elapsed...


5 th repeated holdout test
3884-dim features, using SVR
======================================================
params:  {'gamma': 0.0078125, 'C': 4.0}
SRCC_train:  0.9834636083056835
KRCC_train:  0.9049513959595643
PLCC_train:  0.9832584121392047
RMSE_train:  0.11708444277744823
======================================================
SRCC_test:  0.7804762015541331
KRCC_test:  0.5895655301276782
PLCC_test:  0.8042742985916431
RMSE_test:  0.38404146809614526
======================================================
 -- 56.280548334121704 seconds elapsed...


6 th repeated holdout test
3884-dim features, using SVR
======================================================
params:  {'gamma': 0.00390625, 'C': 8.0}
SRCC_train:  0.9795716317571707
KRCC_train:  0.8940445410654063
PLCC_train:  0.9795657627529053
RMSE_train:  0.13007596756639983
======================================================
SRCC_test:  0.8114115771623119
KRCC_test:  0.615039958374833
PLCC_test:  0.8158460851452154
RMSE_test:  0.3621574588194963
======================================================
 -- 61.54632496833801 seconds elapsed...


7 th repeated holdout test
3884-dim features, using SVR
======================================================
params:  {'gamma': 0.00390625, 'C': 128.0}
SRCC_train:  0.9894236613258715
KRCC_train:  0.9216502170732367
PLCC_train:  0.9910141711009657
RMSE_train:  0.08673664315270921
======================================================
SRCC_test:  0.7528913382509491
KRCC_test:  0.5598587455480047
PLCC_test:  0.7588731029715639
RMSE_test:  0.40468244975139395
======================================================
 -- 58.617555379867554 seconds elapsed...


8 th repeated holdout test
3884-dim features, using SVR
======================================================
params:  {'gamma': 0.00390625, 'C': 4.0}
SRCC_train:  0.9573222367118298
KRCC_train:  0.8364053637217069
PLCC_train:  0.9519810053588007
RMSE_train:  0.19707913463063667
======================================================
SRCC_test:  0.7964324037429267
KRCC_test:  0.6042172060168671
PLCC_test:  0.8169870908841037
RMSE_test:  0.36969545501685863
======================================================
 -- 57.67905330657959 seconds elapsed...


9 th repeated holdout test
3884-dim features, using SVR
======================================================
params:  {'gamma': 0.00390625, 'C': 4.0}
SRCC_train:  0.9598689181927951
KRCC_train:  0.8435722405505586
PLCC_train:  0.9553518039025921
RMSE_train:  0.18761118685096184
======================================================
SRCC_test:  0.8095171369536112
KRCC_test:  0.6048105764874158
PLCC_test:  0.8010266670034156
RMSE_test:  0.4027850324992845
======================================================
 -- 59.67554783821106 seconds elapsed...


10 th repeated holdout test
3884-dim features, using SVR
======================================================
params:  {'gamma': 0.00390625, 'C': 8.0}
SRCC_train:  0.9811106749445461
KRCC_train:  0.8947980370177127
PLCC_train:  0.9799671308755261
RMSE_train:  0.13095699706236696
======================================================
SRCC_test:  0.752887205121745
KRCC_test:  0.5537983301970832
PLCC_test:  0.7579986051552696
RMSE_test:  0.3799786936085418
======================================================
 -- 59.964109897613525 seconds elapsed...


11 th repeated holdout test
3884-dim features, using SVR
======================================================
params:  {'gamma': 0.125, 'C': 64.0}
SRCC_train:  0.9974198744996687
KRCC_train:  0.9803613308048463
PLCC_train:  0.9970134470016363
RMSE_train:  0.04988329796126118
======================================================
SRCC_test:  0.5556504936171901
KRCC_test:  0.38713759225083294
PLCC_test:  0.5334116622703227
RMSE_test:  0.535145162826428
======================================================
 -- 63.82163596153259 seconds elapsed...


12 th repeated holdout test
3884-dim features, using SVR
======================================================
params:  {'gamma': 0.00390625, 'C': 256.0}
SRCC_train:  0.9897581722784417
KRCC_train:  0.9226601770345372
PLCC_train:  0.9912947743002439
RMSE_train:  0.08452862203049098
======================================================
SRCC_test:  0.7868516453723603
KRCC_test:  0.5922568163409174
PLCC_test:  0.8121223282025665
RMSE_test:  0.3783807311934193
======================================================
 -- 61.00395750999451 seconds elapsed...


13 th repeated holdout test
3884-dim features, using SVR
======================================================
params:  {'gamma': 0.0078125, 'C': 2.0}
SRCC_train:  0.9655546282591082
KRCC_train:  0.8603388929569887
PLCC_train:  0.9624838220114655
RMSE_train:  0.17330745712954207
======================================================
SRCC_test:  0.7875877040863015
KRCC_test:  0.5844183356937979
PLCC_test:  0.7800797442018306
RMSE_test:  0.4137915660089884
======================================================
 -- 59.16019010543823 seconds elapsed...


14 th repeated holdout test
3884-dim features, using SVR
======================================================
params:  {'gamma': 0.00390625, 'C': 16.0}
SRCC_train:  0.9883031724036081
KRCC_train:  0.9175150025423542
PLCC_train:  0.9894429947610921
RMSE_train:  0.09418327606001414
======================================================
SRCC_test:  0.7735802102747225
KRCC_test:  0.5776489394113444
PLCC_test:  0.7788586595894547
RMSE_test:  0.38480626423800207
======================================================
 -- 61.163313150405884 seconds elapsed...


15 th repeated holdout test
3884-dim features, using SVR
======================================================
params:  {'gamma': 0.00390625, 'C': 256.0}
SRCC_train:  0.9894703213645846
KRCC_train:  0.9212268832940281
PLCC_train:  0.9909472621364109
RMSE_train:  0.08576326687017348
======================================================
SRCC_test:  0.7539457640727962
KRCC_test:  0.5613494212585377
PLCC_test:  0.7524933026723251
RMSE_test:  0.43476611504833373
======================================================
 -- 59.18076181411743 seconds elapsed...


16 th repeated holdout test
3884-dim features, using SVR
======================================================
params:  {'gamma': 0.0078125, 'C': 2.0}
SRCC_train:  0.9697990371064075
KRCC_train:  0.8659259399685949
PLCC_train:  0.9624642374283994
RMSE_train:  0.17277378142196018
======================================================
SRCC_test:  0.7856555881731726
KRCC_test:  0.5880182553880559
PLCC_test:  0.7818792737120288
RMSE_test:  0.41579743951929404
======================================================
 -- 58.965166330337524 seconds elapsed...


17 th repeated holdout test
3884-dim features, using SVR
======================================================
params:  {'gamma': 0.0078125, 'C': 512.0}
SRCC_train:  0.9899712577185743
KRCC_train:  0.9245903874338475
PLCC_train:  0.9916636562141677
RMSE_train:  0.08237090096963316
======================================================
SRCC_test:  0.7874403242350402
KRCC_test:  0.5947627370991482
PLCC_test:  0.7886236108262992
RMSE_test:  0.4052659937166414
======================================================
 -- 60.97798442840576 seconds elapsed...


18 th repeated holdout test
3884-dim features, using SVR
======================================================
params:  {'gamma': 0.0078125, 'C': 8.0}
SRCC_train:  0.9896313944457164
KRCC_train:  0.92382317071223
PLCC_train:  0.9913058129494496
RMSE_train:  0.08510175685982176
======================================================
SRCC_test:  0.7583379422983302
KRCC_test:  0.556639093075359
PLCC_test:  0.7586177389581006
RMSE_test:  0.40854205706087426
======================================================
 -- 56.79495716094971 seconds elapsed...


19 th repeated holdout test
3884-dim features, using SVR
======================================================
params:  {'gamma': 0.015625, 'C': 32.0}
SRCC_train:  0.9906714601007026
KRCC_train:  0.9312340556817477
PLCC_train:  0.9925197954520946
RMSE_train:  0.07727689692846804
======================================================
SRCC_test:  0.7331639572967888
KRCC_test:  0.5410406723286688
PLCC_test:  0.7423621798482871
RMSE_test:  0.4576597115779949
======================================================
 -- 58.41002631187439 seconds elapsed...


======================================================
Average training results among all repeated 80-20 holdouts:
SRCC Train: 0.9814497214263799 (std: 0.01239633195408884)
KRCC Train: 0.9027186719546137 (std: 0.036785133411201536)
PLCC Train: 0.9809444771044229 (std: 0.014930613708111757)
RMSE Train: 0.11588523072627985 (std: 0.04523624435306769)
======================================================
Average testing results among all repeated 80-20 holdouts:
SRCC Test: 0.7639837418747519 (std: 0.053176310954806794)
KRCC Test: 0.5697310782899823 (std: 0.04740992828038104)
PLCC Test: 0.7676035188853537 (std: 0.059504984115551704)
RMSE Test: 0.40921714016074145 (std: 0.03740175184099755)



Overall 1132.2774050235748 secs lapsed..
Namespace(color_only=False, dataset_name='YOUTUBE_UGC', feature_file='/mnt/storage/home/um20242/scratch/RAPIQUE-main/feat_files/YOUTUBE_UGC_RAPIQUE_feats.mat', log_file='/mnt/storage/home/um20242/scratch/RAPIQUE-main/logs/YOUTUBE_UGC_RAPIQUE_SVR.log', log_short=False, max_thread_count=4, model_name='RAPIQUE', mos_file='/mnt/storage/home/um20242/scratch/RAPIQUE-main/mos_files/YOUTUBE_UGC_metadata.csv', num_iterations=20, out_file='/mnt/storage/home/um20242/scratch/RAPIQUE-main/result/YOUTUBE_UGC_RAPIQUE_SVR_corr.mat', use_parallel=False)
1 th repeated holdout test
3884-dim features, using SVR
======================================================
params:  {'gamma': 0.00390625, 'C': 8.0}
SRCC_train:  0.9798688299894008
KRCC_train:  0.8920948087337102
PLCC_train:  0.9795201028647287
RMSE_train:  0.12855922245774865
======================================================
SRCC_test:  0.7893845839546391
KRCC_test:  0.6037905302177072
PLCC_test:  0.7908042537655894
RMSE_test:  0.40532580340647123
======================================================
 -- 56.13340520858765 seconds elapsed...


2 th repeated holdout test
3884-dim features, using SVR
======================================================
params:  {'gamma': 0.0078125, 'C': 16.0}
SRCC_train:  0.9903477040649155
KRCC_train:  0.9265276568338263
PLCC_train:  0.9919997271555604
RMSE_train:  0.08146574228018363
======================================================
SRCC_test:  0.7778617602928021
KRCC_test:  0.5830192502992775
PLCC_test:  0.7802024996886195
RMSE_test:  0.3970539605692754
======================================================
 -- 50.987425565719604 seconds elapsed...


3 th repeated holdout test
3884-dim features, using SVR
======================================================
params:  {'gamma': 0.0078125, 'C': 8.0}
SRCC_train:  0.9890684559479755
KRCC_train:  0.9214228782964727
PLCC_train:  0.9910475815539862
RMSE_train:  0.08561732297225198
======================================================
SRCC_test:  0.7792949458683722
KRCC_test:  0.5846137726982125
PLCC_test:  0.7819050478061416
RMSE_test:  0.4060207450071404
======================================================
 -- 50.97287082672119 seconds elapsed...


4 th repeated holdout test
3884-dim features, using SVR
======================================================
params:  {'gamma': 0.00390625, 'C': 256.0}
SRCC_train:  0.9894187275720899
KRCC_train:  0.9224426916363264
PLCC_train:  0.9910357329758415
RMSE_train:  0.08585104476943875
======================================================
SRCC_test:  0.7349025988189234
KRCC_test:  0.5409544601397518
PLCC_test:  0.7339679268250497
RMSE_test:  0.4388288365817434
======================================================
 -- 50.97510814666748 seconds elapsed...


5 th repeated holdout test
3884-dim features, using SVR
======================================================
params:  {'gamma': 0.00390625, 'C': 512.0}
SRCC_train:  0.9893175655480334
KRCC_train:  0.9213825962645183
PLCC_train:  0.9907405584835668
RMSE_train:  0.08723905379205867
======================================================
SRCC_test:  0.7602275829232725
KRCC_test:  0.5738571365492394
PLCC_test:  0.7829311996854633
RMSE_test:  0.40203966849388184
======================================================
 -- 54.1960072517395 seconds elapsed...


6 th repeated holdout test
3884-dim features, using SVR
======================================================
params:  {'gamma': 0.00390625, 'C': 512.0}
SRCC_train:  0.9898181084983794
KRCC_train:  0.924151376479267
PLCC_train:  0.9914042428056412
RMSE_train:  0.08461642373426626
======================================================
SRCC_test:  0.801134576741594
KRCC_test:  0.6062363522165578
PLCC_test:  0.8034943322245149
RMSE_test:  0.37283130475653664
======================================================
 -- 53.749441385269165 seconds elapsed...


7 th repeated holdout test
3884-dim features, using SVR
======================================================
params:  {'gamma': 0.015625, 'C': 64.0}
SRCC_train:  0.9908178356023787
KRCC_train:  0.9310340578328654
PLCC_train:  0.9926430485169068
RMSE_train:  0.07851453491862569
======================================================
SRCC_test:  0.7474150934497549
KRCC_test:  0.5526374822480868
PLCC_test:  0.7473403666609058
RMSE_test:  0.4128867761351752
======================================================
 -- 50.20181846618652 seconds elapsed...


8 th repeated holdout test
3884-dim features, using SVR
======================================================
params:  {'gamma': 0.0078125, 'C': 128.0}
SRCC_train:  0.9899561188910755
KRCC_train:  0.9254316713485968
PLCC_train:  0.9917064190485235
RMSE_train:  0.08273323894990915
======================================================
SRCC_test:  0.7985887718209254
KRCC_test:  0.6102794097066193
PLCC_test:  0.8164204664616403
RMSE_test:  0.3702095797819683
======================================================
 -- 52.822165966033936 seconds elapsed...


9 th repeated holdout test
3884-dim features, using SVR
======================================================
params:  {'gamma': 0.0078125, 'C': 128.0}
SRCC_train:  0.9898222784140001
KRCC_train:  0.9244417552701087
PLCC_train:  0.9912906724289041
RMSE_train:  0.08361880593342587
======================================================
SRCC_test:  0.7896143790773447
KRCC_test:  0.5856211191031125
PLCC_test:  0.7807214669367374
RMSE_test:  0.42044759288380884
======================================================
 -- 55.63285160064697 seconds elapsed...


10 th repeated holdout test
3884-dim features, using SVR
======================================================
params:  {'gamma': 0.03125, 'C': 512.0}
SRCC_train:  0.9928328363801762
KRCC_train:  0.9464507289234536
PLCC_train:  0.9943813486880928
RMSE_train:  0.06960625739498817
======================================================
SRCC_test:  0.6744157275757001
KRCC_test:  0.4854236101337214
PLCC_test:  0.6876866898450436
RMSE_test:  0.42294335591279175
======================================================
 -- 52.73208022117615 seconds elapsed...


11 th repeated holdout test
3884-dim features, using SVR
======================================================
params:  {'gamma': 0.00390625, 'C': 8.0}
SRCC_train:  0.9791792752121297
KRCC_train:  0.8927379492768037
PLCC_train:  0.9778780210473305
RMSE_train:  0.13511118111227777
======================================================
SRCC_test:  0.7578388434745011
KRCC_test:  0.5705173949337868
PLCC_test:  0.7530070432816373
RMSE_test:  0.41630286384246695
======================================================
 -- 55.2524676322937 seconds elapsed...


12 th repeated holdout test
3884-dim features, using SVR
======================================================
params:  {'gamma': 0.00390625, 'C': 64.0}
SRCC_train:  0.9897581722784417
KRCC_train:  0.9226601770345372
PLCC_train:  0.9912947743002439
RMSE_train:  0.08452862203049098
======================================================
SRCC_test:  0.7868516453723603
KRCC_test:  0.5922568163409174
PLCC_test:  0.8121223282025665
RMSE_test:  0.3783807311934193
======================================================
 -- 54.083621978759766 seconds elapsed...


13 th repeated holdout test
3884-dim features, using SVR
======================================================
params:  {'gamma': 0.015625, 'C': 2.0}
SRCC_train:  0.987347958017415
KRCC_train:  0.919112801018447
PLCC_train:  0.9881534876875463
RMSE_train:  0.09802235299376146
======================================================
SRCC_test:  0.7725744686551131
KRCC_test:  0.5704496463315848
PLCC_test:  0.7633875563637508
RMSE_test:  0.42719087332067207
======================================================
 -- 54.32266855239868 seconds elapsed...


14 th repeated holdout test
3884-dim features, using SVR
======================================================
params:  {'gamma': 0.00390625, 'C': 256.0}
SRCC_train:  0.989798821748297
KRCC_train:  0.9225683079935892
PLCC_train:  0.9912574260759431
RMSE_train:  0.08574741480725526
======================================================
SRCC_test:  0.7673382723972756
KRCC_test:  0.5735371838652517
PLCC_test:  0.7773274002581274
RMSE_test:  0.3859700011844342
======================================================
 -- 55.069634199142456 seconds elapsed...


15 th repeated holdout test
3884-dim features, using SVR
======================================================
params:  {'gamma': 0.00390625, 'C': 16.0}
SRCC_train:  0.988176476302062
KRCC_train:  0.9170705525736953
PLCC_train:  0.9896292571540577
RMSE_train:  0.09176402978452987
======================================================
SRCC_test:  0.7587824633993709
KRCC_test:  0.5667259779953208
PLCC_test:  0.7559171802765805
RMSE_test:  0.43217003118712854
======================================================
 -- 53.27825331687927 seconds elapsed...


16 th repeated holdout test
3884-dim features, using SVR
======================================================
params:  {'gamma': 0.00390625, 'C': 2.0}
SRCC_train:  0.9293225401165932
KRCC_train:  0.7789642013260828
PLCC_train:  0.9191169774717738
RMSE_train:  0.2508035913584376
======================================================
SRCC_test:  0.7945410448338802
KRCC_test:  0.595767128856639
PLCC_test:  0.7893249586106198
RMSE_test:  0.40949194073367795
======================================================
 -- 52.46816682815552 seconds elapsed...


17 th repeated holdout test
3884-dim features, using SVR
======================================================
params:  {'gamma': 0.00390625, 'C': 8.0}
SRCC_train:  0.9794463876315398
KRCC_train:  0.8914773031248271
PLCC_train:  0.9784927012583695
RMSE_train:  0.13186762030256027
======================================================
SRCC_test:  0.7821432949064372
KRCC_test:  0.5914943755037441
PLCC_test:  0.7808763149955019
RMSE_test:  0.4117313976285837
======================================================
 -- 52.63870573043823 seconds elapsed...


18 th repeated holdout test
3884-dim features, using SVR
======================================================
params:  {'gamma': 0.0078125, 'C': 32.0}
SRCC_train:  0.9901276805138208
KRCC_train:  0.9256467037047674
PLCC_train:  0.9916831306682418
RMSE_train:  0.08324250040636139
======================================================
SRCC_test:  0.7568505172046773
KRCC_test:  0.5569553652873336
PLCC_test:  0.7568920192173352
RMSE_test:  0.409798641264181
======================================================
 -- 52.5299928188324 seconds elapsed...


19 th repeated holdout test
3884-dim features, using SVR
======================================================
params:  {'gamma': 0.0078125, 'C': 4.0}
SRCC_train:  0.9845080559961477
KRCC_train:  0.9070977469408682
PLCC_train:  0.9852411440555254
RMSE_train:  0.1083489222661264
======================================================
SRCC_test:  0.7528429704353293
KRCC_test:  0.5581738905403825
PLCC_test:  0.763681036974101
RMSE_test:  0.44098921224734805
======================================================
 -- 54.2644100189209 seconds elapsed...


======================================================
Average training results among all repeated 80-20 holdouts:
SRCC Train: 0.984680727827625 (std: 0.013623607681778959)
KRCC Train: 0.9111955770848821 (std: 0.033962429902251005)
PLCC Train: 0.9851850712758307 (std: 0.016294715764322232)
RMSE Train: 0.1019609411718262 (std: 0.039536359664820324)
======================================================
Average testing results among all repeated 80-20 holdouts:
SRCC Test: 0.7675054495369619 (std: 0.02841358786136948)
KRCC Test: 0.5738058369982761 (std: 0.027812687210563028)
PLCC Test: 0.7714742151621014 (std: 0.028878857829991802)
RMSE Test: 0.40845333242793186 (std: 0.020094139701286873)



Overall 1012.4071440696716 secs lapsed..
