Namespace(color_only=False, dataset_name='YOUTUBE_UGC_2160P', feature_file='/mnt/storage/home/um20242/scratch/RAPIQUE-main/feat_files/YOUTUBE_UGC_2160P_RAPIQUE_feats.mat', log_file='/mnt/storage/home/um20242/scratch/RAPIQUE-main/logs/YOUTUBE_UGC_2160P_RAPIQUE_SVR.log', log_short=False, max_thread_count=4, model_name='RAPIQUE', mos_file='/mnt/storage/home/um20242/scratch/RAPIQUE-main/mos_files/YOUTUBE_UGC_2160P_metadata.csv', num_iterations=20, out_file='/mnt/storage/home/um20242/scratch/RAPIQUE-main/result/YOUTUBE_UGC_2160P_RAPIQUE_SVR_corr.mat', use_parallel=False)
1 th repeated holdout test
3884-dim features, using SVR
======================================================
params:  {'gamma': 0.00390625, 'C': 64.0}
SRCC_train:  0.9780341222647339
KRCC_train:  0.9070953264571201
PLCC_train:  0.9876443454501128
RMSE_train:  0.0655245303011559
======================================================
SRCC_test:  0.6561264822134387
KRCC_test:  0.5019762845849802
PLCC_test:  0.8772019726439869
RMSE_test:  0.20256878826526623
======================================================
 -- 3.058122396469116 seconds elapsed...


2 th repeated holdout test
3884-dim features, using SVR
======================================================
params:  {'gamma': 0.00390625, 'C': 16.0}
SRCC_train:  0.9524090473110036
KRCC_train:  0.8550518098236859
PLCC_train:  0.9854512263169004
RMSE_train:  0.06834100657683528
======================================================
SRCC_test:  0.42193675889328064
KRCC_test:  0.2964426877470356
PLCC_test:  0.5348726553169693
RMSE_test:  0.38296236265904515
======================================================
 -- 0.8579885959625244 seconds elapsed...


3 th repeated holdout test
3884-dim features, using SVR
======================================================
params:  {'gamma': 0.0078125, 'C': 512.0}
SRCC_train:  0.987574960057889
KRCC_train:  0.9469283958257722
PLCC_train:  0.99205715558995
RMSE_train:  0.04895079798012898
======================================================
SRCC_test:  0.6996047430830039
KRCC_test:  0.525691699604743
PLCC_test:  0.7989395847950483
RMSE_test:  0.3103748850708417
======================================================
 -- 0.5575661659240723 seconds elapsed...


4 th repeated holdout test
3884-dim features, using SVR
======================================================
params:  {'gamma': 0.00390625, 'C': 256.0}
SRCC_train:  0.9775365000371246
KRCC_train:  0.9132254253472866
PLCC_train:  0.9875777780199284
RMSE_train:  0.0622603942983136
======================================================
SRCC_test:  0.42006425794371854
KRCC_test:  0.3326739195652302
PLCC_test:  0.7406164624045036
RMSE_test:  0.3327010318128528
======================================================
 -- 0.560157299041748 seconds elapsed...


5 th repeated holdout test
3884-dim features, using SVR
======================================================
params:  {'gamma': 0.0078125, 'C': 4.0}
SRCC_train:  0.9838678432691167
KRCC_train:  0.9315212982077072
PLCC_train:  0.9896127911839858
RMSE_train:  0.05362703723618434
======================================================
SRCC_test:  0.6828063241106719
KRCC_test:  0.5019762845849802
PLCC_test:  0.7295487919191487
RMSE_test:  0.37183100245146156
======================================================
 -- 0.604449987411499 seconds elapsed...


6 th repeated holdout test
3884-dim features, using SVR
======================================================
params:  {'gamma': 0.00390625, 'C': 64.0}
SRCC_train:  0.9770343695345783
KRCC_train:  0.9061440695560813
PLCC_train:  0.9889441760908243
RMSE_train:  0.0617766954270384
======================================================
SRCC_test:  0.47134387351778656
KRCC_test:  0.3438735177865613
PLCC_test:  0.6041341809375723
RMSE_test:  0.3407849762846759
======================================================
 -- 0.5629851818084717 seconds elapsed...


7 th repeated holdout test
3884-dim features, using SVR
======================================================
params:  {'gamma': 0.00390625, 'C': 2.0}
SRCC_train:  0.9786812491611285
KRCC_train:  0.9137481645718699
PLCC_train:  0.9634220323042619
RMSE_train:  0.11336191780343205
======================================================
SRCC_test:  0.7154150197628458
KRCC_test:  0.541501976284585
PLCC_test:  0.8394481153829012
RMSE_test:  0.21797925253182682
======================================================
 -- 0.42444324493408203 seconds elapsed...


8 th repeated holdout test
3884-dim features, using SVR
======================================================
params:  {'gamma': 0.015625, 'C': 32.0}
SRCC_train:  0.9940957104948038
KRCC_train:  0.9585677122052754
PLCC_train:  0.9924014016419174
RMSE_train:  0.05193785253946951
======================================================
SRCC_test:  0.2935507873159633
KRCC_test:  0.18217857500000703
PLCC_test:  0.2616288775420338
RMSE_test:  0.39088726897372766
======================================================
 -- 0.5764868259429932 seconds elapsed...


9 th repeated holdout test
3884-dim features, using SVR
======================================================
params:  {'gamma': 0.00390625, 'C': 16.0}
SRCC_train:  0.9537563349043963
KRCC_train:  0.8487781187702562
PLCC_train:  0.983959644409143
RMSE_train:  0.07289341132633324
======================================================
SRCC_test:  0.5424901185770752
KRCC_test:  0.40711462450592883
PLCC_test:  0.4961293239055272
RMSE_test:  0.37116888536376375
======================================================
 -- 0.5739340782165527 seconds elapsed...


10 th repeated holdout test
3884-dim features, using SVR
======================================================
params:  {'gamma': 0.0078125, 'C': 1024.0}
SRCC_train:  0.9849069232432127
KRCC_train:  0.9289076020847901
PLCC_train:  0.9919907514401664
RMSE_train:  0.05509766200945216
======================================================
SRCC_test:  0.5
KRCC_test:  0.3438735177865613
PLCC_test:  0.5937795529881412
RMSE_test:  0.2553979675068077
======================================================
 -- 0.502357006072998 seconds elapsed...


11 th repeated holdout test
3884-dim features, using SVR
======================================================
params:  {'gamma': 0.0078125, 'C': 64.0}
SRCC_train:  0.9819523518561701
KRCC_train:  0.9311024947513025
PLCC_train:  0.9916017662269002
RMSE_train:  0.05727927503909064
======================================================
SRCC_test:  0.46245059288537554
KRCC_test:  0.35968379446640314
PLCC_test:  0.5369601598041414
RMSE_test:  0.2550486146964935
======================================================
 -- 0.5610024929046631 seconds elapsed...


12 th repeated holdout test
3884-dim features, using SVR
======================================================
params:  {'gamma': 0.00390625, 'C': 32.0}
SRCC_train:  0.9739216197989681
KRCC_train:  0.897922032022122
PLCC_train:  0.9888278119217639
RMSE_train:  0.06577452211257422
======================================================
SRCC_test:  0.38142292490118584
KRCC_test:  0.2885375494071147
PLCC_test:  0.5177977617145042
RMSE_test:  0.27159165125779927
======================================================
 -- 0.4097588062286377 seconds elapsed...


13 th repeated holdout test
3884-dim features, using SVR
======================================================
params:  {'gamma': 0.015625, 'C': 64.0}
SRCC_train:  0.9971205158200879
KRCC_train:  0.975431393072717
PLCC_train:  0.9949126593320277
RMSE_train:  0.04474446817403077
======================================================
SRCC_test:  0.5856189948980076
KRCC_test:  0.4356444184782777
PLCC_test:  0.6457666608679133
RMSE_test:  0.21239601313599357
======================================================
 -- 0.6635138988494873 seconds elapsed...


14 th repeated holdout test
3884-dim features, using SVR
======================================================
params:  {'gamma': 0.00390625, 'C': 128.0}
SRCC_train:  0.9769727286543253
KRCC_train:  0.893595046088484
PLCC_train:  0.9871623829880721
RMSE_train:  0.06937805524802279
======================================================
SRCC_test:  0.5207509881422925
KRCC_test:  0.383399209486166
PLCC_test:  0.5298415477772362
RMSE_test:  0.28178433288918137
======================================================
 -- 0.6104488372802734 seconds elapsed...


15 th repeated holdout test
3884-dim features, using SVR
======================================================
params:  {'gamma': 0.00390625, 'C': 128.0}
SRCC_train:  0.981063291224822
KRCC_train:  0.9149353897799992
PLCC_train:  0.9895273969723076
RMSE_train:  0.06055220638913063
======================================================
SRCC_test:  0.4126513592741235
KRCC_test:  0.2693074586956626
PLCC_test:  0.46435371520216134
RMSE_test:  0.36855053529434617
======================================================
 -- 0.5888755321502686 seconds elapsed...


16 th repeated holdout test
3884-dim features, using SVR
======================================================
params:  {'gamma': 0.00390625, 'C': 1024.0}
SRCC_train:  0.975159162793282
KRCC_train:  0.9129867048033184
PLCC_train:  0.989972973391743
RMSE_train:  0.06206889002003429
======================================================
SRCC_test:  0.5
KRCC_test:  0.3754940711462451
PLCC_test:  0.3284032306949075
RMSE_test:  0.3024655891315678
======================================================
 -- 0.5170857906341553 seconds elapsed...


17 th repeated holdout test
3884-dim features, using SVR
======================================================
params:  {'gamma': 0.00390625, 'C': 2.0}
SRCC_train:  0.9740758353776349
KRCC_train:  0.8959750309360327
PLCC_train:  0.9561639725669383
RMSE_train:  0.11004046331614306
======================================================
SRCC_test:  0.5035829162878226
KRCC_test:  0.380198765217406
PLCC_test:  0.7472852615409071
RMSE_test:  0.34718437211137804
======================================================
 -- 0.5406482219696045 seconds elapsed...


18 th repeated holdout test
3884-dim features, using SVR
======================================================
params:  {'gamma': 0.00390625, 'C': 2.0}
SRCC_train:  0.975436217616377
KRCC_train:  0.897922032022122
PLCC_train:  0.9713836253344923
RMSE_train:  0.10219849528595079
======================================================
SRCC_test:  0.3379446640316206
KRCC_test:  0.24110671936758896
PLCC_test:  0.4177337403304396
RMSE_test:  0.33768637914896554
======================================================
 -- 0.43379759788513184 seconds elapsed...


19 th repeated holdout test
3884-dim features, using SVR
======================================================
params:  {'gamma': 0.00390625, 'C': 16.0}
SRCC_train:  0.9673965210623403
KRCC_train:  0.8885114954419774
PLCC_train:  0.9841288043087224
RMSE_train:  0.07094776945602033
======================================================
SRCC_test:  0.6996047430830039
KRCC_test:  0.5335968379446641
PLCC_test:  0.8505521887067533
RMSE_test:  0.25275591929315083
======================================================
 -- 0.537816047668457 seconds elapsed...


======================================================
Average training results among all repeated 80-20 holdouts:
SRCC Train: 0.9774208054990524 (std: 0.010813109420202697)
KRCC Train: 0.9114920811456801 (std: 0.030170800125435947)
PLCC Train: 0.9850917208152715 (std: 0.00998615500450167)
RMSE Train: 0.06825028687049163 (std: 0.01898915603895596)
======================================================
Average testing results among all repeated 80-20 holdouts:
SRCC Test: 0.5161771341537482 (std: 0.12434603223668494)
KRCC Test: 0.38127746903474424 (std: 0.1015089380334416)
PLCC Test: 0.606052304446042 (std: 0.17271786632575695)
RMSE Test: 0.3055852540989023 (std: 0.05949040536111698)



Overall 13.149831533432007 secs lapsed..
